{"timestamp":"2025-11-30T18:58:36.745+0000","rule":{"level":12,"description":"Sysmon - Suspicious Process - explorer.exe","id":"61640","mitre":{"id":["T1055"],"tactic":["Defense Evasion","Privilege Escalation"],"technique":["Process Injection"]},"firedtimes":2,"mail":true,"groups":["windows","sysmon","sysmon_process-anomalies"],"pci_dss":["10.6.1","11.4"],"gdpr":["IV_35.7.d"],"hipaa":["164.312.b"],"nist_800_53":["AU.6","SI.4"],"tsc":["CC7.2","CC7.3","CC6.1","CC6.8"]},"agent":{"id":"002","name":"Windows","ip":"192.168.178.110"},"manager":{"name":"balanced-coonhound"},"id":"1764529116.556466","full_log":"{\"win\":{\"system\":{\"providerName\":\"Microsoft-Windows-Sysmon\",\"providerGuid\":\"{5770385f-c22a-43e0-bf4c-06f5698ffbd9}\",\"eventID\":\"1\",\"version\":\"5\",\"level\":\"4\",\"task\":\"1\",\"opcode\":\"0\",\"keywords\":\"0x8000000000000000\",\"systemTime\":\"2025-11-30T18:58:33.5521636Z\",\"eventRecordID\":\"36449\",\"processID\":\"3516\",\"threadID\":\"4736\",\"channel\":\"Microsoft-Windows-Sysmon/Operational\",\"computer\":\"Windows\",\"severityValue\":\"INFORMATION\",\"message\":\"\\\"Process Create:\\r\\nRuleName: -\\r\\nUtcTime: 2025-11-30 18:58:33.540\\r\\nProcessGuid: {de4d1a0f-93d9-692c-6602-000000000d00}\\r\\nProcessId: 8448\\r\\nImage: C:\\\\Windows\\\\explorer.exe\\r\\nFileVersion: 10.0.26100.7019 (WinBuild.160101.0800)\\r\\nDescription: Windows Explorer\\r\\nProduct: Microsoft® Windows® Operating System\\r\\nCompany: Microsoft Corporation\\r\\nOriginalFileName: EXPLORER.EXE\\r\\nCommandLine: C:\\\\WINDOWS\\\\explorer.exe /factory,{75dff2b7-6936-4c06-a8bb-676a7b00b24b} -Embedding\\r\\nCurrentDirectory: C:\\\\WINDOWS\\\\system32\\\\\\r\\nUser: WINDOWS\\\\vboxuser\\r\\nLogonGuid: {de4d1a0f-8e7f-692c-d4bf-020000000000}\\r\\nLogonId: 0x2BFD4\\r\\nTerminalSessionId: 1\\r\\nIntegrityLevel: Medium\\r\\nHashes: MD5=6B488D6D4D0EBA6B5F01D9CCAA16F67C,SHA256=3D598FE7C698DAD75EC0A4ACD68E512A28505B24F1C81CB0B0E0779D4D2DED1C,IMPHASH=413B9EF19DA4F820A34BBE5ABADC1783\\r\\nParentProcessGuid: {de4d1a0f-8e76-692c-0f00-000000000d00}\\r\\nParentProcessId: 1012\\r\\nParentImage: C:\\\\Windows\\\\System32\\\\svchost.exe\\r\\nParentCommandLine: C:\\\\WINDOWS\\\\system32\\\\svchost.exe -k DcomLaunch -p\\r\\nParentUser: NT AUTHORITY\\\\SYSTEM\\\"\"},\"eventdata\":{\"utcTime\":\"2025-11-30 18:58:33.540\",\"processGuid\":\"{de4d1a0f-93d9-692c-6602-000000000d00}\",\"processId\":\"8448\",\"image\":\"C:\\\\\\\\Windows\\\\\\\\explorer.exe\",\"fileVersion\":\"10.0.26100.7019 (WinBuild.160101.0800)\",\"description\":\"Windows Explorer\",\"product\":\"Microsoft® Windows® Operating System\",\"company\":\"Microsoft Corporation\",\"originalFileName\":\"EXPLORER.EXE\",\"commandLine\":\"C:\\\\\\\\WINDOWS\\\\\\\\explorer.exe /factory,{75dff2b7-6936-4c06-a8bb-676a7b00b24b} -Embedding\",\"currentDirectory\":\"C:\\\\\\\\WINDOWS\\\\\\\\system32\\\\\\\\\",\"user\":\"WINDOWS\\\\\\\\vboxuser\",\"logonGuid\":\"{de4d1a0f-8e7f-692c-d4bf-020000000000}\",\"logonId\":\"0x2bfd4\",\"terminalSessionId\":\"1\",\"integrityLevel\":\"Medium\",\"hashes\":\"MD5=6B488D6D4D0EBA6B5F01D9CCAA16F67C,SHA256=3D598FE7C698DAD75EC0A4ACD68E512A28505B24F1C81CB0B0E0779D4D2DED1C,IMPHASH=413B9EF19DA4F820A34BBE5ABADC1783\",\"parentProcessGuid\":\"{de4d1a0f-8e76-692c-0f00-000000000d00}\",\"parentProcessId\":\"1012\",\"parentImage\":\"C:\\\\\\\\Windows\\\\\\\\System32\\\\\\\\svchost.exe\",\"parentCommandLine\":\"C:\\\\\\\\WINDOWS\\\\\\\\system32\\\\\\\\svchost.exe -k DcomLaunch -p\",\"parentUser\":\"NT AUTHORITY\\\\\\\\SYSTEM\"}}}","decoder":{"name":"windows_eventchannel"},"data":{"win":{"system":{"providerName":"Microsoft-Windows-Sysmon","providerGuid":"{5770385f-c22a-43e0-bf4c-06f5698ffbd9}","eventID":"1","version":"5","level":"4","task":"1","opcode":"0","keywords":"0x8000000000000000","systemTime":"2025-11-30T18:58:33.5521636Z","eventRecordID":"36449","processID":"3516","threadID":"4736","channel":"Microsoft-Windows-Sysmon/Operational","computer":"Windows","severityValue":"INFORMATION","message":"\"Process Create:\r\nRuleName: -\r\nUtcTime: 2025-11-30 18:58:33.540\r\nProcessGuid: {de4d1a0f-93d9-692c-6602-000000000d00}\r\nProcessId: 8448\r\nImage: C:\\Windows\\explorer.exe\r\nFileVersion: 10.0.26100.7019 (WinBuild.160101.0800)\r\nDescription: Windows Explorer\r\nProduct: Microsoft® Windows® Operating System\r\nCompany: Microsoft Corporation\r\nOriginalFileName: EXPLORER.EXE\r\nCommandLine: C:\\WINDOWS\\explorer.exe /factory,{75dff2b7-6936-4c06-a8bb-676a7b00b24b} -Embedding\r\nCurrentDirectory: C:\\WINDOWS\\system32\\\r\nUser: WINDOWS\\vboxuser\r\nLogonGuid: {de4d1a0f-8e7f-692c-d4bf-020000000000}\r\nLogonId: 0x2BFD4\r\nTerminalSessionId: 1\r\nIntegrityLevel: Medium\r\nHashes: MD5=6B488D6D4D0EBA6B5F01D9CCAA16F67C,SHA256=3D598FE7C698DAD75EC0A4ACD68E512A28505B24F1C81CB0B0E0779D4D2DED1C,IMPHASH=413B9EF19DA4F820A34BBE5ABADC1783\r\nParentProcessGuid: {de4d1a0f-8e76-692c-0f00-000000000d00}\r\nParentProcessId: 1012\r\nParentImage: C:\\Windows\\System32\\svchost.exe\r\nParentCommandLine: C:\\WINDOWS\\system32\\svchost.exe -k DcomLaunch -p\r\nParentUser: NT AUTHORITY\\SYSTEM\""},"eventdata":{"utcTime":"2025-11-30 18:58:33.540","processGuid":"{de4d1a0f-93d9-692c-6602-000000000d00}","processId":"8448","image":"C:\\\\Windows\\\\explorer.exe","fileVersion":"10.0.26100.7019 (WinBuild.160101.0800)","description":"Windows Explorer","product":"Microsoft® Windows® Operating System","company":"Microsoft Corporation","originalFileName":"EXPLORER.EXE","commandLine":"C:\\\\WINDOWS\\\\explorer.exe /factory,{75dff2b7-6936-4c06-a8bb-676a7b00b24b} -Embedding","currentDirectory":"C:\\\\WINDOWS\\\\system32\\\\","user":"WINDOWS\\\\vboxuser","logonGuid":"{de4d1a0f-8e7f-692c-d4bf-020000000000}","logonId":"0x2bfd4","terminalSessionId":"1","integrityLevel":"Medium","hashes":"MD5=6B488D6D4D0EBA6B5F01D9CCAA16F67C,SHA256=3D598FE7C698DAD75EC0A4ACD68E512A28505B24F1C81CB0B0E0779D4D2DED1C,IMPHASH=413B9EF19DA4F820A34BBE5ABADC1783","parentProcessGuid":"{de4d1a0f-8e76-692c-0f00-000000000d00}","parentProcessId":"1012","parentImage":"C:\\\\Windows\\\\System32\\\\svchost.exe","parentCommandLine":"C:\\\\WINDOWS\\\\system32\\\\svchost.exe -k DcomLaunch -p","parentUser":"NT AUTHORITY\\\\SYSTEM"}}},"location":"EventChannel"}
{"timestamp":"2025-11-30T18:59:00.740+0000","rule":{"level":12,"description":"Sysmon - Suspicious Process - explorer.exe","id":"61640","mitre":{"id":["T1055"],"tactic":["Defense Evasion","Privilege Escalation"],"technique":["Process Injection"]},"firedtimes":3,"mail":true,"groups":["windows","sysmon","sysmon_process-anomalies"],"pci_dss":["10.6.1","11.4"],"gdpr":["IV_35.7.d"],"hipaa":["164.312.b"],"nist_800_53":["AU.6","SI.4"],"tsc":["CC7.2","CC7.3","CC6.1","CC6.8"]},"agent":{"id":"002","name":"Windows","ip":"192.168.178.110"},"manager":{"name":"balanced-coonhound"},"id":"1764529140.562289","full_log":"{\"win\":{\"system\":{\"providerName\":\"Microsoft-Windows-Sysmon\",\"providerGuid\":\"{5770385f-c22a-43e0-bf4c-06f5698ffbd9}\",\"eventID\":\"1\",\"version\":\"5\",\"level\":\"4\",\"task\":\"1\",\"opcode\":\"0\",\"keywords\":\"0x8000000000000000\",\"systemTime\":\"2025-11-30T18:59:01.2715965Z\",\"eventRecordID\":\"36458\",\"processID\":\"3516\",\"threadID\":\"4736\",\"channel\":\"Microsoft-Windows-Sysmon/Operational\",\"computer\":\"Windows\",\"severityValue\":\"INFORMATION\",\"message\":\"\\\"Process Create:\\r\\nRuleName: -\\r\\nUtcTime: 2025-11-30 18:59:01.263\\r\\nProcessGuid: {de4d1a0f-93f5-692c-6902-000000000d00}\\r\\nProcessId: 4648\\r\\nImage: C:\\\\Windows\\\\explorer.exe\\r\\nFileVersion: 10.0.26100.7019 (WinBuild.160101.0800)\\r\\nDescription: Windows Explorer\\r\\nProduct: Microsoft® Windows® Operating System\\r\\nCompany: Microsoft Corporation\\r\\nOriginalFileName: EXPLORER.EXE\\r\\nCommandLine: \\\"C:\\\\WINDOWS\\\\explorer.exe\\\" .\\r\\nCurrentDirectory: C:\\\\Program Files (x86)\\\\ossec-agent\\\\\\r\\nUser: WINDOWS\\\\vboxuser\\r\\nLogonGuid: {de4d1a0f-8e7f-692c-71bf-020000000000}\\r\\nLogonId: 0x2BF71\\r\\nTerminalSessionId: 1\\r\\nIntegrityLevel: High\\r\\nHashes: MD5=6B488D6D4D0EBA6B5F01D9CCAA16F67C,SHA256=3D598FE7C698DAD75EC0A4ACD68E512A28505B24F1C81CB0B0E0779D4D2DED1C,IMPHASH=413B9EF19DA4F820A34BBE5ABADC1783\\r\\nParentProcessGuid: {de4d1a0f-9323-692c-3c02-000000000d00}\\r\\nParentProcessId: 10116\\r\\nParentImage: C:\\\\Windows\\\\System32\\\\WindowsPowerShell\\\\v1.0\\\\powershell.exe\\r\\nParentCommandLine: C:\\\\WINDOWS\\\\System32\\\\WindowsPowerShell\\\\v1.0\\\\powershell.exe\\r\\nParentUser: WINDOWS\\\\vboxuser\\\"\"},\"eventdata\":{\"utcTime\":\"2025-11-30 18:59:01.263\",\"processGuid\":\"{de4d1a0f-93f5-692c-6902-000000000d00}\",\"processId\":\"4648\",\"image\":\"C:\\\\\\\\Windows\\\\\\\\explorer.exe\",\"fileVersion\":\"10.0.26100.7019 (WinBuild.160101.0800)\",\"description\":\"Windows Explorer\",\"product\":\"Microsoft® Windows® Operating System\",\"company\":\"Microsoft Corporation\",\"originalFileName\":\"EXPLORER.EXE\",\"commandLine\":\"\\\\\\\"C:\\\\\\\\WINDOWS\\\\\\\\explorer.exe\\\\\\\" .\",\"currentDirectory\":\"C:\\\\\\\\Program Files (x86)\\\\\\\\ossec-agent\\\\\\\\\",\"user\":\"WINDOWS\\\\\\\\vboxuser\",\"logonGuid\":\"{de4d1a0f-8e7f-692c-71bf-020000000000}\",\"logonId\":\"0x2bf71\",\"terminalSessionId\":\"1\",\"integrityLevel\":\"High\",\"hashes\":\"MD5=6B488D6D4D0EBA6B5F01D9CCAA16F67C,SHA256=3D598FE7C698DAD75EC0A4ACD68E512A28505B24F1C81CB0B0E0779D4D2DED1C,IMPHASH=413B9EF19DA4F820A34BBE5ABADC1783\",\"parentProcessGuid\":\"{de4d1a0f-9323-692c-3c02-000000000d00}\",\"parentProcessId\":\"10116\",\"parentImage\":\"C:\\\\\\\\Windows\\\\\\\\System32\\\\\\\\WindowsPowerShell\\\\\\\\v1.0\\\\\\\\powershell.exe\",\"parentCommandLine\":\"C:\\\\\\\\WINDOWS\\\\\\\\System32\\\\\\\\WindowsPowerShell\\\\\\\\v1.0\\\\\\\\powershell.exe\",\"parentUser\":\"WINDOWS\\\\\\\\vboxuser\"}}}","decoder":{"name":"windows_eventchannel"},"data":{"win":{"system":{"providerName":"Microsoft-Windows-Sysmon","providerGuid":"{5770385f-c22a-43e0-bf4c-06f5698ffbd9}","eventID":"1","version":"5","level":"4","task":"1","opcode":"0","keywords":"0x8000000000000000","systemTime":"2025-11-30T18:59:01.2715965Z","eventRecordID":"36458","processID":"3516","threadID":"4736","channel":"Microsoft-Windows-Sysmon/Operational","computer":"Windows","severityValue":"INFORMATION","message":"\"Process Create:\r\nRuleName: -\r\nUtcTime: 2025-11-30 18:59:01.263\r\nProcessGuid: {de4d1a0f-93f5-692c-6902-000000000d00}\r\nProcessId: 4648\r\nImage: C:\\Windows\\explorer.exe\r\nFileVersion: 10.0.26100.7019 (WinBuild.160101.0800)\r\nDescription: Windows Explorer\r\nProduct: Microsoft® Windows® Operating System\r\nCompany: Microsoft Corporation\r\nOriginalFileName: EXPLORER.EXE\r\nCommandLine: \"C:\\WINDOWS\\explorer.exe\" .\r\nCurrentDirectory: C:\\Program Files (x86)\\ossec-agent\\\r\nUser: WINDOWS\\vboxuser\r\nLogonGuid: {de4d1a0f-8e7f-692c-71bf-020000000000}\r\nLogonId: 0x2BF71\r\nTerminalSessionId: 1\r\nIntegrityLevel: High\r\nHashes: MD5=6B488D6D4D0EBA6B5F01D9CCAA16F67C,SHA256=3D598FE7C698DAD75EC0A4ACD68E512A28505B24F1C81CB0B0E0779D4D2DED1C,IMPHASH=413B9EF19DA4F820A34BBE5ABADC1783\r\nParentProcessGuid: {de4d1a0f-9323-692c-3c02-000000000d00}\r\nParentProcessId: 10116\r\nParentImage: C:\\Windows\\System32\\WindowsPowerShell\\v1.0\\powershell.exe\r\nParentCommandLine: C:\\WINDOWS\\System32\\WindowsPowerShell\\v1.0\\powershell.exe\r\nParentUser: WINDOWS\\vboxuser\""},"eventdata":{"utcTime":"2025-11-30 18:59:01.263","processGuid":"{de4d1a0f-93f5-692c-6902-000000000d00}","processId":"4648","image":"C:\\\\Windows\\\\explorer.exe","fileVersion":"10.0.26100.7019 (WinBuild.160101.0800)","description":"Windows Explorer","product":"Microsoft® Windows® Operating System","company":"Microsoft Corporation","originalFileName":"EXPLORER.EXE","commandLine":"\\\"C:\\\\WINDOWS\\\\explorer.exe\\\" .","currentDirectory":"C:\\\\Program Files (x86)\\\\ossec-agent\\\\","user":"WINDOWS\\\\vboxuser","logonGuid":"{de4d1a0f-8e7f-692c-71bf-020000000000}","logonId":"0x2bf71","terminalSessionId":"1","integrityLevel":"High","hashes":"MD5=6B488D6D4D0EBA6B5F01D9CCAA16F67C,SHA256=3D598FE7C698DAD75EC0A4ACD68E512A28505B24F1C81CB0B0E0779D4D2DED1C,IMPHASH=413B9EF19DA4F820A34BBE5ABADC1783","parentProcessGuid":"{de4d1a0f-9323-692c-3c02-000000000d00}","parentProcessId":"10116","parentImage":"C:\\\\Windows\\\\System32\\\\WindowsPowerShell\\\\v1.0\\\\powershell.exe","parentCommandLine":"C:\\\\WINDOWS\\\\System32\\\\WindowsPowerShell\\\\v1.0\\\\powershell.exe","parentUser":"WINDOWS\\\\vboxuser"}}},"location":"EventChannel"}
{"timestamp":"2025-11-30T18:59:01.301+0000","rule":{"level":12,"description":"Sysmon - Suspicious Process - explorer.exe","id":"61640","mitre":{"id":["T1055"],"tactic":["Defense Evasion","Privilege Escalation"],"technique":["Process Injection"]},"firedtimes":4,"mail":true,"groups":["windows","sysmon","sysmon_process-anomalies"],"pci_dss":["10.6.1","11.4"],"gdpr":["IV_35.7.d"],"hipaa":["164.312.b"],"nist_800_53":["AU.6","SI.4"],"tsc":["CC7.2","CC7.3","CC6.1","CC6.8"]},"agent":{"id":"002","name":"Windows","ip":"192.168.178.110"},"manager":{"name":"balanced-coonhound"},"id":"1764529141.568106","full_log":"{\"win\":{\"system\":{\"providerName\":\"Microsoft-Windows-Sysmon\",\"providerGuid\":\"{5770385f-c22a-43e0-bf4c-06f5698ffbd9}\",\"eventID\":\"1\",\"version\":\"5\",\"level\":\"4\",\"task\":\"1\",\"opcode\":\"0\",\"keywords\":\"0x8000000000000000\",\"systemTime\":\"2025-11-30T18:59:01.3873423Z\",\"eventRecordID\":\"36459\",\"processID\":\"3516\",\"threadID\":\"4736\",\"channel\":\"Microsoft-Windows-Sysmon/Operational\",\"computer\":\"Windows\",\"severityValue\":\"INFORMATION\",\"message\":\"\\\"Process Create:\\r\\nRuleName: -\\r\\nUtcTime: 2025-11-30 18:59:01.384\\r\\nProcessGuid: {de4d1a0f-93f5-692c-6a02-000000000d00}\\r\\nProcessId: 5784\\r\\nImage: C:\\\\Windows\\\\explorer.exe\\r\\nFileVersion: 10.0.26100.7019 (WinBuild.160101.0800)\\r\\nDescription: Windows Explorer\\r\\nProduct: Microsoft® Windows® Operating System\\r\\nCompany: Microsoft Corporation\\r\\nOriginalFileName: EXPLORER.EXE\\r\\nCommandLine: C:\\\\WINDOWS\\\\explorer.exe /factory,{75dff2b7-6936-4c06-a8bb-676a7b00b24b} -Embedding\\r\\nCurrentDirectory: C:\\\\WINDOWS\\\\system32\\\\\\r\\nUser: WINDOWS\\\\vboxuser\\r\\nLogonGuid: {de4d1a0f-8e7f-692c-d4bf-020000000000}\\r\\nLogonId: 0x2BFD4\\r\\nTerminalSessionId: 1\\r\\nIntegrityLevel: Medium\\r\\nHashes: MD5=6B488D6D4D0EBA6B5F01D9CCAA16F67C,SHA256=3D598FE7C698DAD75EC0A4ACD68E512A28505B24F1C81CB0B0E0779D4D2DED1C,IMPHASH=413B9EF19DA4F820A34BBE5ABADC1783\\r\\nParentProcessGuid: {de4d1a0f-8e76-692c-0f00-000000000d00}\\r\\nParentProcessId: 1012\\r\\nParentImage: C:\\\\Windows\\\\System32\\\\svchost.exe\\r\\nParentCommandLine: C:\\\\WINDOWS\\\\system32\\\\svchost.exe -k DcomLaunch -p\\r\\nParentUser: NT AUTHORITY\\\\SYSTEM\\\"\"},\"eventdata\":{\"utcTime\":\"2025-11-30 18:59:01.384\",\"processGuid\":\"{de4d1a0f-93f5-692c-6a02-000000000d00}\",\"processId\":\"5784\",\"image\":\"C:\\\\\\\\Windows\\\\\\\\explorer.exe\",\"fileVersion\":\"10.0.26100.7019 (WinBuild.160101.0800)\",\"description\":\"Windows Explorer\",\"product\":\"Microsoft® Windows® Operating System\",\"company\":\"Microsoft Corporation\",\"originalFileName\":\"EXPLORER.EXE\",\"commandLine\":\"C:\\\\\\\\WINDOWS\\\\\\\\explorer.exe /factory,{75dff2b7-6936-4c06-a8bb-676a7b00b24b} -Embedding\",\"currentDirectory\":\"C:\\\\\\\\WINDOWS\\\\\\\\system32\\\\\\\\\",\"user\":\"WINDOWS\\\\\\\\vboxuser\",\"logonGuid\":\"{de4d1a0f-8e7f-692c-d4bf-020000000000}\",\"logonId\":\"0x2bfd4\",\"terminalSessionId\":\"1\",\"integrityLevel\":\"Medium\",\"hashes\":\"MD5=6B488D6D4D0EBA6B5F01D9CCAA16F67C,SHA256=3D598FE7C698DAD75EC0A4ACD68E512A28505B24F1C81CB0B0E0779D4D2DED1C,IMPHASH=413B9EF19DA4F820A34BBE5ABADC1783\",\"parentProcessGuid\":\"{de4d1a0f-8e76-692c-0f00-000000000d00}\",\"parentProcessId\":\"1012\",\"parentImage\":\"C:\\\\\\\\Windows\\\\\\\\System32\\\\\\\\svchost.exe\",\"parentCommandLine\":\"C:\\\\\\\\WINDOWS\\\\\\\\system32\\\\\\\\svchost.exe -k DcomLaunch -p\",\"parentUser\":\"NT AUTHORITY\\\\\\\\SYSTEM\"}}}","decoder":{"name":"windows_eventchannel"},"data":{"win":{"system":{"providerName":"Microsoft-Windows-Sysmon","providerGuid":"{5770385f-c22a-43e0-bf4c-06f5698ffbd9}","eventID":"1","version":"5","level":"4","task":"1","opcode":"0","keywords":"0x8000000000000000","systemTime":"2025-11-30T18:59:01.3873423Z","eventRecordID":"36459","processID":"3516","threadID":"4736","channel":"Microsoft-Windows-Sysmon/Operational","computer":"Windows","severityValue":"INFORMATION","message":"\"Process Create:\r\nRuleName: -\r\nUtcTime: 2025-11-30 18:59:01.384\r\nProcessGuid: {de4d1a0f-93f5-692c-6a02-000000000d00}\r\nProcessId: 5784\r\nImage: C:\\Windows\\explorer.exe\r\nFileVersion: 10.0.26100.7019 (WinBuild.160101.0800)\r\nDescription: Windows Explorer\r\nProduct: Microsoft® Windows® Operating System\r\nCompany: Microsoft Corporation\r\nOriginalFileName: EXPLORER.EXE\r\nCommandLine: C:\\WINDOWS\\explorer.exe /factory,{75dff2b7-6936-4c06-a8bb-676a7b00b24b} -Embedding\r\nCurrentDirectory: C:\\WINDOWS\\system32\\\r\nUser: WINDOWS\\vboxuser\r\nLogonGuid: {de4d1a0f-8e7f-692c-d4bf-020000000000}\r\nLogonId: 0x2BFD4\r\nTerminalSessionId: 1\r\nIntegrityLevel: Medium\r\nHashes: MD5=6B488D6D4D0EBA6B5F01D9CCAA16F67C,SHA256=3D598FE7C698DAD75EC0A4ACD68E512A28505B24F1C81CB0B0E0779D4D2DED1C,IMPHASH=413B9EF19DA4F820A34BBE5ABADC1783\r\nParentProcessGuid: {de4d1a0f-8e76-692c-0f00-000000000d00}\r\nParentProcessId: 1012\r\nParentImage: C:\\Windows\\System32\\svchost.exe\r\nParentCommandLine: C:\\WINDOWS\\system32\\svchost.exe -k DcomLaunch -p\r\nParentUser: NT AUTHORITY\\SYSTEM\""},"eventdata":{"utcTime":"2025-11-30 18:59:01.384","processGuid":"{de4d1a0f-93f5-692c-6a02-000000000d00}","processId":"5784","image":"C:\\\\Windows\\\\explorer.exe","fileVersion":"10.0.26100.7019 (WinBuild.160101.0800)","description":"Windows Explorer","product":"Microsoft® Windows® Operating System","company":"Microsoft Corporation","originalFileName":"EXPLORER.EXE","commandLine":"C:\\\\WINDOWS\\\\explorer.exe /factory,{75dff2b7-6936-4c06-a8bb-676a7b00b24b} -Embedding","currentDirectory":"C:\\\\WINDOWS\\\\system32\\\\","user":"WINDOWS\\\\vboxuser","logonGuid":"{de4d1a0f-8e7f-692c-d4bf-020000000000}","logonId":"0x2bfd4","terminalSessionId":"1","integrityLevel":"Medium","hashes":"MD5=6B488D6D4D0EBA6B5F01D9CCAA16F67C,SHA256=3D598FE7C698DAD75EC0A4ACD68E512A28505B24F1C81CB0B0E0779D4D2DED1C,IMPHASH=413B9EF19DA4F820A34BBE5ABADC1783","parentProcessGuid":"{de4d1a0f-8e76-692c-0f00-000000000d00}","parentProcessId":"1012","parentImage":"C:\\\\Windows\\\\System32\\\\svchost.exe","parentCommandLine":"C:\\\\WINDOWS\\\\system32\\\\svchost.exe -k DcomLaunch -p","parentUser":"NT AUTHORITY\\\\SYSTEM"}}},"location":"EventChannel"}
{"timestamp":"2025-11-30T18:59:02.489+0000","rule":{"level":3,"description":"Application installed Product: Neovim -- Installation completed successfully..","id":"60612","firedtimes":3,"mail":false,"groups":["windows","windows_application"]},"agent":{"id":"002","name":"Windows","ip":"192.168.178.110"},"manager":{"name":"balanced-coonhound"},"id":"1764529142.573929","decoder":{"name":"windows_eventchannel"},"data":{"win":{"system":{"providerName":"MsiInstaller","eventID":"11707","version":"0","level":"4","task":"0","opcode":"0","keywords":"0x80000000000000","systemTime":"2025-11-30T18:59:04.6023429Z","eventRecordID":"829","processID":"9696","threadID":"0","channel":"Application","computer":"Windows","severityValue":"INFORMATION","message":"\"Product: Neovim -- Installation completed successfully.\""},"eventdata":{"binary":"7B46373334444632432D444142342D344346362D413841382D3439353545393835454141417D","data":"Product: Neovim -- Installation completed successfully."}}},"location":"EventChannel"}
{"timestamp":"2025-11-30T18:59:02.592+0000","rule":{"level":3,"description":"Application installed Neovim, 0.11.5, 1033, 0, neovim.io.","id":"60612","firedtimes":4,"mail":false,"groups":["windows","windows_application"]},"agent":{"id":"002","name":"Windows","ip":"192.168.178.110"},"manager":{"name":"balanced-coonhound"},"id":"1764529142.575375","decoder":{"name":"windows_eventchannel"},"data":{"win":{"system":{"providerName":"MsiInstaller","eventID":"1033","version":"0","level":"4","task":"0","opcode":"0","keywords":"0x80000000000000","systemTime":"2025-11-30T18:59:04.6102552Z","eventRecordID":"830","processID":"9696","threadID":"0","channel":"Application","computer":"Windows","severityValue":"INFORMATION","message":"\"Windows Installer installed the product. Product Name: Neovim. Product Version: 0.11.5. Product Language: 1033. Manufacturer: neovim.io. Installation success or error status: 0.\""},"eventdata":{"binary":"7B46373334444632432D444142342D344346362D413841382D3439353545393835454141417D3030303032623932303166386666633039366466623438326632363863613034306137343030303030393034","data":"Neovim, 0.11.5, 1033, 0, neovim.io"}}},"location":"EventChannel"}
{"timestamp":"2025-11-30T18:59:26.524+0000","rule":{"level":15,"description":"Executable file dropped in folder commonly used by malware","id":"92213","mitre":{"id":["T1105"],"tactic":["Command and Control"],"technique":["Ingress Tool Transfer"]},"firedtimes":4,"mail":true,"groups":["sysmon","sysmon_eid11_detections","windows"]},"agent":{"id":"002","name":"Windows","ip":"192.168.178.110"},"manager":{"name":"balanced-coonhound"},"id":"1764529166.577176","decoder":{"name":"windows_eventchannel"},"data":{"win":{"system":{"providerName":"Microsoft-Windows-Sysmon","providerGuid":"{5770385f-c22a-43e0-bf4c-06f5698ffbd9}","eventID":"11","version":"2","level":"4","task":"11","opcode":"0","keywords":"0x8000000000000000","systemTime":"2025-11-30T18:59:28.3853347Z","eventRecordID":"36473","processID":"3516","threadID":"4736","channel":"Microsoft-Windows-Sysmon/Operational","computer":"Windows","severityValue":"INFORMATION","message":"\"File created:\r\nRuleName: EXE\r\nUtcTime: 2025-11-30 18:59:28.384\r\nProcessGuid: {de4d1a0f-9408-692c-7002-000000000d00}\r\nProcessId: 10948\r\nImage: C:\\Program Files\\Notepad++\\updater\\gup.exe\r\nTargetFilename: C:\\Users\\vboxuser\\AppData\\Local\\Temp\\npp.8.8.8.Installer.x64.exe\r\nCreationUtcTime: 2025-11-30 18:59:28.382\r\nUser: WINDOWS\\vboxuser\""},"eventdata":{"ruleName":"EXE","utcTime":"2025-11-30 18:59:28.384","processGuid":"{de4d1a0f-9408-692c-7002-000000000d00}","processId":"10948","image":"C:\\\\Program Files\\\\Notepad++\\\\updater\\\\gup.exe","targetFilename":"C:\\\\Users\\\\vboxuser\\\\AppData\\\\Local\\\\Temp\\\\npp.8.8.8.Installer.x64.exe","creationUtcTime":"2025-11-30 18:59:28.382","user":"WINDOWS\\\\vboxuser"}}},"location":"EventChannel"}
{"timestamp":"2025-11-30T18:59:33.133+0000","rule":{"level":15,"description":"Executable file dropped in folder commonly used by malware","id":"92213","mitre":{"id":["T1105"],"tactic":["Command and Control"],"technique":["Ingress Tool Transfer"]},"firedtimes":5,"mail":true,"groups":["sysmon","sysmon_eid11_detections","windows"]},"agent":{"id":"002","name":"Windows","ip":"192.168.178.110"},"manager":{"name":"balanced-coonhound"},"id":"1764529173.579879","decoder":{"name":"windows_eventchannel"},"data":{"win":{"system":{"providerName":"Microsoft-Windows-Sysmon","providerGuid":"{5770385f-c22a-43e0-bf4c-06f5698ffbd9}","eventID":"11","version":"2","level":"4","task":"11","opcode":"0","keywords":"0x8000000000000000","systemTime":"2025-11-30T18:59:34.2018466Z","eventRecordID":"36486","processID":"3516","threadID":"4736","channel":"Microsoft-Windows-Sysmon/Operational","computer":"Windows","severityValue":"INFORMATION","message":"\"File created:\r\nRuleName: DLL\r\nUtcTime: 2025-11-30 18:59:34.200\r\nProcessGuid: {de4d1a0f-9415-692c-7502-000000000d00}\r\nProcessId: 6508\r\nImage: C:\\Users\\vboxuser\\AppData\\Local\\Temp\\npp.8.8.8.Installer.x64.exe\r\nTargetFilename: C:\\Users\\vboxuser\\AppData\\Local\\Temp\\nsu43C6.tmp\\System.dll\r\nCreationUtcTime: 2025-11-30 18:59:34.200\r\nUser: WINDOWS\\vboxuser\""},"eventdata":{"ruleName":"DLL","utcTime":"2025-11-30 18:59:34.200","processGuid":"{de4d1a0f-9415-692c-7502-000000000d00}","processId":"6508","image":"C:\\\\Users\\\\vboxuser\\\\AppData\\\\Local\\\\Temp\\\\npp.8.8.8.Installer.x64.exe","targetFilename":"C:\\\\Users\\\\vboxuser\\\\AppData\\\\Local\\\\Temp\\\\nsu43C6.tmp\\\\System.dll","creationUtcTime":"2025-11-30 18:59:34.200","user":"WINDOWS\\\\vboxuser"}}},"location":"EventChannel"}
{"timestamp":"2025-11-30T18:59:34.396+0000","rule":{"level":15,"description":"Executable file dropped in folder commonly used by malware","id":"92213","mitre":{"id":["T1105"],"tactic":["Command and Control"],"technique":["Ingress Tool Transfer"]},"firedtimes":6,"mail":true,"groups":["sysmon","sysmon_eid11_detections","windows"]},"agent":{"id":"002","name":"Windows","ip":"192.168.178.110"},"manager":{"name":"balanced-coonhound"},"id":"1764529174.582661","decoder":{"name":"windows_eventchannel"},"data":{"win":{"system":{"providerName":"Microsoft-Windows-Sysmon","providerGuid":"{5770385f-c22a-43e0-bf4c-06f5698ffbd9}","eventID":"11","version":"2","level":"4","task":"11","opcode":"0","keywords":"0x8000000000000000","systemTime":"2025-11-30T18:59:35.2459639Z","eventRecordID":"36494","processID":"3516","threadID":"4736","channel":"Microsoft-Windows-Sysmon/Operational","computer":"Windows","severityValue":"INFORMATION","message":"\"File created:\r\nRuleName: DLL\r\nUtcTime: 2025-11-30 18:59:35.245\r\nProcessGuid: {de4d1a0f-9415-692c-7502-000000000d00}\r\nProcessId: 6508\r\nImage: C:\\Users\\vboxuser\\AppData\\Local\\Temp\\npp.8.8.8.Installer.x64.exe\r\nTargetFilename: C:\\Users\\vboxuser\\AppData\\Local\\Temp\\nsu43C6.tmp\\UserInfo.dll\r\nCreationUtcTime: 2025-11-30 18:59:35.245\r\nUser: WINDOWS\\vboxuser\""},"eventdata":{"ruleName":"DLL","utcTime":"2025-11-30 18:59:35.245","processGuid":"{de4d1a0f-9415-692c-7502-000000000d00}","processId":"6508","image":"C:\\\\Users\\\\vboxuser\\\\AppData\\\\Local\\\\Temp\\\\npp.8.8.8.Installer.x64.exe","targetFilename":"C:\\\\Users\\\\vboxuser\\\\AppData\\\\Local\\\\Temp\\\\nsu43C6.tmp\\\\UserInfo.dll","creationUtcTime":"2025-11-30 18:59:35.245","user":"WINDOWS\\\\vboxuser"}}},"location":"EventChannel"}
{"timestamp":"2025-11-30T18:59:35.779+0000","rule":{"level":3,"description":"Windows logon success.","id":"60106","mitre":{"id":["T1078"],"tactic":["Defense Evasion","Persistence","Privilege Escalation","Initial Access"],"technique":["Valid Accounts"]},"firedtimes":50,"mail":false,"groups":["windows","windows_security","authentication_success"],"gdpr":["IV_32.2"],"gpg13":["7.1","7.2"],"hipaa":["164.312.b"],"nist_800_53":["AC.7","AU.14"],"pci_dss":["10.2.5"],"tsc":["CC6.8","CC7.2","CC7.3"]},"agent":{"id":"002","name":"Windows","ip":"192.168.178.110"},"manager":{"name":"balanced-coonhound"},"id":"1764529175.585451","decoder":{"name":"windows_eventchannel"},"data":{"win":{"system":{"providerName":"Microsoft-Windows-Security-Auditing","providerGuid":"{54849625-5478-4994-a5ba-3e3b0328c30d}","eventID":"4624","version":"3","level":"0","task":"12544","opcode":"0","keywords":"0x8020000000000000","systemTime":"2025-11-30T18:59:36.3731661Z","eventRecordID":"20646","processID":"884","threadID":"2956","channel":"Security","computer":"Windows","severityValue":"AUDIT_SUCCESS","message":"\"An account was successfully logged on.\r\n\r\nSubject:\r\n\tSecurity ID:\t\tS-1-5-18\r\n\tAccount Name:\t\tWINDOWS$\r\n\tAccount Domain:\t\tWORKGROUP\r\n\tLogon ID:\t\t0x3E7\r\n\r\nLogon Information:\r\n\tLogon Type:\t\t5\r\n\tRestricted Admin Mode:\t-\r\n\tRemote Credential Guard:\t-\r\n\tVirtual Account:\t\tNo\r\n\tElevated Token:\t\tYes\r\n\r\nImpersonation Level:\t\tImpersonation\r\n\r\nNew Logon:\r\n\tSecurity ID:\t\tS-1-5-18\r\n\tAccount Name:\t\tSYSTEM\r\n\tAccount Domain:\t\tNT AUTHORITY\r\n\tLogon ID:\t\t0x3E7\r\n\tLinked Logon ID:\t\t0x0\r\n\tNetwork Account Name:\t-\r\n\tNetwork Account Domain:\t-\r\n\tLogon GUID:\t\t{00000000-0000-0000-0000-000000000000}\r\n\r\nProcess Information:\r\n\tProcess ID:\t\t0x360\r\n\tProcess Name:\t\tC:\\Windows\\System32\\services.exe\r\n\r\nNetwork Information:\r\n\tWorkstation Name:\t-\r\n\tSource Network Address:\t-\r\n\tSource Port:\t\t-\r\n\r\nDetailed Authentication Information:\r\n\tLogon Process:\t\tAdvapi  \r\n\tAuthentication Package:\tNegotiate\r\n\tTransited Services:\t-\r\n\tPackage Name (NTLM only):\t-\r\n\tKey Length:\t\t0\r\n\r\nThis event is generated when a logon session is created. It is generated on the computer that was accessed.\r\n\r\nThe subject fields indicate the account on the local system which requested the logon. This is most commonly a service such as the Server service, or a local process such as Winlogon.exe or Services.exe.\r\n\r\nThe logon type field indicates the kind of logon that occurred. The most common types are 2 (interactive) and 3 (network).\r\n\r\nThe New Logon fields indicate the account for whom the new logon was created, i.e. the account that was logged on.\r\n\r\nThe network fields indicate where a remote logon request originated. Workstation name is not always available and may be left blank in some cases.\r\n\r\nThe impersonation level field indicates the extent to which a process in the logon session can impersonate.\r\n\r\nThe authentication information fields provide detailed information about this specific logon request.\r\n\t- Logon GUID is a unique identifier that can be used to correlate this event with a KDC event.\r\n\t- Transited services indicate which intermediate services have participated in this logon request.\r\n\t- Package name indicates which sub-protocol was used among the NTLM protocols.\r\n\t- Key length indicates the length of the generated session key. This will be 0 if no session key was requested.\""},"eventdata":{"subjectUserSid":"S-1-5-18","subjectUserName":"WINDOWS$","subjectDomainName":"WORKGROUP","subjectLogonId":"0x3e7","targetUserSid":"S-1-5-18","targetUserName":"SYSTEM","targetDomainName":"NT AUTHORITY","targetLogonId":"0x3e7","logonType":"5","logonProcessName":"Advapi","authenticationPackageName":"Negotiate","logonGuid":"{00000000-0000-0000-0000-000000000000}","keyLength":"0","processId":"0x360","processName":"C:\\\\Windows\\\\System32\\\\services.exe","impersonationLevel":"%%1833","virtualAccount":"%%1843","targetLinkedLogonId":"0x0","elevatedToken":"%%1842"}}},"location":"EventChannel"}
{"timestamp":"2025-11-30T18:59:35.781+0000","rule":{"level":3,"description":"Windows logon success.","id":"60106","mitre":{"id":["T1078"],"tactic":["Defense Evasion","Persistence","Privilege Escalation","Initial Access"],"technique":["Valid Accounts"]},"firedtimes":51,"mail":false,"groups":["windows","windows_security","authentication_success"],"gdpr":["IV_32.2"],"gpg13":["7.1","7.2"],"hipaa":["164.312.b"],"nist_800_53":["AC.7","AU.14"],"pci_dss":["10.2.5"],"tsc":["CC6.8","CC7.2","CC7.3"]},"agent":{"id":"002","name":"Windows","ip":"192.168.178.110"},"manager":{"name":"balanced-coonhound"},"id":"1764529175.592780","decoder":{"name":"windows_eventchannel"},"data":{"win":{"system":{"providerName":"Microsoft-Windows-Security-Auditing","providerGuid":"{54849625-5478-4994-a5ba-3e3b0328c30d}","eventID":"4624","version":"3","level":"0","task":"12544","opcode":"0","keywords":"0x8020000000000000","systemTime":"2025-11-30T18:59:36.9710775Z","eventRecordID":"20648","processID":"884","threadID":"940","channel":"Security","computer":"Windows","severityValue":"AUDIT_SUCCESS","message":"\"An account was successfully logged on.\r\n\r\nSubject:\r\n\tSecurity ID:\t\tS-1-5-18\r\n\tAccount Name:\t\tWINDOWS$\r\n\tAccount Domain:\t\tWORKGROUP\r\n\tLogon ID:\t\t0x3E7\r\n\r\nLogon Information:\r\n\tLogon Type:\t\t5\r\n\tRestricted Admin Mode:\t-\r\n\tRemote Credential Guard:\t-\r\n\tVirtual Account:\t\tNo\r\n\tElevated Token:\t\tYes\r\n\r\nImpersonation Level:\t\tImpersonation\r\n\r\nNew Logon:\r\n\tSecurity ID:\t\tS-1-5-18\r\n\tAccount Name:\t\tSYSTEM\r\n\tAccount Domain:\t\tNT AUTHORITY\r\n\tLogon ID:\t\t0x3E7\r\n\tLinked Logon ID:\t\t0x0\r\n\tNetwork Account Name:\t-\r\n\tNetwork Account Domain:\t-\r\n\tLogon GUID:\t\t{00000000-0000-0000-0000-000000000000}\r\n\r\nProcess Information:\r\n\tProcess ID:\t\t0x360\r\n\tProcess Name:\t\tC:\\Windows\\System32\\services.exe\r\n\r\nNetwork Information:\r\n\tWorkstation Name:\t-\r\n\tSource Network Address:\t-\r\n\tSource Port:\t\t-\r\n\r\nDetailed Authentication Information:\r\n\tLogon Process:\t\tAdvapi  \r\n\tAuthentication Package:\tNegotiate\r\n\tTransited Services:\t-\r\n\tPackage Name (NTLM only):\t-\r\n\tKey Length:\t\t0\r\n\r\nThis event is generated when a logon session is created. It is generated on the computer that was accessed.\r\n\r\nThe subject fields indicate the account on the local system which requested the logon. This is most commonly a service such as the Server service, or a local process such as Winlogon.exe or Services.exe.\r\n\r\nThe logon type field indicates the kind of logon that occurred. The most common types are 2 (interactive) and 3 (network).\r\n\r\nThe New Logon fields indicate the account for whom the new logon was created, i.e. the account that was logged on.\r\n\r\nThe network fields indicate where a remote logon request originated. Workstation name is not always available and may be left blank in some cases.\r\n\r\nThe impersonation level field indicates the extent to which a process in the logon session can impersonate.\r\n\r\nThe authentication information fields provide detailed information about this specific logon request.\r\n\t- Logon GUID is a unique identifier that can be used to correlate this event with a KDC event.\r\n\t- Transited services indicate which intermediate services have participated in this logon request.\r\n\t- Package name indicates which sub-protocol was used among the NTLM protocols.\r\n\t- Key length indicates the length of the generated session key. This will be 0 if no session key was requested.\""},"eventdata":{"subjectUserSid":"S-1-5-18","subjectUserName":"WINDOWS$","subjectDomainName":"WORKGROUP","subjectLogonId":"0x3e7","targetUserSid":"S-1-5-18","targetUserName":"SYSTEM","targetDomainName":"NT AUTHORITY","targetLogonId":"0x3e7","logonType":"5","logonProcessName":"Advapi","authenticationPackageName":"Negotiate","logonGuid":"{00000000-0000-0000-0000-000000000000}","keyLength":"0","processId":"0x360","processName":"C:\\\\Windows\\\\System32\\\\services.exe","impersonationLevel":"%%1833","virtualAccount":"%%1843","targetLinkedLogonId":"0x0","elevatedToken":"%%1842"}}},"location":"EventChannel"}
{"timestamp":"2025-11-30T18:59:39.371+0000","rule":{"level":12,"description":"Sysmon - Suspicious Process - explorer.exe","id":"61640","mitre":{"id":["T1055"],"tactic":["Defense Evasion","Privilege Escalation"],"technique":["Process Injection"]},"firedtimes":5,"mail":true,"groups":["windows","sysmon","sysmon_process-anomalies"],"pci_dss":["10.6.1","11.4"],"gdpr":["IV_35.7.d"],"hipaa":["164.312.b"],"nist_800_53":["AU.6","SI.4"],"tsc":["CC7.2","CC7.3","CC6.1","CC6.8"]},"agent":{"id":"002","name":"Windows","ip":"192.168.178.110"},"manager":{"name":"balanced-coonhound"},"id":"1764529179.600107","full_log":"{\"win\":{\"system\":{\"providerName\":\"Microsoft-Windows-Sysmon\",\"providerGuid\":\"{5770385f-c22a-43e0-bf4c-06f5698ffbd9}\",\"eventID\":\"1\",\"version\":\"5\",\"level\":\"4\",\"task\":\"1\",\"opcode\":\"0\",\"keywords\":\"0x8000000000000000\",\"systemTime\":\"2025-11-30T18:59:39.7631215Z\",\"eventRecordID\":\"36520\",\"processID\":\"3516\",\"threadID\":\"4736\",\"channel\":\"Microsoft-Windows-Sysmon/Operational\",\"computer\":\"Windows\",\"severityValue\":\"INFORMATION\",\"message\":\"\\\"Process Create:\\r\\nRuleName: -\\r\\nUtcTime: 2025-11-30 18:59:39.756\\r\\nProcessGuid: {de4d1a0f-941b-692c-8102-000000000d00}\\r\\nProcessId: 10388\\r\\nImage: C:\\\\Windows\\\\explorer.exe\\r\\nFileVersion: 10.0.26100.7019 (WinBuild.160101.0800)\\r\\nDescription: Windows Explorer\\r\\nProduct: Microsoft® Windows® Operating System\\r\\nCompany: Microsoft Corporation\\r\\nOriginalFileName: EXPLORER.EXE\\r\\nCommandLine: \\\"C:\\\\WINDOWS\\\\explorer.exe\\\" \\\"C:\\\\Program Files\\\\Notepad++\\\\notepad++.exe\\\"\\r\\nCurrentDirectory: C:\\\\Program Files\\\\Notepad++\\\\contextMenu\\\\\\r\\nUser: WINDOWS\\\\vboxuser\\r\\nLogonGuid: {de4d1a0f-8e7f-692c-71bf-020000000000}\\r\\nLogonId: 0x2BF71\\r\\nTerminalSessionId: 1\\r\\nIntegrityLevel: High\\r\\nHashes: MD5=6B488D6D4D0EBA6B5F01D9CCAA16F67C,SHA256=3D598FE7C698DAD75EC0A4ACD68E512A28505B24F1C81CB0B0E0779D4D2DED1C,IMPHASH=413B9EF19DA4F820A34BBE5ABADC1783\\r\\nParentProcessGuid: {de4d1a0f-9415-692c-7502-000000000d00}\\r\\nParentProcessId: 6508\\r\\nParentImage: C:\\\\Users\\\\vboxuser\\\\AppData\\\\Local\\\\Temp\\\\npp.8.8.8.Installer.x64.exe\\r\\nParentCommandLine: \\\"C:\\\\Users\\\\vboxuser\\\\AppData\\\\Local\\\\Temp\\\\npp.8.8.8.Installer.x64.exe\\\" /closeRunningNpp /S /runNppAfterSilentInstall\\r\\nParentUser: WINDOWS\\\\vboxuser\\\"\"},\"eventdata\":{\"utcTime\":\"2025-11-30 18:59:39.756\",\"processGuid\":\"{de4d1a0f-941b-692c-8102-000000000d00}\",\"processId\":\"10388\",\"image\":\"C:\\\\\\\\Windows\\\\\\\\explorer.exe\",\"fileVersion\":\"10.0.26100.7019 (WinBuild.160101.0800)\",\"description\":\"Windows Explorer\",\"product\":\"Microsoft® Windows® Operating System\",\"company\":\"Microsoft Corporation\",\"originalFileName\":\"EXPLORER.EXE\",\"commandLine\":\"\\\\\\\"C:\\\\\\\\WINDOWS\\\\\\\\explorer.exe\\\\\\\" \\\\\\\"C:\\\\\\\\Program Files\\\\\\\\Notepad++\\\\\\\\notepad++.exe\\\\\\\"\",\"currentDirectory\":\"C:\\\\\\\\Program Files\\\\\\\\Notepad++\\\\\\\\contextMenu\\\\\\\\\",\"user\":\"WINDOWS\\\\\\\\vboxuser\",\"logonGuid\":\"{de4d1a0f-8e7f-692c-71bf-020000000000}\",\"logonId\":\"0x2bf71\",\"terminalSessionId\":\"1\",\"integrityLevel\":\"High\",\"hashes\":\"MD5=6B488D6D4D0EBA6B5F01D9CCAA16F67C,SHA256=3D598FE7C698DAD75EC0A4ACD68E512A28505B24F1C81CB0B0E0779D4D2DED1C,IMPHASH=413B9EF19DA4F820A34BBE5ABADC1783\",\"parentProcessGuid\":\"{de4d1a0f-9415-692c-7502-000000000d00}\",\"parentProcessId\":\"6508\",\"parentImage\":\"C:\\\\\\\\Users\\\\\\\\vboxuser\\\\\\\\AppData\\\\\\\\Local\\\\\\\\Temp\\\\\\\\npp.8.8.8.Installer.x64.exe\",\"parentCommandLine\":\"\\\\\\\"C:\\\\\\\\Users\\\\\\\\vboxuser\\\\\\\\AppData\\\\\\\\Local\\\\\\\\Temp\\\\\\\\npp.8.8.8.Installer.x64.exe\\\\\\\" /closeRunningNpp /S /runNppAfterSilentInstall\",\"parentUser\":\"WINDOWS\\\\\\\\vboxuser\"}}}","decoder":{"name":"windows_eventchannel"},"data":{"win":{"system":{"providerName":"Microsoft-Windows-Sysmon","providerGuid":"{5770385f-c22a-43e0-bf4c-06f5698ffbd9}","eventID":"1","version":"5","level":"4","task":"1","opcode":"0","keywords":"0x8000000000000000","systemTime":"2025-11-30T18:59:39.7631215Z","eventRecordID":"36520","processID":"3516","threadID":"4736","channel":"Microsoft-Windows-Sysmon/Operational","computer":"Windows","severityValue":"INFORMATION","message":"\"Process Create:\r\nRuleName: -\r\nUtcTime: 2025-11-30 18:59:39.756\r\nProcessGuid: {de4d1a0f-941b-692c-8102-000000000d00}\r\nProcessId: 10388\r\nImage: C:\\Windows\\explorer.exe\r\nFileVersion: 10.0.26100.7019 (WinBuild.160101.0800)\r\nDescription: Windows Explorer\r\nProduct: Microsoft® Windows® Operating System\r\nCompany: Microsoft Corporation\r\nOriginalFileName: EXPLORER.EXE\r\nCommandLine: \"C:\\WINDOWS\\explorer.exe\" \"C:\\Program Files\\Notepad++\\notepad++.exe\"\r\nCurrentDirectory: C:\\Program Files\\Notepad++\\contextMenu\\\r\nUser: WINDOWS\\vboxuser\r\nLogonGuid: {de4d1a0f-8e7f-692c-71bf-020000000000}\r\nLogonId: 0x2BF71\r\nTerminalSessionId: 1\r\nIntegrityLevel: High\r\nHashes: MD5=6B488D6D4D0EBA6B5F01D9CCAA16F67C,SHA256=3D598FE7C698DAD75EC0A4ACD68E512A28505B24F1C81CB0B0E0779D4D2DED1C,IMPHASH=413B9EF19DA4F820A34BBE5ABADC1783\r\nParentProcessGuid: {de4d1a0f-9415-692c-7502-000000000d00}\r\nParentProcessId: 6508\r\nParentImage: C:\\Users\\vboxuser\\AppData\\Local\\Temp\\npp.8.8.8.Installer.x64.exe\r\nParentCommandLine: \"C:\\Users\\vboxuser\\AppData\\Local\\Temp\\npp.8.8.8.Installer.x64.exe\" /closeRunningNpp /S /runNppAfterSilentInstall\r\nParentUser: WINDOWS\\vboxuser\""},"eventdata":{"utcTime":"2025-11-30 18:59:39.756","processGuid":"{de4d1a0f-941b-692c-8102-000000000d00}","processId":"10388","image":"C:\\\\Windows\\\\explorer.exe","fileVersion":"10.0.26100.7019 (WinBuild.160101.0800)","description":"Windows Explorer","product":"Microsoft® Windows® Operating System","company":"Microsoft Corporation","originalFileName":"EXPLORER.EXE","commandLine":"\\\"C:\\\\WINDOWS\\\\explorer.exe\\\" \\\"C:\\\\Program Files\\\\Notepad++\\\\notepad++.exe\\\"","currentDirectory":"C:\\\\Program Files\\\\Notepad++\\\\contextMenu\\\\","user":"WINDOWS\\\\vboxuser","logonGuid":"{de4d1a0f-8e7f-692c-71bf-020000000000}","logonId":"0x2bf71","terminalSessionId":"1","integrityLevel":"High","hashes":"MD5=6B488D6D4D0EBA6B5F01D9CCAA16F67C,SHA256=3D598FE7C698DAD75EC0A4ACD68E512A28505B24F1C81CB0B0E0779D4D2DED1C,IMPHASH=413B9EF19DA4F820A34BBE5ABADC1783","parentProcessGuid":"{de4d1a0f-9415-692c-7502-000000000d00}","parentProcessId":"6508","parentImage":"C:\\\\Users\\\\vboxuser\\\\AppData\\\\Local\\\\Temp\\\\npp.8.8.8.Installer.x64.exe","parentCommandLine":"\\\"C:\\\\Users\\\\vboxuser\\\\AppData\\\\Local\\\\Temp\\\\npp.8.8.8.Installer.x64.exe\\\" /closeRunningNpp /S /runNppAfterSilentInstall","parentUser":"WINDOWS\\\\vboxuser"}}},"location":"EventChannel"}
