{"timestamp":"2025-11-30T18:50:12.089+0000","rule":{"level":3,"description":"Windows logon success.","id":"60106","mitre":{"id":["T1078"],"tactic":["Defense Evasion","Persistence","Privilege Escalation","Initial Access"],"technique":["Valid Accounts"]},"firedtimes":43,"mail":false,"groups":["windows","windows_security","authentication_success"],"gdpr":["IV_32.2"],"gpg13":["7.1","7.2"],"hipaa":["164.312.b"],"nist_800_53":["AC.7","AU.14"],"pci_dss":["10.2.5"],"tsc":["CC6.8","CC7.2","CC7.3"]},"agent":{"id":"002","name":"Windows","ip":"192.168.178.110"},"manager":{"name":"balanced-coonhound"},"id":"1764528612.480713","decoder":{"name":"windows_eventchannel"},"data":{"win":{"system":{"providerName":"Microsoft-Windows-Security-Auditing","providerGuid":"{54849625-5478-4994-a5ba-3e3b0328c30d}","eventID":"4624","version":"3","level":"0","task":"12544","opcode":"0","keywords":"0x8020000000000000","systemTime":"2025-11-30T18:50:17.5654063Z","eventRecordID":"20598","processID":"884","threadID":"940","channel":"Security","computer":"Windows","severityValue":"AUDIT_SUCCESS","message":"\"An account was successfully logged on.\r\n\r\nSubject:\r\n\tSecurity ID:\t\tS-1-5-18\r\n\tAccount Name:\t\tWINDOWS$\r\n\tAccount Domain:\t\tWORKGROUP\r\n\tLogon ID:\t\t0x3E7\r\n\r\nLogon Information:\r\n\tLogon Type:\t\t5\r\n\tRestricted Admin Mode:\t-\r\n\tRemote Credential Guard:\t-\r\n\tVirtual Account:\t\tNo\r\n\tElevated Token:\t\tYes\r\n\r\nImpersonation Level:\t\tImpersonation\r\n\r\nNew Logon:\r\n\tSecurity ID:\t\tS-1-5-18\r\n\tAccount Name:\t\tSYSTEM\r\n\tAccount Domain:\t\tNT AUTHORITY\r\n\tLogon ID:\t\t0x3E7\r\n\tLinked Logon ID:\t\t0x0\r\n\tNetwork Account Name:\t-\r\n\tNetwork Account Domain:\t-\r\n\tLogon GUID:\t\t{00000000-0000-0000-0000-000000000000}\r\n\r\nProcess Information:\r\n\tProcess ID:\t\t0x360\r\n\tProcess Name:\t\tC:\\Windows\\System32\\services.exe\r\n\r\nNetwork Information:\r\n\tWorkstation Name:\t-\r\n\tSource Network Address:\t-\r\n\tSource Port:\t\t-\r\n\r\nDetailed Authentication Information:\r\n\tLogon Process:\t\tAdvapi  \r\n\tAuthentication Package:\tNegotiate\r\n\tTransited Services:\t-\r\n\tPackage Name (NTLM only):\t-\r\n\tKey Length:\t\t0\r\n\r\nThis event is generated when a logon session is created. It is generated on the computer that was accessed.\r\n\r\nThe subject fields indicate the account on the local system which requested the logon. This is most commonly a service such as the Server service, or a local process such as Winlogon.exe or Services.exe.\r\n\r\nThe logon type field indicates the kind of logon that occurred. The most common types are 2 (interactive) and 3 (network).\r\n\r\nThe New Logon fields indicate the account for whom the new logon was created, i.e. the account that was logged on.\r\n\r\nThe network fields indicate where a remote logon request originated. Workstation name is not always available and may be left blank in some cases.\r\n\r\nThe impersonation level field indicates the extent to which a process in the logon session can impersonate.\r\n\r\nThe authentication information fields provide detailed information about this specific logon request.\r\n\t- Logon GUID is a unique identifier that can be used to correlate this event with a KDC event.\r\n\t- Transited services indicate which intermediate services have participated in this logon request.\r\n\t- Package name indicates which sub-protocol was used among the NTLM protocols.\r\n\t- Key length indicates the length of the generated session key. This will be 0 if no session key was requested.\""},"eventdata":{"subjectUserSid":"S-1-5-18","subjectUserName":"WINDOWS$","subjectDomainName":"WORKGROUP","subjectLogonId":"0x3e7","targetUserSid":"S-1-5-18","targetUserName":"SYSTEM","targetDomainName":"NT AUTHORITY","targetLogonId":"0x3e7","logonType":"5","logonProcessName":"Advapi","authenticationPackageName":"Negotiate","logonGuid":"{00000000-0000-0000-0000-000000000000}","keyLength":"0","processId":"0x360","processName":"C:\\\\Windows\\\\System32\\\\services.exe","impersonationLevel":"%%1833","virtualAccount":"%%1843","targetLinkedLogonId":"0x0","elevatedToken":"%%1842"}}},"location":"EventChannel"}
{"timestamp":"2025-11-30T18:50:40.349+0000","rule":{"level":3,"description":"Windows logon success.","id":"60106","mitre":{"id":["T1078"],"tactic":["Defense Evasion","Persistence","Privilege Escalation","Initial Access"],"technique":["Valid Accounts"]},"firedtimes":44,"mail":false,"groups":["windows","windows_security","authentication_success"],"gdpr":["IV_32.2"],"gpg13":["7.1","7.2"],"hipaa":["164.312.b"],"nist_800_53":["AC.7","AU.14"],"pci_dss":["10.2.5"],"tsc":["CC6.8","CC7.2","CC7.3"]},"agent":{"id":"002","name":"Windows","ip":"192.168.178.110"},"manager":{"name":"balanced-coonhound"},"id":"1764528640.488040","decoder":{"name":"windows_eventchannel"},"data":{"win":{"system":{"providerName":"Microsoft-Windows-Security-Auditing","providerGuid":"{54849625-5478-4994-a5ba-3e3b0328c30d}","eventID":"4624","version":"3","level":"0","task":"12544","opcode":"0","keywords":"0x8020000000000000","systemTime":"2025-11-30T18:50:37.7162727Z","eventRecordID":"20613","processID":"884","threadID":"9856","channel":"Security","computer":"Windows","severityValue":"AUDIT_SUCCESS","message":"\"An account was successfully logged on.\r\n\r\nSubject:\r\n\tSecurity ID:\t\tS-1-5-18\r\n\tAccount Name:\t\tWINDOWS$\r\n\tAccount Domain:\t\tWORKGROUP\r\n\tLogon ID:\t\t0x3E7\r\n\r\nLogon Information:\r\n\tLogon Type:\t\t5\r\n\tRestricted Admin Mode:\t-\r\n\tRemote Credential Guard:\t-\r\n\tVirtual Account:\t\tNo\r\n\tElevated Token:\t\tYes\r\n\r\nImpersonation Level:\t\tImpersonation\r\n\r\nNew Logon:\r\n\tSecurity ID:\t\tS-1-5-18\r\n\tAccount Name:\t\tSYSTEM\r\n\tAccount Domain:\t\tNT AUTHORITY\r\n\tLogon ID:\t\t0x3E7\r\n\tLinked Logon ID:\t\t0x0\r\n\tNetwork Account Name:\t-\r\n\tNetwork Account Domain:\t-\r\n\tLogon GUID:\t\t{00000000-0000-0000-0000-000000000000}\r\n\r\nProcess Information:\r\n\tProcess ID:\t\t0x360\r\n\tProcess Name:\t\tC:\\Windows\\System32\\services.exe\r\n\r\nNetwork Information:\r\n\tWorkstation Name:\t-\r\n\tSource Network Address:\t-\r\n\tSource Port:\t\t-\r\n\r\nDetailed Authentication Information:\r\n\tLogon Process:\t\tAdvapi  \r\n\tAuthentication Package:\tNegotiate\r\n\tTransited Services:\t-\r\n\tPackage Name (NTLM only):\t-\r\n\tKey Length:\t\t0\r\n\r\nThis event is generated when a logon session is created. It is generated on the computer that was accessed.\r\n\r\nThe subject fields indicate the account on the local system which requested the logon. This is most commonly a service such as the Server service, or a local process such as Winlogon.exe or Services.exe.\r\n\r\nThe logon type field indicates the kind of logon that occurred. The most common types are 2 (interactive) and 3 (network).\r\n\r\nThe New Logon fields indicate the account for whom the new logon was created, i.e. the account that was logged on.\r\n\r\nThe network fields indicate where a remote logon request originated. Workstation name is not always available and may be left blank in some cases.\r\n\r\nThe impersonation level field indicates the extent to which a process in the logon session can impersonate.\r\n\r\nThe authentication information fields provide detailed information about this specific logon request.\r\n\t- Logon GUID is a unique identifier that can be used to correlate this event with a KDC event.\r\n\t- Transited services indicate which intermediate services have participated in this logon request.\r\n\t- Package name indicates which sub-protocol was used among the NTLM protocols.\r\n\t- Key length indicates the length of the generated session key. This will be 0 if no session key was requested.\""},"eventdata":{"subjectUserSid":"S-1-5-18","subjectUserName":"WINDOWS$","subjectDomainName":"WORKGROUP","subjectLogonId":"0x3e7","targetUserSid":"S-1-5-18","targetUserName":"SYSTEM","targetDomainName":"NT AUTHORITY","targetLogonId":"0x3e7","logonType":"5","logonProcessName":"Advapi","authenticationPackageName":"Negotiate","logonGuid":"{00000000-0000-0000-0000-000000000000}","keyLength":"0","processId":"0x360","processName":"C:\\\\Windows\\\\System32\\\\services.exe","impersonationLevel":"%%1833","virtualAccount":"%%1843","targetLinkedLogonId":"0x0","elevatedToken":"%%1842"}}},"location":"EventChannel"}
{"timestamp":"2025-11-30T18:50:58.626+0000","rule":{"level":3,"description":"Windows logon success.","id":"60106","mitre":{"id":["T1078"],"tactic":["Defense Evasion","Persistence","Privilege Escalation","Initial Access"],"technique":["Valid Accounts"]},"firedtimes":45,"mail":false,"groups":["windows","windows_security","authentication_success"],"gdpr":["IV_32.2"],"gpg13":["7.1","7.2"],"hipaa":["164.312.b"],"nist_800_53":["AC.7","AU.14"],"pci_dss":["10.2.5"],"tsc":["CC6.8","CC7.2","CC7.3"]},"agent":{"id":"002","name":"Windows","ip":"192.168.178.110"},"manager":{"name":"balanced-coonhound"},"id":"1764528658.495369","decoder":{"name":"windows_eventchannel"},"data":{"win":{"system":{"providerName":"Microsoft-Windows-Security-Auditing","providerGuid":"{54849625-5478-4994-a5ba-3e3b0328c30d}","eventID":"4624","version":"3","level":"0","task":"12544","opcode":"0","keywords":"0x8020000000000000","systemTime":"2025-11-30T18:50:50.9093873Z","eventRecordID":"20622","processID":"884","threadID":"2732","channel":"Security","computer":"Windows","severityValue":"AUDIT_SUCCESS","message":"\"An account was successfully logged on.\r\n\r\nSubject:\r\n\tSecurity ID:\t\tS-1-5-18\r\n\tAccount Name:\t\tWINDOWS$\r\n\tAccount Domain:\t\tWORKGROUP\r\n\tLogon ID:\t\t0x3E7\r\n\r\nLogon Information:\r\n\tLogon Type:\t\t5\r\n\tRestricted Admin Mode:\t-\r\n\tRemote Credential Guard:\t-\r\n\tVirtual Account:\t\tNo\r\n\tElevated Token:\t\tYes\r\n\r\nImpersonation Level:\t\tImpersonation\r\n\r\nNew Logon:\r\n\tSecurity ID:\t\tS-1-5-18\r\n\tAccount Name:\t\tSYSTEM\r\n\tAccount Domain:\t\tNT AUTHORITY\r\n\tLogon ID:\t\t0x3E7\r\n\tLinked Logon ID:\t\t0x0\r\n\tNetwork Account Name:\t-\r\n\tNetwork Account Domain:\t-\r\n\tLogon GUID:\t\t{00000000-0000-0000-0000-000000000000}\r\n\r\nProcess Information:\r\n\tProcess ID:\t\t0x360\r\n\tProcess Name:\t\tC:\\Windows\\System32\\services.exe\r\n\r\nNetwork Information:\r\n\tWorkstation Name:\t-\r\n\tSource Network Address:\t-\r\n\tSource Port:\t\t-\r\n\r\nDetailed Authentication Information:\r\n\tLogon Process:\t\tAdvapi  \r\n\tAuthentication Package:\tNegotiate\r\n\tTransited Services:\t-\r\n\tPackage Name (NTLM only):\t-\r\n\tKey Length:\t\t0\r\n\r\nThis event is generated when a logon session is created. It is generated on the computer that was accessed.\r\n\r\nThe subject fields indicate the account on the local system which requested the logon. This is most commonly a service such as the Server service, or a local process such as Winlogon.exe or Services.exe.\r\n\r\nThe logon type field indicates the kind of logon that occurred. The most common types are 2 (interactive) and 3 (network).\r\n\r\nThe New Logon fields indicate the account for whom the new logon was created, i.e. the account that was logged on.\r\n\r\nThe network fields indicate where a remote logon request originated. Workstation name is not always available and may be left blank in some cases.\r\n\r\nThe impersonation level field indicates the extent to which a process in the logon session can impersonate.\r\n\r\nThe authentication information fields provide detailed information about this specific logon request.\r\n\t- Logon GUID is a unique identifier that can be used to correlate this event with a KDC event.\r\n\t- Transited services indicate which intermediate services have participated in this logon request.\r\n\t- Package name indicates which sub-protocol was used among the NTLM protocols.\r\n\t- Key length indicates the length of the generated session key. This will be 0 if no session key was requested.\""},"eventdata":{"subjectUserSid":"S-1-5-18","subjectUserName":"WINDOWS$","subjectDomainName":"WORKGROUP","subjectLogonId":"0x3e7","targetUserSid":"S-1-5-18","targetUserName":"SYSTEM","targetDomainName":"NT AUTHORITY","targetLogonId":"0x3e7","logonType":"5","logonProcessName":"Advapi","authenticationPackageName":"Negotiate","logonGuid":"{00000000-0000-0000-0000-000000000000}","keyLength":"0","processId":"0x360","processName":"C:\\\\Windows\\\\System32\\\\services.exe","impersonationLevel":"%%1833","virtualAccount":"%%1843","targetLinkedLogonId":"0x0","elevatedToken":"%%1842"}}},"location":"EventChannel"}
{"timestamp":"2025-11-30T18:51:14.503+0000","rule":{"level":3,"description":"Windows logon success.","id":"60106","mitre":{"id":["T1078"],"tactic":["Defense Evasion","Persistence","Privilege Escalation","Initial Access"],"technique":["Valid Accounts"]},"firedtimes":46,"mail":false,"groups":["windows","windows_security","authentication_success"],"gdpr":["IV_32.2"],"gpg13":["7.1","7.2"],"hipaa":["164.312.b"],"nist_800_53":["AC.7","AU.14"],"pci_dss":["10.2.5"],"tsc":["CC6.8","CC7.2","CC7.3"]},"agent":{"id":"002","name":"Windows","ip":"192.168.178.110"},"manager":{"name":"balanced-coonhound"},"id":"1764528674.502698","decoder":{"name":"windows_eventchannel"},"data":{"win":{"system":{"providerName":"Microsoft-Windows-Security-Auditing","providerGuid":"{54849625-5478-4994-a5ba-3e3b0328c30d}","eventID":"4624","version":"3","level":"0","task":"12544","opcode":"0","keywords":"0x8020000000000000","systemTime":"2025-11-30T18:51:04.3028983Z","eventRecordID":"20631","processID":"884","threadID":"7088","channel":"Security","computer":"Windows","severityValue":"AUDIT_SUCCESS","message":"\"An account was successfully logged on.\r\n\r\nSubject:\r\n\tSecurity ID:\t\tS-1-5-18\r\n\tAccount Name:\t\tWINDOWS$\r\n\tAccount Domain:\t\tWORKGROUP\r\n\tLogon ID:\t\t0x3E7\r\n\r\nLogon Information:\r\n\tLogon Type:\t\t5\r\n\tRestricted Admin Mode:\t-\r\n\tRemote Credential Guard:\t-\r\n\tVirtual Account:\t\tNo\r\n\tElevated Token:\t\tYes\r\n\r\nImpersonation Level:\t\tImpersonation\r\n\r\nNew Logon:\r\n\tSecurity ID:\t\tS-1-5-18\r\n\tAccount Name:\t\tSYSTEM\r\n\tAccount Domain:\t\tNT AUTHORITY\r\n\tLogon ID:\t\t0x3E7\r\n\tLinked Logon ID:\t\t0x0\r\n\tNetwork Account Name:\t-\r\n\tNetwork Account Domain:\t-\r\n\tLogon GUID:\t\t{00000000-0000-0000-0000-000000000000}\r\n\r\nProcess Information:\r\n\tProcess ID:\t\t0x360\r\n\tProcess Name:\t\tC:\\Windows\\System32\\services.exe\r\n\r\nNetwork Information:\r\n\tWorkstation Name:\t-\r\n\tSource Network Address:\t-\r\n\tSource Port:\t\t-\r\n\r\nDetailed Authentication Information:\r\n\tLogon Process:\t\tAdvapi  \r\n\tAuthentication Package:\tNegotiate\r\n\tTransited Services:\t-\r\n\tPackage Name (NTLM only):\t-\r\n\tKey Length:\t\t0\r\n\r\nThis event is generated when a logon session is created. It is generated on the computer that was accessed.\r\n\r\nThe subject fields indicate the account on the local system which requested the logon. This is most commonly a service such as the Server service, or a local process such as Winlogon.exe or Services.exe.\r\n\r\nThe logon type field indicates the kind of logon that occurred. The most common types are 2 (interactive) and 3 (network).\r\n\r\nThe New Logon fields indicate the account for whom the new logon was created, i.e. the account that was logged on.\r\n\r\nThe network fields indicate where a remote logon request originated. Workstation name is not always available and may be left blank in some cases.\r\n\r\nThe impersonation level field indicates the extent to which a process in the logon session can impersonate.\r\n\r\nThe authentication information fields provide detailed information about this specific logon request.\r\n\t- Logon GUID is a unique identifier that can be used to correlate this event with a KDC event.\r\n\t- Transited services indicate which intermediate services have participated in this logon request.\r\n\t- Package name indicates which sub-protocol was used among the NTLM protocols.\r\n\t- Key length indicates the length of the generated session key. This will be 0 if no session key was requested.\""},"eventdata":{"subjectUserSid":"S-1-5-18","subjectUserName":"WINDOWS$","subjectDomainName":"WORKGROUP","subjectLogonId":"0x3e7","targetUserSid":"S-1-5-18","targetUserName":"SYSTEM","targetDomainName":"NT AUTHORITY","targetLogonId":"0x3e7","logonType":"5","logonProcessName":"Advapi","authenticationPackageName":"Negotiate","logonGuid":"{00000000-0000-0000-0000-000000000000}","keyLength":"0","processId":"0x360","processName":"C:\\\\Windows\\\\System32\\\\services.exe","impersonationLevel":"%%1833","virtualAccount":"%%1843","targetLinkedLogonId":"0x0","elevatedToken":"%%1842"}}},"location":"EventChannel"}
{"timestamp":"2025-11-30T18:51:34.084+0000","rule":{"level":3,"description":"Software protection service scheduled successfully.","id":"60642","firedtimes":4,"mail":false,"groups":["windows","windows_application"]},"agent":{"id":"002","name":"Windows","ip":"192.168.178.110"},"manager":{"name":"balanced-coonhound"},"id":"1764528694.510027","decoder":{"name":"windows_eventchannel"},"data":{"win":{"system":{"providerName":"Microsoft-Windows-Security-SPP","providerGuid":"{E23B33B0-C8C9-472C-A5F9-F2BDFEA0F156}","eventSourceName":"Software Protection Platform Service","eventID":"16384","version":"0","level":"4","task":"0","opcode":"0","keywords":"0x80000000000000","systemTime":"2025-11-30T18:51:25.1105654Z","eventRecordID":"818","processID":"7440","threadID":"0","channel":"Application","computer":"Windows","severityValue":"INFORMATION","message":"\"Successfully scheduled Software Protection service for re-start at 2025-12-01T18:36:25Z. Reason: RulesEngine.\""},"eventdata":{"data":"2025-12-01T18:36:25Z, RulesEngine"}}},"location":"EventChannel"}
{"timestamp":"2025-11-30T18:51:54.708+0000","rule":{"level":9,"description":"Powershell process created an executable file in Windows root folder","id":"92205","mitre":{"id":["T1105"],"tactic":["Command and Control"],"technique":["Ingress Tool Transfer"]},"firedtimes":4,"mail":false,"groups":["sysmon","sysmon_eid11_detections","windows"]},"agent":{"id":"002","name":"Windows","ip":"192.168.178.110"},"manager":{"name":"balanced-coonhound"},"id":"1764528714.511601","decoder":{"name":"windows_eventchannel"},"data":{"win":{"system":{"providerName":"Microsoft-Windows-Sysmon","providerGuid":"{5770385f-c22a-43e0-bf4c-06f5698ffbd9}","eventID":"11","version":"2","level":"4","task":"11","opcode":"0","keywords":"0x8000000000000000","systemTime":"2025-11-30T18:51:49.0176612Z","eventRecordID":"36369","processID":"3516","threadID":"4736","channel":"Microsoft-Windows-Sysmon/Operational","computer":"Windows","severityValue":"INFORMATION","message":"\"File created:\r\nRuleName: -\r\nUtcTime: 2025-11-30 18:51:49.016\r\nProcessGuid: {de4d1a0f-9243-692c-2c02-000000000d00}\r\nProcessId: 8172\r\nImage: C:\\WINDOWS\\System32\\WindowsPowerShell\\v1.0\\powershell.exe\r\nTargetFilename: C:\\Windows\\SystemTemp\\__PSScriptPolicyTest_pcid13r1.3gk.ps1\r\nCreationUtcTime: 2025-11-30 18:51:49.015\r\nUser: NT AUTHORITY\\SYSTEM\""},"eventdata":{"utcTime":"2025-11-30 18:51:49.016","processGuid":"{de4d1a0f-9243-692c-2c02-000000000d00}","processId":"8172","image":"C:\\\\WINDOWS\\\\System32\\\\WindowsPowerShell\\\\v1.0\\\\powershell.exe","targetFilename":"C:\\\\Windows\\\\SystemTemp\\\\__PSScriptPolicyTest_pcid13r1.3gk.ps1","creationUtcTime":"2025-11-30 18:51:49.015","user":"NT AUTHORITY\\\\SYSTEM"}}},"location":"EventChannel"}
{"timestamp":"2025-11-30T18:51:59.223+0000","rule":{"level":9,"description":"Powershell process created an executable file in Windows root folder","id":"92205","mitre":{"id":["T1105"],"tactic":["Command and Control"],"technique":["Ingress Tool Transfer"]},"firedtimes":5,"mail":false,"groups":["sysmon","sysmon_eid11_detections","windows"]},"agent":{"id":"002","name":"Windows","ip":"192.168.178.110"},"manager":{"name":"balanced-coonhound"},"id":"1764528719.514296","decoder":{"name":"windows_eventchannel"},"data":{"win":{"system":{"providerName":"Microsoft-Windows-Sysmon","providerGuid":"{5770385f-c22a-43e0-bf4c-06f5698ffbd9}","eventID":"11","version":"2","level":"4","task":"11","opcode":"0","keywords":"0x8000000000000000","systemTime":"2025-11-30T18:51:55.1860716Z","eventRecordID":"36370","processID":"3516","threadID":"4736","channel":"Microsoft-Windows-Sysmon/Operational","computer":"Windows","severityValue":"INFORMATION","message":"\"File created:\r\nRuleName: -\r\nUtcTime: 2025-11-30 18:51:55.181\r\nProcessGuid: {de4d1a0f-924a-692c-2e02-000000000d00}\r\nProcessId: 3168\r\nImage: C:\\WINDOWS\\System32\\WindowsPowerShell\\v1.0\\powershell.exe\r\nTargetFilename: C:\\Windows\\SystemTemp\\__PSScriptPolicyTest_l5okygun.1wf.ps1\r\nCreationUtcTime: 2025-11-30 18:51:55.179\r\nUser: NT AUTHORITY\\SYSTEM\""},"eventdata":{"utcTime":"2025-11-30 18:51:55.181","processGuid":"{de4d1a0f-924a-692c-2e02-000000000d00}","processId":"3168","image":"C:\\\\WINDOWS\\\\System32\\\\WindowsPowerShell\\\\v1.0\\\\powershell.exe","targetFilename":"C:\\\\Windows\\\\SystemTemp\\\\__PSScriptPolicyTest_l5okygun.1wf.ps1","creationUtcTime":"2025-11-30 18:51:55.179","user":"NT AUTHORITY\\\\SYSTEM"}}},"location":"EventChannel"}
{"timestamp":"2025-11-30T18:52:18.057+0000","rule":{"level":3,"description":"Windows logon success.","id":"60106","mitre":{"id":["T1078"],"tactic":["Defense Evasion","Persistence","Privilege Escalation","Initial Access"],"technique":["Valid Accounts"]},"firedtimes":47,"mail":false,"groups":["windows","windows_security","authentication_success"],"gdpr":["IV_32.2"],"gpg13":["7.1","7.2"],"hipaa":["164.312.b"],"nist_800_53":["AC.7","AU.14"],"pci_dss":["10.2.5"],"tsc":["CC6.8","CC7.2","CC7.3"]},"agent":{"id":"002","name":"Windows","ip":"192.168.178.110"},"manager":{"name":"balanced-coonhound"},"id":"1764528738.516991","decoder":{"name":"windows_eventchannel"},"data":{"win":{"system":{"providerName":"Microsoft-Windows-Security-Auditing","providerGuid":"{54849625-5478-4994-a5ba-3e3b0328c30d}","eventID":"4624","version":"3","level":"0","task":"12544","opcode":"0","keywords":"0x8020000000000000","systemTime":"2025-11-30T18:52:22.1167902Z","eventRecordID":"20640","processID":"884","threadID":"7088","channel":"Security","computer":"Windows","severityValue":"AUDIT_SUCCESS","message":"\"An account was successfully logged on.\r\n\r\nSubject:\r\n\tSecurity ID:\t\tS-1-5-18\r\n\tAccount Name:\t\tWINDOWS$\r\n\tAccount Domain:\t\tWORKGROUP\r\n\tLogon ID:\t\t0x3E7\r\n\r\nLogon Information:\r\n\tLogon Type:\t\t5\r\n\tRestricted Admin Mode:\t-\r\n\tRemote Credential Guard:\t-\r\n\tVirtual Account:\t\tNo\r\n\tElevated Token:\t\tYes\r\n\r\nImpersonation Level:\t\tImpersonation\r\n\r\nNew Logon:\r\n\tSecurity ID:\t\tS-1-5-18\r\n\tAccount Name:\t\tSYSTEM\r\n\tAccount Domain:\t\tNT AUTHORITY\r\n\tLogon ID:\t\t0x3E7\r\n\tLinked Logon ID:\t\t0x0\r\n\tNetwork Account Name:\t-\r\n\tNetwork Account Domain:\t-\r\n\tLogon GUID:\t\t{00000000-0000-0000-0000-000000000000}\r\n\r\nProcess Information:\r\n\tProcess ID:\t\t0x360\r\n\tProcess Name:\t\tC:\\Windows\\System32\\services.exe\r\n\r\nNetwork Information:\r\n\tWorkstation Name:\t-\r\n\tSource Network Address:\t-\r\n\tSource Port:\t\t-\r\n\r\nDetailed Authentication Information:\r\n\tLogon Process:\t\tAdvapi  \r\n\tAuthentication Package:\tNegotiate\r\n\tTransited Services:\t-\r\n\tPackage Name (NTLM only):\t-\r\n\tKey Length:\t\t0\r\n\r\nThis event is generated when a logon session is created. It is generated on the computer that was accessed.\r\n\r\nThe subject fields indicate the account on the local system which requested the logon. This is most commonly a service such as the Server service, or a local process such as Winlogon.exe or Services.exe.\r\n\r\nThe logon type field indicates the kind of logon that occurred. The most common types are 2 (interactive) and 3 (network).\r\n\r\nThe New Logon fields indicate the account for whom the new logon was created, i.e. the account that was logged on.\r\n\r\nThe network fields indicate where a remote logon request originated. Workstation name is not always available and may be left blank in some cases.\r\n\r\nThe impersonation level field indicates the extent to which a process in the logon session can impersonate.\r\n\r\nThe authentication information fields provide detailed information about this specific logon request.\r\n\t- Logon GUID is a unique identifier that can be used to correlate this event with a KDC event.\r\n\t- Transited services indicate which intermediate services have participated in this logon request.\r\n\t- Package name indicates which sub-protocol was used among the NTLM protocols.\r\n\t- Key length indicates the length of the generated session key. This will be 0 if no session key was requested.\""},"eventdata":{"subjectUserSid":"S-1-5-18","subjectUserName":"WINDOWS$","subjectDomainName":"WORKGROUP","subjectLogonId":"0x3e7","targetUserSid":"S-1-5-18","targetUserName":"SYSTEM","targetDomainName":"NT AUTHORITY","targetLogonId":"0x3e7","logonType":"5","logonProcessName":"Advapi","authenticationPackageName":"Negotiate","logonGuid":"{00000000-0000-0000-0000-000000000000}","keyLength":"0","processId":"0x360","processName":"C:\\\\Windows\\\\System32\\\\services.exe","impersonationLevel":"%%1833","virtualAccount":"%%1843","targetLinkedLogonId":"0x0","elevatedToken":"%%1842"}}},"location":"EventChannel"}
{"timestamp":"2025-11-30T18:54:30.569+0000","rule":{"level":15,"description":"Executable file dropped in folder commonly used by malware","id":"92213","mitre":{"id":["T1105"],"tactic":["Command and Control"],"technique":["Ingress Tool Transfer"]},"firedtimes":2,"mail":true,"groups":["sysmon","sysmon_eid11_detections","windows"]},"agent":{"id":"002","name":"Windows","ip":"192.168.178.110"},"manager":{"name":"balanced-coonhound"},"id":"1764528870.524320","decoder":{"name":"windows_eventchannel"},"data":{"win":{"system":{"providerName":"Microsoft-Windows-Sysmon","providerGuid":"{5770385f-c22a-43e0-bf4c-06f5698ffbd9}","eventID":"11","version":"2","level":"4","task":"11","opcode":"0","keywords":"0x8000000000000000","systemTime":"2025-11-30T18:54:29.3812601Z","eventRecordID":"36371","processID":"3516","threadID":"4736","channel":"Microsoft-Windows-Sysmon/Operational","computer":"Windows","severityValue":"INFORMATION","message":"\"File created:\r\nRuleName: EXE\r\nUtcTime: 2025-11-30 18:54:29.375\r\nProcessGuid: {de4d1a0f-92e5-692c-3102-000000000d00}\r\nProcessId: 10728\r\nImage: C:\\Users\\vboxuser\\Downloads\\Sysmon\\Sysmon.exe\r\nTargetFilename: C:\\Users\\vboxuser\\AppData\\Local\\Temp\\Sysmon.exe\r\nCreationUtcTime: 2025-11-30 18:54:29.372\r\nUser: WINDOWS\\vboxuser\""},"eventdata":{"ruleName":"EXE","utcTime":"2025-11-30 18:54:29.375","processGuid":"{de4d1a0f-92e5-692c-3102-000000000d00}","processId":"10728","image":"C:\\\\Users\\\\vboxuser\\\\Downloads\\\\Sysmon\\\\Sysmon.exe","targetFilename":"C:\\\\Users\\\\vboxuser\\\\AppData\\\\Local\\\\Temp\\\\Sysmon.exe","creationUtcTime":"2025-11-30 18:54:29.372","user":"WINDOWS\\\\vboxuser"}}},"location":"EventChannel"}
{"timestamp":"2025-11-30T18:55:33.434+0000","rule":{"level":15,"description":"Executable file dropped in folder commonly used by malware","id":"92213","mitre":{"id":["T1105"],"tactic":["Command and Control"],"technique":["Ingress Tool Transfer"]},"firedtimes":3,"mail":true,"groups":["sysmon","sysmon_eid11_detections","windows"]},"agent":{"id":"002","name":"Windows","ip":"192.168.178.110"},"manager":{"name":"balanced-coonhound"},"id":"1764528933.526972","decoder":{"name":"windows_eventchannel"},"data":{"win":{"system":{"providerName":"Microsoft-Windows-Sysmon","providerGuid":"{5770385f-c22a-43e0-bf4c-06f5698ffbd9}","eventID":"11","version":"2","level":"4","task":"11","opcode":"0","keywords":"0x8000000000000000","systemTime":"2025-11-30T18:55:32.2422806Z","eventRecordID":"36376","processID":"3516","threadID":"4736","channel":"Microsoft-Windows-Sysmon/Operational","computer":"Windows","severityValue":"INFORMATION","message":"\"File created:\r\nRuleName: -\r\nUtcTime: 2025-11-30 18:55:32.239\r\nProcessGuid: {de4d1a0f-9323-692c-3c02-000000000d00}\r\nProcessId: 10116\r\nImage: C:\\WINDOWS\\System32\\WindowsPowerShell\\v1.0\\powershell.exe\r\nTargetFilename: C:\\Users\\vboxuser\\AppData\\Local\\Temp\\__PSScriptPolicyTest_zrtzro3f.izj.ps1\r\nCreationUtcTime: 2025-11-30 18:55:32.239\r\nUser: WINDOWS\\vboxuser\""},"eventdata":{"utcTime":"2025-11-30 18:55:32.239","processGuid":"{de4d1a0f-9323-692c-3c02-000000000d00}","processId":"10116","image":"C:\\\\WINDOWS\\\\System32\\\\WindowsPowerShell\\\\v1.0\\\\powershell.exe","targetFilename":"C:\\\\Users\\\\vboxuser\\\\AppData\\\\Local\\\\Temp\\\\__PSScriptPolicyTest_zrtzro3f.izj.ps1","creationUtcTime":"2025-11-30 18:55:32.239","user":"WINDOWS\\\\vboxuser"}}},"location":"EventChannel"}
{"timestamp":"2025-11-30T18:57:56.783+0000","rule":{"level":3,"description":"Windows logon success.","id":"60106","mitre":{"id":["T1078"],"tactic":["Defense Evasion","Persistence","Privilege Escalation","Initial Access"],"technique":["Valid Accounts"]},"firedtimes":48,"mail":false,"groups":["windows","windows_security","authentication_success"],"gdpr":["IV_32.2"],"gpg13":["7.1","7.2"],"hipaa":["164.312.b"],"nist_800_53":["AC.7","AU.14"],"pci_dss":["10.2.5"],"tsc":["CC6.8","CC7.2","CC7.3"]},"agent":{"id":"002","name":"Windows","ip":"192.168.178.110"},"manager":{"name":"balanced-coonhound"},"id":"1764529076.529731","decoder":{"name":"windows_eventchannel"},"data":{"win":{"system":{"providerName":"Microsoft-Windows-Security-Auditing","providerGuid":"{54849625-5478-4994-a5ba-3e3b0328c30d}","eventID":"4624","version":"3","level":"0","task":"12544","opcode":"0","keywords":"0x8020000000000000","systemTime":"2025-11-30T18:57:57.1981467Z","eventRecordID":"20642","processID":"884","threadID":"10992","channel":"Security","computer":"Windows","severityValue":"AUDIT_SUCCESS","message":"\"An account was successfully logged on.\r\n\r\nSubject:\r\n\tSecurity ID:\t\tS-1-5-18\r\n\tAccount Name:\t\tWINDOWS$\r\n\tAccount Domain:\t\tWORKGROUP\r\n\tLogon ID:\t\t0x3E7\r\n\r\nLogon Information:\r\n\tLogon Type:\t\t5\r\n\tRestricted Admin Mode:\t-\r\n\tRemote Credential Guard:\t-\r\n\tVirtual Account:\t\tNo\r\n\tElevated Token:\t\tYes\r\n\r\nImpersonation Level:\t\tImpersonation\r\n\r\nNew Logon:\r\n\tSecurity ID:\t\tS-1-5-18\r\n\tAccount Name:\t\tSYSTEM\r\n\tAccount Domain:\t\tNT AUTHORITY\r\n\tLogon ID:\t\t0x3E7\r\n\tLinked Logon ID:\t\t0x0\r\n\tNetwork Account Name:\t-\r\n\tNetwork Account Domain:\t-\r\n\tLogon GUID:\t\t{00000000-0000-0000-0000-000000000000}\r\n\r\nProcess Information:\r\n\tProcess ID:\t\t0x360\r\n\tProcess Name:\t\tC:\\Windows\\System32\\services.exe\r\n\r\nNetwork Information:\r\n\tWorkstation Name:\t-\r\n\tSource Network Address:\t-\r\n\tSource Port:\t\t-\r\n\r\nDetailed Authentication Information:\r\n\tLogon Process:\t\tAdvapi  \r\n\tAuthentication Package:\tNegotiate\r\n\tTransited Services:\t-\r\n\tPackage Name (NTLM only):\t-\r\n\tKey Length:\t\t0\r\n\r\nThis event is generated when a logon session is created. It is generated on the computer that was accessed.\r\n\r\nThe subject fields indicate the account on the local system which requested the logon. This is most commonly a service such as the Server service, or a local process such as Winlogon.exe or Services.exe.\r\n\r\nThe logon type field indicates the kind of logon that occurred. The most common types are 2 (interactive) and 3 (network).\r\n\r\nThe New Logon fields indicate the account for whom the new logon was created, i.e. the account that was logged on.\r\n\r\nThe network fields indicate where a remote logon request originated. Workstation name is not always available and may be left blank in some cases.\r\n\r\nThe impersonation level field indicates the extent to which a process in the logon session can impersonate.\r\n\r\nThe authentication information fields provide detailed information about this specific logon request.\r\n\t- Logon GUID is a unique identifier that can be used to correlate this event with a KDC event.\r\n\t- Transited services indicate which intermediate services have participated in this logon request.\r\n\t- Package name indicates which sub-protocol was used among the NTLM protocols.\r\n\t- Key length indicates the length of the generated session key. This will be 0 if no session key was requested.\""},"eventdata":{"subjectUserSid":"S-1-5-18","subjectUserName":"WINDOWS$","subjectDomainName":"WORKGROUP","subjectLogonId":"0x3e7","targetUserSid":"S-1-5-18","targetUserName":"SYSTEM","targetDomainName":"NT AUTHORITY","targetLogonId":"0x3e7","logonType":"5","logonProcessName":"Advapi","authenticationPackageName":"Negotiate","logonGuid":"{00000000-0000-0000-0000-000000000000}","keyLength":"0","processId":"0x360","processName":"C:\\\\Windows\\\\System32\\\\services.exe","impersonationLevel":"%%1833","virtualAccount":"%%1843","targetLinkedLogonId":"0x0","elevatedToken":"%%1842"}}},"location":"EventChannel"}
{"timestamp":"2025-11-30T18:58:01.144+0000","rule":{"level":3,"description":"Windows installer began an installation process.","id":"60610","firedtimes":1,"mail":false,"groups":["windows","windows_application"]},"agent":{"id":"002","name":"Windows","ip":"192.168.178.110"},"manager":{"name":"balanced-coonhound"},"id":"1764529081.537062","decoder":{"name":"windows_eventchannel"},"data":{"win":{"system":{"providerName":"MsiInstaller","eventID":"1040","version":"0","level":"4","task":"0","opcode":"0","keywords":"0x80000000000000","systemTime":"2025-11-30T18:58:01.6753746Z","eventRecordID":"819","processID":"10252","threadID":"0","channel":"Application","computer":"Windows","severityValue":"INFORMATION","message":"\"Beginning a Windows Installer transaction: C:\\Users\\vboxuser\\Downloads\\nvim-win64.msi. Client Process Id: 1216.\""},"eventdata":{"data":"C:\\\\Users\\\\vboxuser\\\\Downloads\\\\nvim-win64.msi, 1216"}}},"location":"EventChannel"}
{"timestamp":"2025-11-30T18:58:05.710+0000","rule":{"level":3,"description":"Windows logon success.","id":"60106","mitre":{"id":["T1078"],"tactic":["Defense Evasion","Persistence","Privilege Escalation","Initial Access"],"technique":["Valid Accounts"]},"firedtimes":49,"mail":false,"groups":["windows","windows_security","authentication_success"],"gdpr":["IV_32.2"],"gpg13":["7.1","7.2"],"hipaa":["164.312.b"],"nist_800_53":["AC.7","AU.14"],"pci_dss":["10.2.5"],"tsc":["CC6.8","CC7.2","CC7.3"]},"agent":{"id":"002","name":"Windows","ip":"192.168.178.110"},"manager":{"name":"balanced-coonhound"},"id":"1764529085.538409","decoder":{"name":"windows_eventchannel"},"data":{"win":{"system":{"providerName":"Microsoft-Windows-Security-Auditing","providerGuid":"{54849625-5478-4994-a5ba-3e3b0328c30d}","eventID":"4624","version":"3","level":"0","task":"12544","opcode":"0","keywords":"0x8020000000000000","systemTime":"2025-11-30T18:58:04.4396998Z","eventRecordID":"20644","processID":"884","threadID":"2956","channel":"Security","computer":"Windows","severityValue":"AUDIT_SUCCESS","message":"\"An account was successfully logged on.\r\n\r\nSubject:\r\n\tSecurity ID:\t\tS-1-5-18\r\n\tAccount Name:\t\tWINDOWS$\r\n\tAccount Domain:\t\tWORKGROUP\r\n\tLogon ID:\t\t0x3E7\r\n\r\nLogon Information:\r\n\tLogon Type:\t\t5\r\n\tRestricted Admin Mode:\t-\r\n\tRemote Credential Guard:\t-\r\n\tVirtual Account:\t\tNo\r\n\tElevated Token:\t\tYes\r\n\r\nImpersonation Level:\t\tImpersonation\r\n\r\nNew Logon:\r\n\tSecurity ID:\t\tS-1-5-18\r\n\tAccount Name:\t\tSYSTEM\r\n\tAccount Domain:\t\tNT AUTHORITY\r\n\tLogon ID:\t\t0x3E7\r\n\tLinked Logon ID:\t\t0x0\r\n\tNetwork Account Name:\t-\r\n\tNetwork Account Domain:\t-\r\n\tLogon GUID:\t\t{00000000-0000-0000-0000-000000000000}\r\n\r\nProcess Information:\r\n\tProcess ID:\t\t0x360\r\n\tProcess Name:\t\tC:\\Windows\\System32\\services.exe\r\n\r\nNetwork Information:\r\n\tWorkstation Name:\t-\r\n\tSource Network Address:\t-\r\n\tSource Port:\t\t-\r\n\r\nDetailed Authentication Information:\r\n\tLogon Process:\t\tAdvapi  \r\n\tAuthentication Package:\tNegotiate\r\n\tTransited Services:\t-\r\n\tPackage Name (NTLM only):\t-\r\n\tKey Length:\t\t0\r\n\r\nThis event is generated when a logon session is created. It is generated on the computer that was accessed.\r\n\r\nThe subject fields indicate the account on the local system which requested the logon. This is most commonly a service such as the Server service, or a local process such as Winlogon.exe or Services.exe.\r\n\r\nThe logon type field indicates the kind of logon that occurred. The most common types are 2 (interactive) and 3 (network).\r\n\r\nThe New Logon fields indicate the account for whom the new logon was created, i.e. the account that was logged on.\r\n\r\nThe network fields indicate where a remote logon request originated. Workstation name is not always available and may be left blank in some cases.\r\n\r\nThe impersonation level field indicates the extent to which a process in the logon session can impersonate.\r\n\r\nThe authentication information fields provide detailed information about this specific logon request.\r\n\t- Logon GUID is a unique identifier that can be used to correlate this event with a KDC event.\r\n\t- Transited services indicate which intermediate services have participated in this logon request.\r\n\t- Package name indicates which sub-protocol was used among the NTLM protocols.\r\n\t- Key length indicates the length of the generated session key. This will be 0 if no session key was requested.\""},"eventdata":{"subjectUserSid":"S-1-5-18","subjectUserName":"WINDOWS$","subjectDomainName":"WORKGROUP","subjectLogonId":"0x3e7","targetUserSid":"S-1-5-18","targetUserName":"SYSTEM","targetDomainName":"NT AUTHORITY","targetLogonId":"0x3e7","logonType":"5","logonProcessName":"Advapi","authenticationPackageName":"Negotiate","logonGuid":"{00000000-0000-0000-0000-000000000000}","keyLength":"0","processId":"0x360","processName":"C:\\\\Windows\\\\System32\\\\services.exe","impersonationLevel":"%%1833","virtualAccount":"%%1843","targetLinkedLogonId":"0x0","elevatedToken":"%%1842"}}},"location":"EventChannel"}
{"timestamp":"2025-11-30T18:58:13.143+0000","rule":{"level":3,"description":"Application installed Neovim, 0.11.5, 1033, 1602, neovim.io.","id":"60612","firedtimes":1,"mail":false,"groups":["windows","windows_application"]},"agent":{"id":"002","name":"Windows","ip":"192.168.178.110"},"manager":{"name":"balanced-coonhound"},"id":"1764529093.545738","decoder":{"name":"windows_eventchannel"},"data":{"win":{"system":{"providerName":"MsiInstaller","eventID":"1033","version":"0","level":"4","task":"0","opcode":"0","keywords":"0x80000000000000","systemTime":"2025-11-30T18:58:11.4549566Z","eventRecordID":"822","processID":"1216","threadID":"0","channel":"Application","computer":"Windows","severityValue":"INFORMATION","message":"\"Windows Installer installed the product. Product Name: Neovim. Product Version: 0.11.5. Product Language: 1033. Manufacturer: neovim.io. Installation success or error status: 1602.\""},"eventdata":{"binary":"7B46373334444632432D444142342D344346362D413841382D3439353545393835454141417D3030303032623932303166386666633039366466623438326632363863613034306137343030303030393034","data":"Neovim, 0.11.5, 1033, 1602, neovim.io"}}},"location":"EventChannel"}
{"timestamp":"2025-11-30T18:58:18.994+0000","rule":{"level":3,"description":"Windows installer began an installation process.","id":"60610","firedtimes":2,"mail":false,"groups":["windows","windows_application"]},"agent":{"id":"002","name":"Windows","ip":"192.168.178.110"},"manager":{"name":"balanced-coonhound"},"id":"1764529098.547554","decoder":{"name":"windows_eventchannel"},"data":{"win":{"system":{"providerName":"MsiInstaller","eventID":"1040","version":"0","level":"4","task":"0","opcode":"0","keywords":"0x80000000000000","systemTime":"2025-11-30T18:58:16.5476288Z","eventRecordID":"823","processID":"10252","threadID":"0","channel":"Application","computer":"Windows","severityValue":"INFORMATION","message":"\"Beginning a Windows Installer transaction: C:\\Users\\vboxuser\\Downloads\\nvim-win64.msi. Client Process Id: 9696.\""},"eventdata":{"data":"C:\\\\Users\\\\vboxuser\\\\Downloads\\\\nvim-win64.msi, 9696"}}},"location":"EventChannel"}
{"timestamp":"2025-11-30T18:58:23.952+0000","rule":{"level":3,"description":"Application installed Neovim, 0.11.5, 1033, 1602, neovim.io.","id":"60612","firedtimes":2,"mail":false,"groups":["windows","windows_application"]},"agent":{"id":"002","name":"Windows","ip":"192.168.178.110"},"manager":{"name":"balanced-coonhound"},"id":"1764529103.548901","decoder":{"name":"windows_eventchannel"},"data":{"win":{"system":{"providerName":"MsiInstaller","eventID":"1033","version":"0","level":"4","task":"0","opcode":"0","keywords":"0x80000000000000","systemTime":"2025-11-30T18:58:21.2042964Z","eventRecordID":"826","processID":"6776","threadID":"0","channel":"Application","computer":"Windows","severityValue":"INFORMATION","message":"\"Windows Installer installed the product. Product Name: Neovim. Product Version: 0.11.5. Product Language: 1033. Manufacturer: neovim.io. Installation success or error status: 1602.\""},"eventdata":{"binary":"7B46373334444632432D444142342D344346362D413841382D3439353545393835454141417D3030303032623932303166386666633039366466623438326632363863613034306137343030303030393034","data":"Neovim, 0.11.5, 1033, 1602, neovim.io"}}},"location":"EventChannel"}
{"timestamp":"2025-11-30T18:58:36.730+0000","rule":{"level":12,"description":"Sysmon - Suspicious Process - explorer.exe","id":"61640","mitre":{"id":["T1055"],"tactic":["Defense Evasion","Privilege Escalation"],"technique":["Process Injection"]},"firedtimes":1,"mail":true,"groups":["windows","sysmon","sysmon_process-anomalies"],"pci_dss":["10.6.1","11.4"],"gdpr":["IV_35.7.d"],"hipaa":["164.312.b"],"nist_800_53":["AU.6","SI.4"],"tsc":["CC7.2","CC7.3","CC6.1","CC6.8"]},"agent":{"id":"002","name":"Windows","ip":"192.168.178.110"},"manager":{"name":"balanced-coonhound"},"id":"1764529116.550717","full_log":"{\"win\":{\"system\":{\"providerName\":\"Microsoft-Windows-Sysmon\",\"providerGuid\":\"{5770385f-c22a-43e0-bf4c-06f5698ffbd9}\",\"eventID\":\"1\",\"version\":\"5\",\"level\":\"4\",\"task\":\"1\",\"opcode\":\"0\",\"keywords\":\"0x8000000000000000\",\"systemTime\":\"2025-11-30T18:58:33.1219819Z\",\"eventRecordID\":\"36448\",\"processID\":\"3516\",\"threadID\":\"4736\",\"channel\":\"Microsoft-Windows-Sysmon/Operational\",\"computer\":\"Windows\",\"severityValue\":\"INFORMATION\",\"message\":\"\\\"Process Create:\\r\\nRuleName: -\\r\\nUtcTime: 2025-11-30 18:58:33.113\\r\\nProcessGuid: {de4d1a0f-93d9-692c-6502-000000000d00}\\r\\nProcessId: 5920\\r\\nImage: C:\\\\Windows\\\\explorer.exe\\r\\nFileVersion: 10.0.26100.7019 (WinBuild.160101.0800)\\r\\nDescription: Windows Explorer\\r\\nProduct: Microsoft® Windows® Operating System\\r\\nCompany: Microsoft Corporation\\r\\nOriginalFileName: EXPLORER.EXE\\r\\nCommandLine: \\\"C:\\\\WINDOWS\\\\explorer.exe\\\" .\\r\\nCurrentDirectory: C:\\\\Users\\\\vboxuser\\\\\\r\\nUser: WINDOWS\\\\vboxuser\\r\\nLogonGuid: {de4d1a0f-8e7f-692c-71bf-020000000000}\\r\\nLogonId: 0x2BF71\\r\\nTerminalSessionId: 1\\r\\nIntegrityLevel: High\\r\\nHashes: MD5=6B488D6D4D0EBA6B5F01D9CCAA16F67C,SHA256=3D598FE7C698DAD75EC0A4ACD68E512A28505B24F1C81CB0B0E0779D4D2DED1C,IMPHASH=413B9EF19DA4F820A34BBE5ABADC1783\\r\\nParentProcessGuid: {de4d1a0f-9323-692c-3c02-000000000d00}\\r\\nParentProcessId: 10116\\r\\nParentImage: C:\\\\Windows\\\\System32\\\\WindowsPowerShell\\\\v1.0\\\\powershell.exe\\r\\nParentCommandLine: C:\\\\WINDOWS\\\\System32\\\\WindowsPowerShell\\\\v1.0\\\\powershell.exe\\r\\nParentUser: WINDOWS\\\\vboxuser\\\"\"},\"eventdata\":{\"utcTime\":\"2025-11-30 18:58:33.113\",\"processGuid\":\"{de4d1a0f-93d9-692c-6502-000000000d00}\",\"processId\":\"5920\",\"image\":\"C:\\\\\\\\Windows\\\\\\\\explorer.exe\",\"fileVersion\":\"10.0.26100.7019 (WinBuild.160101.0800)\",\"description\":\"Windows Explorer\",\"product\":\"Microsoft® Windows® Operating System\",\"company\":\"Microsoft Corporation\",\"originalFileName\":\"EXPLORER.EXE\",\"commandLine\":\"\\\\\\\"C:\\\\\\\\WINDOWS\\\\\\\\explorer.exe\\\\\\\" .\",\"currentDirectory\":\"C:\\\\\\\\Users\\\\\\\\vboxuser\\\\\\\\\",\"user\":\"WINDOWS\\\\\\\\vboxuser\",\"logonGuid\":\"{de4d1a0f-8e7f-692c-71bf-020000000000}\",\"logonId\":\"0x2bf71\",\"terminalSessionId\":\"1\",\"integrityLevel\":\"High\",\"hashes\":\"MD5=6B488D6D4D0EBA6B5F01D9CCAA16F67C,SHA256=3D598FE7C698DAD75EC0A4ACD68E512A28505B24F1C81CB0B0E0779D4D2DED1C,IMPHASH=413B9EF19DA4F820A34BBE5ABADC1783\",\"parentProcessGuid\":\"{de4d1a0f-9323-692c-3c02-000000000d00}\",\"parentProcessId\":\"10116\",\"parentImage\":\"C:\\\\\\\\Windows\\\\\\\\System32\\\\\\\\WindowsPowerShell\\\\\\\\v1.0\\\\\\\\powershell.exe\",\"parentCommandLine\":\"C:\\\\\\\\WINDOWS\\\\\\\\System32\\\\\\\\WindowsPowerShell\\\\\\\\v1.0\\\\\\\\powershell.exe\",\"parentUser\":\"WINDOWS\\\\\\\\vboxuser\"}}}","decoder":{"name":"windows_eventchannel"},"data":{"win":{"system":{"providerName":"Microsoft-Windows-Sysmon","providerGuid":"{5770385f-c22a-43e0-bf4c-06f5698ffbd9}","eventID":"1","version":"5","level":"4","task":"1","opcode":"0","keywords":"0x8000000000000000","systemTime":"2025-11-30T18:58:33.1219819Z","eventRecordID":"36448","processID":"3516","threadID":"4736","channel":"Microsoft-Windows-Sysmon/Operational","computer":"Windows","severityValue":"INFORMATION","message":"\"Process Create:\r\nRuleName: -\r\nUtcTime: 2025-11-30 18:58:33.113\r\nProcessGuid: {de4d1a0f-93d9-692c-6502-000000000d00}\r\nProcessId: 5920\r\nImage: C:\\Windows\\explorer.exe\r\nFileVersion: 10.0.26100.7019 (WinBuild.160101.0800)\r\nDescription: Windows Explorer\r\nProduct: Microsoft® Windows® Operating System\r\nCompany: Microsoft Corporation\r\nOriginalFileName: EXPLORER.EXE\r\nCommandLine: \"C:\\WINDOWS\\explorer.exe\" .\r\nCurrentDirectory: C:\\Users\\vboxuser\\\r\nUser: WINDOWS\\vboxuser\r\nLogonGuid: {de4d1a0f-8e7f-692c-71bf-020000000000}\r\nLogonId: 0x2BF71\r\nTerminalSessionId: 1\r\nIntegrityLevel: High\r\nHashes: MD5=6B488D6D4D0EBA6B5F01D9CCAA16F67C,SHA256=3D598FE7C698DAD75EC0A4ACD68E512A28505B24F1C81CB0B0E0779D4D2DED1C,IMPHASH=413B9EF19DA4F820A34BBE5ABADC1783\r\nParentProcessGuid: {de4d1a0f-9323-692c-3c02-000000000d00}\r\nParentProcessId: 10116\r\nParentImage: C:\\Windows\\System32\\WindowsPowerShell\\v1.0\\powershell.exe\r\nParentCommandLine: C:\\WINDOWS\\System32\\WindowsPowerShell\\v1.0\\powershell.exe\r\nParentUser: WINDOWS\\vboxuser\""},"eventdata":{"utcTime":"2025-11-30 18:58:33.113","processGuid":"{de4d1a0f-93d9-692c-6502-000000000d00}","processId":"5920","image":"C:\\\\Windows\\\\explorer.exe","fileVersion":"10.0.26100.7019 (WinBuild.160101.0800)","description":"Windows Explorer","product":"Microsoft® Windows® Operating System","company":"Microsoft Corporation","originalFileName":"EXPLORER.EXE","commandLine":"\\\"C:\\\\WINDOWS\\\\explorer.exe\\\" .","currentDirectory":"C:\\\\Users\\\\vboxuser\\\\","user":"WINDOWS\\\\vboxuser","logonGuid":"{de4d1a0f-8e7f-692c-71bf-020000000000}","logonId":"0x2bf71","terminalSessionId":"1","integrityLevel":"High","hashes":"MD5=6B488D6D4D0EBA6B5F01D9CCAA16F67C,SHA256=3D598FE7C698DAD75EC0A4ACD68E512A28505B24F1C81CB0B0E0779D4D2DED1C,IMPHASH=413B9EF19DA4F820A34BBE5ABADC1783","parentProcessGuid":"{de4d1a0f-9323-692c-3c02-000000000d00}","parentProcessId":"10116","parentImage":"C:\\\\Windows\\\\System32\\\\WindowsPowerShell\\\\v1.0\\\\powershell.exe","parentCommandLine":"C:\\\\WINDOWS\\\\System32\\\\WindowsPowerShell\\\\v1.0\\\\powershell.exe","parentUser":"WINDOWS\\\\vboxuser"}}},"location":"EventChannel"}
