{"timestamp":"2025-11-30T19:26:46.208+0000","rule":{"level":10,"description":"Lab: Potential ransomware – high rate of file modifications","id":"100504","firedtimes":2,"mail":false,"groups":["custom_rules","sysmon","windows","ransomware","lab_fim"]},"agent":{"id":"000","name":"balanced-coonhound"},"manager":{"name":"balanced-coonhound"},"id":"1764530806.849794","full_log":"Ending rootcheck scan.","decoder":{"name":"rootcheck"},"data":{"title":"Ending rootcheck scan."},"location":"rootcheck"}
{"timestamp":"2025-11-30T19:29:29.908+0000","rule":{"level":5,"description":"Command not allowed.","id":"5406","firedtimes":1,"mail":false,"groups":["syslog","sudo"],"pci_dss":["10.2.4","10.2.5"],"gpg13":["7.8"],"gdpr":["IV_35.7.d","IV_32.2"],"hipaa":["164.312.b"],"nist_800_53":["AU.14","AC.7"],"tsc":["CC6.1","CC6.8","CC7.2","CC7.3"]},"agent":{"id":"000","name":"balanced-coonhound"},"manager":{"name":"balanced-coonhound"},"id":"1764530969.850068","full_log":"Nov 30 19:29:28 balanced-coonhound sudo:   ubuntu : command not allowed ; TTY=pts/0 ; PWD=/home/ubuntu ; USER=root ; COMMAND=/var/ossec/logs/archives/archives.json","predecoder":{"program_name":"sudo","timestamp":"Nov 30 19:29:28","hostname":"balanced-coonhound"},"decoder":{"parent":"sudo","name":"sudo","ftscomment":"First time user executed the sudo command"},"data":{"srcuser":"ubuntu","dstuser":"root","tty":"pts/0","pwd":"/home/ubuntu","command":"/var/ossec/logs/archives/archives.json"},"location":"/var/log/auth.log"}
{"timestamp":"2025-11-30T19:31:12.094+0000","rule":{"level":3,"description":"Successful sudo to ROOT executed.","id":"5402","mitre":{"id":["T1548.003"],"tactic":["Privilege Escalation","Defense Evasion"],"technique":["Sudo and Sudo Caching"]},"firedtimes":1,"mail":false,"groups":["syslog","sudo"],"pci_dss":["10.2.5","10.2.2"],"gpg13":["7.6","7.8","7.13"],"gdpr":["IV_32.2"],"hipaa":["164.312.b"],"nist_800_53":["AU.14","AC.7","AC.6"],"tsc":["CC6.8","CC7.2","CC7.3"]},"agent":{"id":"000","name":"balanced-coonhound"},"manager":{"name":"balanced-coonhound"},"id":"1764531072.850629","full_log":"Nov 30 19:31:10 balanced-coonhound sudo:   ubuntu : TTY=pts/0 ; PWD=/home/ubuntu ; USER=root ; COMMAND=/usr/bin/cat /var/ossec/logs/archives/archives.json","predecoder":{"program_name":"sudo","timestamp":"Nov 30 19:31:10","hostname":"balanced-coonhound"},"decoder":{"parent":"sudo","name":"sudo","ftscomment":"First time user executed the sudo command"},"data":{"srcuser":"ubuntu","dstuser":"root","tty":"pts/0","pwd":"/home/ubuntu","command":"/usr/bin/cat /var/ossec/logs/archives/archives.json"},"location":"/var/log/auth.log"}
{"timestamp":"2025-11-30T19:31:12.094+0000","rule":{"level":3,"description":"PAM: Login session closed.","id":"5502","firedtimes":2,"mail":false,"groups":["pam","syslog"],"pci_dss":["10.2.5"],"gpg13":["7.8","7.9"],"gdpr":["IV_32.2"],"hipaa":["164.312.b"],"nist_800_53":["AU.14","AC.7"],"tsc":["CC6.8","CC7.2","CC7.3"]},"agent":{"id":"000","name":"balanced-coonhound"},"manager":{"name":"balanced-coonhound"},"id":"1764531072.851220","full_log":"Nov 30 19:31:10 balanced-coonhound sudo: pam_unix(sudo:session): session closed for user root","predecoder":{"program_name":"sudo","timestamp":"Nov 30 19:31:10","hostname":"balanced-coonhound"},"decoder":{"parent":"pam","name":"pam"},"data":{"dstuser":"root"},"location":"/var/log/auth.log"}
{"timestamp":"2025-11-30T19:31:12.094+0000","rule":{"level":3,"description":"PAM: Login session opened.","id":"5501","mitre":{"id":["T1078"],"tactic":["Defense Evasion","Persistence","Privilege Escalation","Initial Access"],"technique":["Valid Accounts"]},"firedtimes":1,"mail":false,"groups":["pam","syslog","authentication_success"],"pci_dss":["10.2.5"],"gpg13":["7.8","7.9"],"gdpr":["IV_32.2"],"hipaa":["164.312.b"],"nist_800_53":["AU.14","AC.7"],"tsc":["CC6.8","CC7.2","CC7.3"]},"agent":{"id":"000","name":"balanced-coonhound"},"manager":{"name":"balanced-coonhound"},"id":"1764531072.851609","full_log":"Nov 30 19:31:10 balanced-coonhound sudo: pam_unix(sudo:session): session opened for user root(uid=0) by ubuntu(uid=1000)","predecoder":{"program_name":"sudo","timestamp":"Nov 30 19:31:10","hostname":"balanced-coonhound"},"decoder":{"parent":"pam","name":"pam"},"data":{"srcuser":"ubuntu","dstuser":"root(uid=0)","uid":"1000"},"location":"/var/log/auth.log"}
{"timestamp":"2025-11-30T19:31:26.109+0000","rule":{"level":3,"description":"Successful sudo to ROOT executed.","id":"5402","mitre":{"id":["T1548.003"],"tactic":["Privilege Escalation","Defense Evasion"],"technique":["Sudo and Sudo Caching"]},"firedtimes":2,"mail":false,"groups":["syslog","sudo"],"pci_dss":["10.2.5","10.2.2"],"gpg13":["7.6","7.8","7.13"],"gdpr":["IV_32.2"],"hipaa":["164.312.b"],"nist_800_53":["AU.14","AC.7","AC.6"],"tsc":["CC6.8","CC7.2","CC7.3"]},"agent":{"id":"000","name":"balanced-coonhound"},"manager":{"name":"balanced-coonhound"},"id":"1764531086.852065","full_log":"Nov 30 19:31:25 balanced-coonhound sudo:   ubuntu : TTY=pts/0 ; PWD=/home/ubuntu ; USER=root ; COMMAND=/usr/bin/ls -l /var/ossec/logs/archives/","predecoder":{"program_name":"sudo","timestamp":"Nov 30 19:31:25","hostname":"balanced-coonhound"},"decoder":{"parent":"sudo","name":"sudo","ftscomment":"First time user executed the sudo command"},"data":{"srcuser":"ubuntu","dstuser":"root","tty":"pts/0","pwd":"/home/ubuntu","command":"/usr/bin/ls -l /var/ossec/logs/archives/"},"location":"/var/log/auth.log"}
{"timestamp":"2025-11-30T19:31:26.109+0000","rule":{"level":3,"description":"PAM: Login session closed.","id":"5502","firedtimes":3,"mail":false,"groups":["pam","syslog"],"pci_dss":["10.2.5"],"gpg13":["7.8","7.9"],"gdpr":["IV_32.2"],"hipaa":["164.312.b"],"nist_800_53":["AU.14","AC.7"],"tsc":["CC6.8","CC7.2","CC7.3"]},"agent":{"id":"000","name":"balanced-coonhound"},"manager":{"name":"balanced-coonhound"},"id":"1764531086.852634","full_log":"Nov 30 19:31:25 balanced-coonhound sudo: pam_unix(sudo:session): session closed for user root","predecoder":{"program_name":"sudo","timestamp":"Nov 30 19:31:25","hostname":"balanced-coonhound"},"decoder":{"parent":"pam","name":"pam"},"data":{"dstuser":"root"},"location":"/var/log/auth.log"}
{"timestamp":"2025-11-30T19:31:26.109+0000","rule":{"level":3,"description":"PAM: Login session opened.","id":"5501","mitre":{"id":["T1078"],"tactic":["Defense Evasion","Persistence","Privilege Escalation","Initial Access"],"technique":["Valid Accounts"]},"firedtimes":2,"mail":false,"groups":["pam","syslog","authentication_success"],"pci_dss":["10.2.5"],"gpg13":["7.8","7.9"],"gdpr":["IV_32.2"],"hipaa":["164.312.b"],"nist_800_53":["AU.14","AC.7"],"tsc":["CC6.8","CC7.2","CC7.3"]},"agent":{"id":"000","name":"balanced-coonhound"},"manager":{"name":"balanced-coonhound"},"id":"1764531086.853023","full_log":"Nov 30 19:31:25 balanced-coonhound sudo: pam_unix(sudo:session): session opened for user root(uid=0) by ubuntu(uid=1000)","predecoder":{"program_name":"sudo","timestamp":"Nov 30 19:31:25","hostname":"balanced-coonhound"},"decoder":{"parent":"pam","name":"pam"},"data":{"srcuser":"ubuntu","dstuser":"root(uid=0)","uid":"1000"},"location":"/var/log/auth.log"}
{"timestamp":"2025-11-30T19:32:20.233+0000","rule":{"level":3,"description":"Successful sudo to ROOT executed.","id":"5402","mitre":{"id":["T1548.003"],"tactic":["Privilege Escalation","Defense Evasion"],"technique":["Sudo and Sudo Caching"]},"firedtimes":3,"mail":false,"groups":["syslog","sudo"],"pci_dss":["10.2.5","10.2.2"],"gpg13":["7.6","7.8","7.13"],"gdpr":["IV_32.2"],"hipaa":["164.312.b"],"nist_800_53":["AU.14","AC.7","AC.6"],"tsc":["CC6.8","CC7.2","CC7.3"]},"agent":{"id":"000","name":"balanced-coonhound"},"manager":{"name":"balanced-coonhound"},"id":"1764531140.853479","full_log":"Nov 30 19:32:20 balanced-coonhound sudo:   ubuntu : TTY=pts/0 ; PWD=/home/ubuntu ; USER=root ; COMMAND=/usr/bin/nano /var/ossec/etc/ossec.conf","predecoder":{"program_name":"sudo","timestamp":"Nov 30 19:32:20","hostname":"balanced-coonhound"},"decoder":{"parent":"sudo","name":"sudo","ftscomment":"First time user executed the sudo command"},"data":{"srcuser":"ubuntu","dstuser":"root","tty":"pts/0","pwd":"/home/ubuntu","command":"/usr/bin/nano /var/ossec/etc/ossec.conf"},"location":"/var/log/auth.log"}
{"timestamp":"2025-11-30T19:32:20.233+0000","rule":{"level":3,"description":"PAM: Login session opened.","id":"5501","mitre":{"id":["T1078"],"tactic":["Defense Evasion","Persistence","Privilege Escalation","Initial Access"],"technique":["Valid Accounts"]},"firedtimes":3,"mail":false,"groups":["pam","syslog","authentication_success"],"pci_dss":["10.2.5"],"gpg13":["7.8","7.9"],"gdpr":["IV_32.2"],"hipaa":["164.312.b"],"nist_800_53":["AU.14","AC.7"],"tsc":["CC6.8","CC7.2","CC7.3"]},"agent":{"id":"000","name":"balanced-coonhound"},"manager":{"name":"balanced-coonhound"},"id":"1764531140.854046","full_log":"Nov 30 19:32:20 balanced-coonhound sudo: pam_unix(sudo:session): session opened for user root(uid=0) by ubuntu(uid=1000)","predecoder":{"program_name":"sudo","timestamp":"Nov 30 19:32:20","hostname":"balanced-coonhound"},"decoder":{"parent":"pam","name":"pam"},"data":{"srcuser":"ubuntu","dstuser":"root(uid=0)","uid":"1000"},"location":"/var/log/auth.log"}
{"timestamp":"2025-11-30T19:32:52.284+0000","rule":{"level":3,"description":"PAM: Login session closed.","id":"5502","firedtimes":4,"mail":false,"groups":["pam","syslog"],"pci_dss":["10.2.5"],"gpg13":["7.8","7.9"],"gdpr":["IV_32.2"],"hipaa":["164.312.b"],"nist_800_53":["AU.14","AC.7"],"tsc":["CC6.8","CC7.2","CC7.3"]},"agent":{"id":"000","name":"balanced-coonhound"},"manager":{"name":"balanced-coonhound"},"id":"1764531172.854502","full_log":"Nov 30 19:32:51 balanced-coonhound sudo: pam_unix(sudo:session): session closed for user root","predecoder":{"program_name":"sudo","timestamp":"Nov 30 19:32:51","hostname":"balanced-coonhound"},"decoder":{"parent":"pam","name":"pam"},"data":{"dstuser":"root"},"location":"/var/log/auth.log"}
{"timestamp":"2025-11-30T19:33:06.979+0000","rule":{"level":10,"description":"Lab: Potential ransomware – high rate of file modifications","id":"100504","firedtimes":1,"mail":false,"groups":["custom_rules","sysmon","windows","ransomware","lab_fim"]},"agent":{"id":"000","name":"balanced-coonhound"},"manager":{"name":"balanced-coonhound"},"id":"1764531186.854891","full_log":"Starting rootcheck scan.","decoder":{"name":"rootcheck"},"data":{"title":"Starting rootcheck scan."},"location":"rootcheck"}
{"timestamp":"2025-11-30T19:33:07.414+0000","rule":{"level":7,"description":"Host-based anomaly detection event (rootcheck).","id":"510","firedtimes":1,"mail":false,"groups":["ossec","rootcheck"],"pci_dss":["10.6.1"],"gdpr":["IV_35.7.d"]},"agent":{"id":"000","name":"balanced-coonhound"},"manager":{"name":"balanced-coonhound"},"id":"1764531187.855169","full_log":"Trojaned version of file '/bin/diff' detected. Signature used: 'bash|^/bin/sh|file\\.h|proc\\.h|/dev/[^n]|^/bin/.*sh' (Generic).","decoder":{"name":"rootcheck"},"data":{"title":"Trojaned version of file detected.","file":"/bin/diff"},"location":"rootcheck"}
{"timestamp":"2025-11-30T19:33:07.429+0000","rule":{"level":7,"description":"Host-based anomaly detection event (rootcheck).","id":"510","firedtimes":2,"mail":false,"groups":["ossec","rootcheck"],"pci_dss":["10.6.1"],"gdpr":["IV_35.7.d"]},"agent":{"id":"000","name":"balanced-coonhound"},"manager":{"name":"balanced-coonhound"},"id":"1764531187.855556","full_log":"Trojaned version of file '/usr/bin/diff' detected. Signature used: 'bash|^/bin/sh|file\\.h|proc\\.h|/dev/[^n]|^/bin/.*sh' (Generic).","decoder":{"name":"rootcheck"},"data":{"title":"Trojaned version of file detected.","file":"/usr/bin/diff"},"location":"rootcheck"}
{"timestamp":"2025-11-30T19:33:15.494+0000","rule":{"level":3,"description":"PAM: Login session closed.","id":"5502","firedtimes":1,"mail":false,"groups":["pam","syslog"],"pci_dss":["10.2.5"],"gpg13":["7.8","7.9"],"gdpr":["IV_32.2"],"hipaa":["164.312.b"],"nist_800_53":["AU.14","AC.7"],"tsc":["CC6.8","CC7.2","CC7.3"]},"agent":{"id":"000","name":"balanced-coonhound"},"manager":{"name":"balanced-coonhound"},"id":"1764531195.855951","full_log":"Nov 30 19:33:14 balanced-coonhound sudo: pam_unix(sudo:session): session closed for user root","predecoder":{"program_name":"sudo","timestamp":"Nov 30 19:33:14","hostname":"balanced-coonhound"},"decoder":{"parent":"pam","name":"pam"},"data":{"dstuser":"root"},"location":"/var/log/auth.log"}
{"timestamp":"2025-11-30T19:33:20.521+0000","rule":{"level":3,"description":"Wazuh server started.","id":"502","firedtimes":1,"mail":false,"groups":["ossec"],"pci_dss":["10.6.1"],"gpg13":["10.1"],"gdpr":["IV_35.7.d"],"hipaa":["164.312.b"],"nist_800_53":["AU.6"],"tsc":["CC7.2","CC7.3"]},"agent":{"id":"000","name":"balanced-coonhound"},"manager":{"name":"balanced-coonhound"},"id":"1764531200.856340","full_log":"ossec: Manager started.","decoder":{"name":"ossec"},"location":"wazuh-monitord"}
{"timestamp":"2025-11-30T19:34:06.499+0000","rule":{"level":10,"description":"Lab: Potential ransomware – high rate of file modifications","id":"100504","firedtimes":2,"mail":false,"groups":["custom_rules","sysmon","windows","ransomware","lab_fim"]},"agent":{"id":"000","name":"balanced-coonhound"},"manager":{"name":"balanced-coonhound"},"id":"1764531246.856599","full_log":"Ending rootcheck scan.","decoder":{"name":"rootcheck"},"data":{"title":"Ending rootcheck scan."},"location":"rootcheck"}
{"timestamp":"2025-11-30T19:36:09.894+0000","rule":{"level":3,"description":"Windows logon success.","id":"60106","mitre":{"id":["T1078"],"tactic":["Defense Evasion","Persistence","Privilege Escalation","Initial Access"],"technique":["Valid Accounts"]},"firedtimes":1,"mail":false,"groups":["windows","windows_security","authentication_success"],"gdpr":["IV_32.2"],"gpg13":["7.1","7.2"],"hipaa":["164.312.b"],"nist_800_53":["AC.7","AU.14"],"pci_dss":["10.2.5"],"tsc":["CC6.8","CC7.2","CC7.3"]},"agent":{"id":"002","name":"Windows","ip":"192.168.178.110"},"manager":{"name":"balanced-coonhound"},"id":"1764531369.856873","decoder":{"name":"windows_eventchannel"},"data":{"win":{"system":{"providerName":"Microsoft-Windows-Security-Auditing","providerGuid":"{54849625-5478-4994-a5ba-3e3b0328c30d}","eventID":"4624","version":"3","level":"0","task":"12544","opcode":"0","keywords":"0x8020000000000000","systemTime":"2025-11-30T19:36:08.5999766Z","eventRecordID":"20730","processID":"884","threadID":"940","channel":"Security","computer":"Windows","severityValue":"AUDIT_SUCCESS","message":"\"An account was successfully logged on.\r\n\r\nSubject:\r\n\tSecurity ID:\t\tS-1-5-18\r\n\tAccount Name:\t\tWINDOWS$\r\n\tAccount Domain:\t\tWORKGROUP\r\n\tLogon ID:\t\t0x3E7\r\n\r\nLogon Information:\r\n\tLogon Type:\t\t5\r\n\tRestricted Admin Mode:\t-\r\n\tRemote Credential Guard:\t-\r\n\tVirtual Account:\t\tNo\r\n\tElevated Token:\t\tYes\r\n\r\nImpersonation Level:\t\tImpersonation\r\n\r\nNew Logon:\r\n\tSecurity ID:\t\tS-1-5-18\r\n\tAccount Name:\t\tSYSTEM\r\n\tAccount Domain:\t\tNT AUTHORITY\r\n\tLogon ID:\t\t0x3E7\r\n\tLinked Logon ID:\t\t0x0\r\n\tNetwork Account Name:\t-\r\n\tNetwork Account Domain:\t-\r\n\tLogon GUID:\t\t{00000000-0000-0000-0000-000000000000}\r\n\r\nProcess Information:\r\n\tProcess ID:\t\t0x360\r\n\tProcess Name:\t\tC:\\Windows\\System32\\services.exe\r\n\r\nNetwork Information:\r\n\tWorkstation Name:\t-\r\n\tSource Network Address:\t-\r\n\tSource Port:\t\t-\r\n\r\nDetailed Authentication Information:\r\n\tLogon Process:\t\tAdvapi  \r\n\tAuthentication Package:\tNegotiate\r\n\tTransited Services:\t-\r\n\tPackage Name (NTLM only):\t-\r\n\tKey Length:\t\t0\r\n\r\nThis event is generated when a logon session is created. It is generated on the computer that was accessed.\r\n\r\nThe subject fields indicate the account on the local system which requested the logon. This is most commonly a service such as the Server service, or a local process such as Winlogon.exe or Services.exe.\r\n\r\nThe logon type field indicates the kind of logon that occurred. The most common types are 2 (interactive) and 3 (network).\r\n\r\nThe New Logon fields indicate the account for whom the new logon was created, i.e. the account that was logged on.\r\n\r\nThe network fields indicate where a remote logon request originated. Workstation name is not always available and may be left blank in some cases.\r\n\r\nThe impersonation level field indicates the extent to which a process in the logon session can impersonate.\r\n\r\nThe authentication information fields provide detailed information about this specific logon request.\r\n\t- Logon GUID is a unique identifier that can be used to correlate this event with a KDC event.\r\n\t- Transited services indicate which intermediate services have participated in this logon request.\r\n\t- Package name indicates which sub-protocol was used among the NTLM protocols.\r\n\t- Key length indicates the length of the generated session key. This will be 0 if no session key was requested.\""},"eventdata":{"subjectUserSid":"S-1-5-18","subjectUserName":"WINDOWS$","subjectDomainName":"WORKGROUP","subjectLogonId":"0x3e7","targetUserSid":"S-1-5-18","targetUserName":"SYSTEM","targetDomainName":"NT AUTHORITY","targetLogonId":"0x3e7","logonType":"5","logonProcessName":"Advapi","authenticationPackageName":"Negotiate","logonGuid":"{00000000-0000-0000-0000-000000000000}","keyLength":"0","processId":"0x360","processName":"C:\\\\Windows\\\\System32\\\\services.exe","impersonationLevel":"%%1833","virtualAccount":"%%1843","targetLinkedLogonId":"0x0","elevatedToken":"%%1842"}}},"location":"EventChannel"}
{"timestamp":"2025-11-30T19:36:11.362+0000","rule":{"level":3,"description":"Windows logon success.","id":"60106","mitre":{"id":["T1078"],"tactic":["Defense Evasion","Persistence","Privilege Escalation","Initial Access"],"technique":["Valid Accounts"]},"firedtimes":2,"mail":false,"groups":["windows","windows_security","authentication_success"],"gdpr":["IV_32.2"],"gpg13":["7.1","7.2"],"hipaa":["164.312.b"],"nist_800_53":["AC.7","AU.14"],"pci_dss":["10.2.5"],"tsc":["CC6.8","CC7.2","CC7.3"]},"agent":{"id":"002","name":"Windows","ip":"192.168.178.110"},"manager":{"name":"balanced-coonhound"},"id":"1764531371.864200","decoder":{"name":"windows_eventchannel"},"data":{"win":{"system":{"providerName":"Microsoft-Windows-Security-Auditing","providerGuid":"{54849625-5478-4994-a5ba-3e3b0328c30d}","eventID":"4624","version":"3","level":"0","task":"12544","opcode":"0","keywords":"0x8020000000000000","systemTime":"2025-11-30T19:36:10.0992325Z","eventRecordID":"20732","processID":"884","threadID":"10952","channel":"Security","computer":"Windows","severityValue":"AUDIT_SUCCESS","message":"\"An account was successfully logged on.\r\n\r\nSubject:\r\n\tSecurity ID:\t\tS-1-5-18\r\n\tAccount Name:\t\tWINDOWS$\r\n\tAccount Domain:\t\tWORKGROUP\r\n\tLogon ID:\t\t0x3E7\r\n\r\nLogon Information:\r\n\tLogon Type:\t\t5\r\n\tRestricted Admin Mode:\t-\r\n\tRemote Credential Guard:\t-\r\n\tVirtual Account:\t\tNo\r\n\tElevated Token:\t\tYes\r\n\r\nImpersonation Level:\t\tImpersonation\r\n\r\nNew Logon:\r\n\tSecurity ID:\t\tS-1-5-18\r\n\tAccount Name:\t\tSYSTEM\r\n\tAccount Domain:\t\tNT AUTHORITY\r\n\tLogon ID:\t\t0x3E7\r\n\tLinked Logon ID:\t\t0x0\r\n\tNetwork Account Name:\t-\r\n\tNetwork Account Domain:\t-\r\n\tLogon GUID:\t\t{00000000-0000-0000-0000-000000000000}\r\n\r\nProcess Information:\r\n\tProcess ID:\t\t0x360\r\n\tProcess Name:\t\tC:\\Windows\\System32\\services.exe\r\n\r\nNetwork Information:\r\n\tWorkstation Name:\t-\r\n\tSource Network Address:\t-\r\n\tSource Port:\t\t-\r\n\r\nDetailed Authentication Information:\r\n\tLogon Process:\t\tAdvapi  \r\n\tAuthentication Package:\tNegotiate\r\n\tTransited Services:\t-\r\n\tPackage Name (NTLM only):\t-\r\n\tKey Length:\t\t0\r\n\r\nThis event is generated when a logon session is created. It is generated on the computer that was accessed.\r\n\r\nThe subject fields indicate the account on the local system which requested the logon. This is most commonly a service such as the Server service, or a local process such as Winlogon.exe or Services.exe.\r\n\r\nThe logon type field indicates the kind of logon that occurred. The most common types are 2 (interactive) and 3 (network).\r\n\r\nThe New Logon fields indicate the account for whom the new logon was created, i.e. the account that was logged on.\r\n\r\nThe network fields indicate where a remote logon request originated. Workstation name is not always available and may be left blank in some cases.\r\n\r\nThe impersonation level field indicates the extent to which a process in the logon session can impersonate.\r\n\r\nThe authentication information fields provide detailed information about this specific logon request.\r\n\t- Logon GUID is a unique identifier that can be used to correlate this event with a KDC event.\r\n\t- Transited services indicate which intermediate services have participated in this logon request.\r\n\t- Package name indicates which sub-protocol was used among the NTLM protocols.\r\n\t- Key length indicates the length of the generated session key. This will be 0 if no session key was requested.\""},"eventdata":{"subjectUserSid":"S-1-5-18","subjectUserName":"WINDOWS$","subjectDomainName":"WORKGROUP","subjectLogonId":"0x3e7","targetUserSid":"S-1-5-18","targetUserName":"SYSTEM","targetDomainName":"NT AUTHORITY","targetLogonId":"0x3e7","logonType":"5","logonProcessName":"Advapi","authenticationPackageName":"Negotiate","logonGuid":"{00000000-0000-0000-0000-000000000000}","keyLength":"0","processId":"0x360","processName":"C:\\\\Windows\\\\System32\\\\services.exe","impersonationLevel":"%%1833","virtualAccount":"%%1843","targetLinkedLogonId":"0x0","elevatedToken":"%%1842"}}},"location":"EventChannel"}
{"timestamp":"2025-11-30T19:36:11.362+0000","rule":{"level":3,"description":"Windows logon success.","id":"60106","mitre":{"id":["T1078"],"tactic":["Defense Evasion","Persistence","Privilege Escalation","Initial Access"],"technique":["Valid Accounts"]},"firedtimes":3,"mail":false,"groups":["windows","windows_security","authentication_success"],"gdpr":["IV_32.2"],"gpg13":["7.1","7.2"],"hipaa":["164.312.b"],"nist_800_53":["AC.7","AU.14"],"pci_dss":["10.2.5"],"tsc":["CC6.8","CC7.2","CC7.3"]},"agent":{"id":"002","name":"Windows","ip":"192.168.178.110"},"manager":{"name":"balanced-coonhound"},"id":"1764531371.871531","decoder":{"name":"windows_eventchannel"},"data":{"win":{"system":{"providerName":"Microsoft-Windows-Security-Auditing","providerGuid":"{54849625-5478-4994-a5ba-3e3b0328c30d}","eventID":"4624","version":"3","level":"0","task":"12544","opcode":"0","keywords":"0x8020000000000000","systemTime":"2025-11-30T19:36:10.6950156Z","eventRecordID":"20734","processID":"884","threadID":"10952","channel":"Security","computer":"Windows","severityValue":"AUDIT_SUCCESS","message":"\"An account was successfully logged on.\r\n\r\nSubject:\r\n\tSecurity ID:\t\tS-1-5-18\r\n\tAccount Name:\t\tWINDOWS$\r\n\tAccount Domain:\t\tWORKGROUP\r\n\tLogon ID:\t\t0x3E7\r\n\r\nLogon Information:\r\n\tLogon Type:\t\t5\r\n\tRestricted Admin Mode:\t-\r\n\tRemote Credential Guard:\t-\r\n\tVirtual Account:\t\tNo\r\n\tElevated Token:\t\tYes\r\n\r\nImpersonation Level:\t\tImpersonation\r\n\r\nNew Logon:\r\n\tSecurity ID:\t\tS-1-5-18\r\n\tAccount Name:\t\tSYSTEM\r\n\tAccount Domain:\t\tNT AUTHORITY\r\n\tLogon ID:\t\t0x3E7\r\n\tLinked Logon ID:\t\t0x0\r\n\tNetwork Account Name:\t-\r\n\tNetwork Account Domain:\t-\r\n\tLogon GUID:\t\t{00000000-0000-0000-0000-000000000000}\r\n\r\nProcess Information:\r\n\tProcess ID:\t\t0x360\r\n\tProcess Name:\t\tC:\\Windows\\System32\\services.exe\r\n\r\nNetwork Information:\r\n\tWorkstation Name:\t-\r\n\tSource Network Address:\t-\r\n\tSource Port:\t\t-\r\n\r\nDetailed Authentication Information:\r\n\tLogon Process:\t\tAdvapi  \r\n\tAuthentication Package:\tNegotiate\r\n\tTransited Services:\t-\r\n\tPackage Name (NTLM only):\t-\r\n\tKey Length:\t\t0\r\n\r\nThis event is generated when a logon session is created. It is generated on the computer that was accessed.\r\n\r\nThe subject fields indicate the account on the local system which requested the logon. This is most commonly a service such as the Server service, or a local process such as Winlogon.exe or Services.exe.\r\n\r\nThe logon type field indicates the kind of logon that occurred. The most common types are 2 (interactive) and 3 (network).\r\n\r\nThe New Logon fields indicate the account for whom the new logon was created, i.e. the account that was logged on.\r\n\r\nThe network fields indicate where a remote logon request originated. Workstation name is not always available and may be left blank in some cases.\r\n\r\nThe impersonation level field indicates the extent to which a process in the logon session can impersonate.\r\n\r\nThe authentication information fields provide detailed information about this specific logon request.\r\n\t- Logon GUID is a unique identifier that can be used to correlate this event with a KDC event.\r\n\t- Transited services indicate which intermediate services have participated in this logon request.\r\n\t- Package name indicates which sub-protocol was used among the NTLM protocols.\r\n\t- Key length indicates the length of the generated session key. This will be 0 if no session key was requested.\""},"eventdata":{"subjectUserSid":"S-1-5-18","subjectUserName":"WINDOWS$","subjectDomainName":"WORKGROUP","subjectLogonId":"0x3e7","targetUserSid":"S-1-5-18","targetUserName":"SYSTEM","targetDomainName":"NT AUTHORITY","targetLogonId":"0x3e7","logonType":"5","logonProcessName":"Advapi","authenticationPackageName":"Negotiate","logonGuid":"{00000000-0000-0000-0000-000000000000}","keyLength":"0","processId":"0x360","processName":"C:\\\\Windows\\\\System32\\\\services.exe","impersonationLevel":"%%1833","virtualAccount":"%%1843","targetLinkedLogonId":"0x0","elevatedToken":"%%1842"}}},"location":"EventChannel"}
{"timestamp":"2025-11-30T19:38:01.795+0000","rule":{"level":3,"description":"Windows logon success.","id":"60106","mitre":{"id":["T1078"],"tactic":["Defense Evasion","Persistence","Privilege Escalation","Initial Access"],"technique":["Valid Accounts"]},"firedtimes":4,"mail":false,"groups":["windows","windows_security","authentication_success"],"gdpr":["IV_32.2"],"gpg13":["7.1","7.2"],"hipaa":["164.312.b"],"nist_800_53":["AC.7","AU.14"],"pci_dss":["10.2.5"],"tsc":["CC6.8","CC7.2","CC7.3"]},"agent":{"id":"002","name":"Windows","ip":"192.168.178.110"},"manager":{"name":"balanced-coonhound"},"id":"1764531481.878862","decoder":{"name":"windows_eventchannel"},"data":{"win":{"system":{"providerName":"Microsoft-Windows-Security-Auditing","providerGuid":"{54849625-5478-4994-a5ba-3e3b0328c30d}","eventID":"4624","version":"3","level":"0","task":"12544","opcode":"0","keywords":"0x8020000000000000","systemTime":"2025-11-30T19:38:00.5051213Z","eventRecordID":"20736","processID":"884","threadID":"9380","channel":"Security","computer":"Windows","severityValue":"AUDIT_SUCCESS","message":"\"An account was successfully logged on.\r\n\r\nSubject:\r\n\tSecurity ID:\t\tS-1-5-18\r\n\tAccount Name:\t\tWINDOWS$\r\n\tAccount Domain:\t\tWORKGROUP\r\n\tLogon ID:\t\t0x3E7\r\n\r\nLogon Information:\r\n\tLogon Type:\t\t5\r\n\tRestricted Admin Mode:\t-\r\n\tRemote Credential Guard:\t-\r\n\tVirtual Account:\t\tNo\r\n\tElevated Token:\t\tYes\r\n\r\nImpersonation Level:\t\tImpersonation\r\n\r\nNew Logon:\r\n\tSecurity ID:\t\tS-1-5-18\r\n\tAccount Name:\t\tSYSTEM\r\n\tAccount Domain:\t\tNT AUTHORITY\r\n\tLogon ID:\t\t0x3E7\r\n\tLinked Logon ID:\t\t0x0\r\n\tNetwork Account Name:\t-\r\n\tNetwork Account Domain:\t-\r\n\tLogon GUID:\t\t{00000000-0000-0000-0000-000000000000}\r\n\r\nProcess Information:\r\n\tProcess ID:\t\t0x360\r\n\tProcess Name:\t\tC:\\Windows\\System32\\services.exe\r\n\r\nNetwork Information:\r\n\tWorkstation Name:\t-\r\n\tSource Network Address:\t-\r\n\tSource Port:\t\t-\r\n\r\nDetailed Authentication Information:\r\n\tLogon Process:\t\tAdvapi  \r\n\tAuthentication Package:\tNegotiate\r\n\tTransited Services:\t-\r\n\tPackage Name (NTLM only):\t-\r\n\tKey Length:\t\t0\r\n\r\nThis event is generated when a logon session is created. It is generated on the computer that was accessed.\r\n\r\nThe subject fields indicate the account on the local system which requested the logon. This is most commonly a service such as the Server service, or a local process such as Winlogon.exe or Services.exe.\r\n\r\nThe logon type field indicates the kind of logon that occurred. The most common types are 2 (interactive) and 3 (network).\r\n\r\nThe New Logon fields indicate the account for whom the new logon was created, i.e. the account that was logged on.\r\n\r\nThe network fields indicate where a remote logon request originated. Workstation name is not always available and may be left blank in some cases.\r\n\r\nThe impersonation level field indicates the extent to which a process in the logon session can impersonate.\r\n\r\nThe authentication information fields provide detailed information about this specific logon request.\r\n\t- Logon GUID is a unique identifier that can be used to correlate this event with a KDC event.\r\n\t- Transited services indicate which intermediate services have participated in this logon request.\r\n\t- Package name indicates which sub-protocol was used among the NTLM protocols.\r\n\t- Key length indicates the length of the generated session key. This will be 0 if no session key was requested.\""},"eventdata":{"subjectUserSid":"S-1-5-18","subjectUserName":"WINDOWS$","subjectDomainName":"WORKGROUP","subjectLogonId":"0x3e7","targetUserSid":"S-1-5-18","targetUserName":"SYSTEM","targetDomainName":"NT AUTHORITY","targetLogonId":"0x3e7","logonType":"5","logonProcessName":"Advapi","authenticationPackageName":"Negotiate","logonGuid":"{00000000-0000-0000-0000-000000000000}","keyLength":"0","processId":"0x360","processName":"C:\\\\Windows\\\\System32\\\\services.exe","impersonationLevel":"%%1833","virtualAccount":"%%1843","targetLinkedLogonId":"0x0","elevatedToken":"%%1842"}}},"location":"EventChannel"}
{"timestamp":"2025-11-30T19:38:11.147+0000","rule":{"level":3,"description":"Windows logon success.","id":"60106","mitre":{"id":["T1078"],"tactic":["Defense Evasion","Persistence","Privilege Escalation","Initial Access"],"technique":["Valid Accounts"]},"firedtimes":5,"mail":false,"groups":["windows","windows_security","authentication_success"],"gdpr":["IV_32.2"],"gpg13":["7.1","7.2"],"hipaa":["164.312.b"],"nist_800_53":["AC.7","AU.14"],"pci_dss":["10.2.5"],"tsc":["CC6.8","CC7.2","CC7.3"]},"agent":{"id":"002","name":"Windows","ip":"192.168.178.110"},"manager":{"name":"balanced-coonhound"},"id":"1764531491.886191","decoder":{"name":"windows_eventchannel"},"data":{"win":{"system":{"providerName":"Microsoft-Windows-Security-Auditing","providerGuid":"{54849625-5478-4994-a5ba-3e3b0328c30d}","eventID":"4624","version":"3","level":"0","task":"12544","opcode":"0","keywords":"0x8020000000000000","systemTime":"2025-11-30T19:38:09.8428224Z","eventRecordID":"20738","processID":"884","threadID":"940","channel":"Security","computer":"Windows","severityValue":"AUDIT_SUCCESS","message":"\"An account was successfully logged on.\r\n\r\nSubject:\r\n\tSecurity ID:\t\tS-1-5-18\r\n\tAccount Name:\t\tWINDOWS$\r\n\tAccount Domain:\t\tWORKGROUP\r\n\tLogon ID:\t\t0x3E7\r\n\r\nLogon Information:\r\n\tLogon Type:\t\t5\r\n\tRestricted Admin Mode:\t-\r\n\tRemote Credential Guard:\t-\r\n\tVirtual Account:\t\tNo\r\n\tElevated Token:\t\tYes\r\n\r\nImpersonation Level:\t\tImpersonation\r\n\r\nNew Logon:\r\n\tSecurity ID:\t\tS-1-5-18\r\n\tAccount Name:\t\tSYSTEM\r\n\tAccount Domain:\t\tNT AUTHORITY\r\n\tLogon ID:\t\t0x3E7\r\n\tLinked Logon ID:\t\t0x0\r\n\tNetwork Account Name:\t-\r\n\tNetwork Account Domain:\t-\r\n\tLogon GUID:\t\t{00000000-0000-0000-0000-000000000000}\r\n\r\nProcess Information:\r\n\tProcess ID:\t\t0x360\r\n\tProcess Name:\t\tC:\\Windows\\System32\\services.exe\r\n\r\nNetwork Information:\r\n\tWorkstation Name:\t-\r\n\tSource Network Address:\t-\r\n\tSource Port:\t\t-\r\n\r\nDetailed Authentication Information:\r\n\tLogon Process:\t\tAdvapi  \r\n\tAuthentication Package:\tNegotiate\r\n\tTransited Services:\t-\r\n\tPackage Name (NTLM only):\t-\r\n\tKey Length:\t\t0\r\n\r\nThis event is generated when a logon session is created. It is generated on the computer that was accessed.\r\n\r\nThe subject fields indicate the account on the local system which requested the logon. This is most commonly a service such as the Server service, or a local process such as Winlogon.exe or Services.exe.\r\n\r\nThe logon type field indicates the kind of logon that occurred. The most common types are 2 (interactive) and 3 (network).\r\n\r\nThe New Logon fields indicate the account for whom the new logon was created, i.e. the account that was logged on.\r\n\r\nThe network fields indicate where a remote logon request originated. Workstation name is not always available and may be left blank in some cases.\r\n\r\nThe impersonation level field indicates the extent to which a process in the logon session can impersonate.\r\n\r\nThe authentication information fields provide detailed information about this specific logon request.\r\n\t- Logon GUID is a unique identifier that can be used to correlate this event with a KDC event.\r\n\t- Transited services indicate which intermediate services have participated in this logon request.\r\n\t- Package name indicates which sub-protocol was used among the NTLM protocols.\r\n\t- Key length indicates the length of the generated session key. This will be 0 if no session key was requested.\""},"eventdata":{"subjectUserSid":"S-1-5-18","subjectUserName":"WINDOWS$","subjectDomainName":"WORKGROUP","subjectLogonId":"0x3e7","targetUserSid":"S-1-5-18","targetUserName":"SYSTEM","targetDomainName":"NT AUTHORITY","targetLogonId":"0x3e7","logonType":"5","logonProcessName":"Advapi","authenticationPackageName":"Negotiate","logonGuid":"{00000000-0000-0000-0000-000000000000}","keyLength":"0","processId":"0x360","processName":"C:\\\\Windows\\\\System32\\\\services.exe","impersonationLevel":"%%1833","virtualAccount":"%%1843","targetLinkedLogonId":"0x0","elevatedToken":"%%1842"}}},"location":"EventChannel"}
{"timestamp":"2025-11-30T19:38:12.078+0000","rule":{"level":3,"description":"Service startup type was changed","id":"61104","info":"This does not appear to be logged on Windows 2000","firedtimes":1,"mail":false,"groups":["windows","windows_system","policy_changed"],"pci_dss":["10.6"],"gdpr":["IV_35.7.d"],"hipaa":["164.312.b"],"nist_800_53":["AU.6"],"tsc":["CC6.1","CC6.8","CC7.2","CC7.3"]},"agent":{"id":"002","name":"Windows","ip":"192.168.178.110"},"manager":{"name":"balanced-coonhound"},"id":"1764531492.893518","decoder":{"name":"windows_eventchannel"},"data":{"win":{"system":{"providerName":"Service Control Manager","providerGuid":"{555908d1-a6d7-4695-8e1e-26931d2012f4}","eventSourceName":"Service Control Manager","eventID":"7040","version":"0","level":"4","task":"0","opcode":"0","keywords":"0x8080000000000000","systemTime":"2025-11-30T19:38:10.7800363Z","eventRecordID":"2051","processID":"864","threadID":"4884","channel":"System","computer":"Windows","severityValue":"INFORMATION","message":"\"The start type of the Windows Modules Installer service was changed from demand start to auto start.\""},"eventdata":{"param1":"Windows Modules Installer","param2":"demand start","param3":"auto start","param4":"TrustedInstaller"}}},"location":"EventChannel"}
{"timestamp":"2025-11-30T19:39:09.603+0000","rule":{"level":3,"description":"Windows logon success.","id":"60106","mitre":{"id":["T1078"],"tactic":["Defense Evasion","Persistence","Privilege Escalation","Initial Access"],"technique":["Valid Accounts"]},"firedtimes":6,"mail":false,"groups":["windows","windows_security","authentication_success"],"gdpr":["IV_32.2"],"gpg13":["7.1","7.2"],"hipaa":["164.312.b"],"nist_800_53":["AC.7","AU.14"],"pci_dss":["10.2.5"],"tsc":["CC6.8","CC7.2","CC7.3"]},"agent":{"id":"002","name":"Windows","ip":"192.168.178.110"},"manager":{"name":"balanced-coonhound"},"id":"1764531549.895293","decoder":{"name":"windows_eventchannel"},"data":{"win":{"system":{"providerName":"Microsoft-Windows-Security-Auditing","providerGuid":"{54849625-5478-4994-a5ba-3e3b0328c30d}","eventID":"4624","version":"3","level":"0","task":"12544","opcode":"0","keywords":"0x8020000000000000","systemTime":"2025-11-30T19:39:08.3013403Z","eventRecordID":"20740","processID":"884","threadID":"940","channel":"Security","computer":"Windows","severityValue":"AUDIT_SUCCESS","message":"\"An account was successfully logged on.\r\n\r\nSubject:\r\n\tSecurity ID:\t\tS-1-5-18\r\n\tAccount Name:\t\tWINDOWS$\r\n\tAccount Domain:\t\tWORKGROUP\r\n\tLogon ID:\t\t0x3E7\r\n\r\nLogon Information:\r\n\tLogon Type:\t\t5\r\n\tRestricted Admin Mode:\t-\r\n\tRemote Credential Guard:\t-\r\n\tVirtual Account:\t\tNo\r\n\tElevated Token:\t\tYes\r\n\r\nImpersonation Level:\t\tImpersonation\r\n\r\nNew Logon:\r\n\tSecurity ID:\t\tS-1-5-18\r\n\tAccount Name:\t\tSYSTEM\r\n\tAccount Domain:\t\tNT AUTHORITY\r\n\tLogon ID:\t\t0x3E7\r\n\tLinked Logon ID:\t\t0x0\r\n\tNetwork Account Name:\t-\r\n\tNetwork Account Domain:\t-\r\n\tLogon GUID:\t\t{00000000-0000-0000-0000-000000000000}\r\n\r\nProcess Information:\r\n\tProcess ID:\t\t0x360\r\n\tProcess Name:\t\tC:\\Windows\\System32\\services.exe\r\n\r\nNetwork Information:\r\n\tWorkstation Name:\t-\r\n\tSource Network Address:\t-\r\n\tSource Port:\t\t-\r\n\r\nDetailed Authentication Information:\r\n\tLogon Process:\t\tAdvapi  \r\n\tAuthentication Package:\tNegotiate\r\n\tTransited Services:\t-\r\n\tPackage Name (NTLM only):\t-\r\n\tKey Length:\t\t0\r\n\r\nThis event is generated when a logon session is created. It is generated on the computer that was accessed.\r\n\r\nThe subject fields indicate the account on the local system which requested the logon. This is most commonly a service such as the Server service, or a local process such as Winlogon.exe or Services.exe.\r\n\r\nThe logon type field indicates the kind of logon that occurred. The most common types are 2 (interactive) and 3 (network).\r\n\r\nThe New Logon fields indicate the account for whom the new logon was created, i.e. the account that was logged on.\r\n\r\nThe network fields indicate where a remote logon request originated. Workstation name is not always available and may be left blank in some cases.\r\n\r\nThe impersonation level field indicates the extent to which a process in the logon session can impersonate.\r\n\r\nThe authentication information fields provide detailed information about this specific logon request.\r\n\t- Logon GUID is a unique identifier that can be used to correlate this event with a KDC event.\r\n\t- Transited services indicate which intermediate services have participated in this logon request.\r\n\t- Package name indicates which sub-protocol was used among the NTLM protocols.\r\n\t- Key length indicates the length of the generated session key. This will be 0 if no session key was requested.\""},"eventdata":{"subjectUserSid":"S-1-5-18","subjectUserName":"WINDOWS$","subjectDomainName":"WORKGROUP","subjectLogonId":"0x3e7","targetUserSid":"S-1-5-18","targetUserName":"SYSTEM","targetDomainName":"NT AUTHORITY","targetLogonId":"0x3e7","logonType":"5","logonProcessName":"Advapi","authenticationPackageName":"Negotiate","logonGuid":"{00000000-0000-0000-0000-000000000000}","keyLength":"0","processId":"0x360","processName":"C:\\\\Windows\\\\System32\\\\services.exe","impersonationLevel":"%%1833","virtualAccount":"%%1843","targetLinkedLogonId":"0x0","elevatedToken":"%%1842"}}},"location":"EventChannel"}
{"timestamp":"2025-11-30T19:39:09.744+0000","rule":{"level":3,"description":"Service startup type was changed","id":"61104","info":"This does not appear to be logged on Windows 2000","firedtimes":2,"mail":false,"groups":["windows","windows_system","policy_changed"],"pci_dss":["10.6"],"gdpr":["IV_35.7.d"],"hipaa":["164.312.b"],"nist_800_53":["AU.6"],"tsc":["CC6.1","CC6.8","CC7.2","CC7.3"]},"agent":{"id":"002","name":"Windows","ip":"192.168.178.110"},"manager":{"name":"balanced-coonhound"},"id":"1764531549.902620","decoder":{"name":"windows_eventchannel"},"data":{"win":{"system":{"providerName":"Service Control Manager","providerGuid":"{555908d1-a6d7-4695-8e1e-26931d2012f4}","eventSourceName":"Service Control Manager","eventID":"7040","version":"0","level":"4","task":"0","opcode":"0","keywords":"0x8080000000000000","systemTime":"2025-11-30T19:39:08.4862076Z","eventRecordID":"2052","processID":"864","threadID":"10688","channel":"System","computer":"Windows","severityValue":"INFORMATION","message":"\"The start type of the Background Intelligent Transfer Service service was changed from demand start to auto start.\""},"eventdata":{"param1":"Background Intelligent Transfer Service","param2":"demand start","param3":"auto start","param4":"BITS"}}},"location":"EventChannel"}
{"timestamp":"2025-11-30T19:41:14.171+0000","rule":{"level":3,"description":"Service startup type was changed","id":"61104","info":"This does not appear to be logged on Windows 2000","firedtimes":3,"mail":false,"groups":["windows","windows_system","policy_changed"],"pci_dss":["10.6"],"gdpr":["IV_35.7.d"],"hipaa":["164.312.b"],"nist_800_53":["AU.6"],"tsc":["CC6.1","CC6.8","CC7.2","CC7.3"]},"agent":{"id":"002","name":"Windows","ip":"192.168.178.110"},"manager":{"name":"balanced-coonhound"},"id":"1764531674.904429","decoder":{"name":"windows_eventchannel"},"data":{"win":{"system":{"providerName":"Service Control Manager","providerGuid":"{555908d1-a6d7-4695-8e1e-26931d2012f4}","eventSourceName":"Service Control Manager","eventID":"7040","version":"0","level":"4","task":"0","opcode":"0","keywords":"0x8080000000000000","systemTime":"2025-11-30T19:41:12.9223885Z","eventRecordID":"2053","processID":"864","threadID":"4884","channel":"System","computer":"Windows","severityValue":"INFORMATION","message":"\"The start type of the Background Intelligent Transfer Service service was changed from auto start to demand start.\""},"eventdata":{"param1":"Background Intelligent Transfer Service","param2":"auto start","param3":"demand start","param4":"BITS"}}},"location":"EventChannel"}
{"timestamp":"2025-11-30T19:41:46.241+0000","rule":{"level":3,"description":"Windows logon success.","id":"60106","mitre":{"id":["T1078"],"tactic":["Defense Evasion","Persistence","Privilege Escalation","Initial Access"],"technique":["Valid Accounts"]},"firedtimes":7,"mail":false,"groups":["windows","windows_security","authentication_success"],"gdpr":["IV_32.2"],"gpg13":["7.1","7.2"],"hipaa":["164.312.b"],"nist_800_53":["AC.7","AU.14"],"pci_dss":["10.2.5"],"tsc":["CC6.8","CC7.2","CC7.3"]},"agent":{"id":"002","name":"Windows","ip":"192.168.178.110"},"manager":{"name":"balanced-coonhound"},"id":"1764531706.906236","decoder":{"name":"windows_eventchannel"},"data":{"win":{"system":{"providerName":"Microsoft-Windows-Security-Auditing","providerGuid":"{54849625-5478-4994-a5ba-3e3b0328c30d}","eventID":"4624","version":"3","level":"0","task":"12544","opcode":"0","keywords":"0x8020000000000000","systemTime":"2025-11-30T19:41:44.9528873Z","eventRecordID":"20743","processID":"884","threadID":"940","channel":"Security","computer":"Windows","severityValue":"AUDIT_SUCCESS","message":"\"An account was successfully logged on.\r\n\r\nSubject:\r\n\tSecurity ID:\t\tS-1-5-18\r\n\tAccount Name:\t\tWINDOWS$\r\n\tAccount Domain:\t\tWORKGROUP\r\n\tLogon ID:\t\t0x3E7\r\n\r\nLogon Information:\r\n\tLogon Type:\t\t5\r\n\tRestricted Admin Mode:\t-\r\n\tRemote Credential Guard:\t-\r\n\tVirtual Account:\t\tNo\r\n\tElevated Token:\t\tYes\r\n\r\nImpersonation Level:\t\tImpersonation\r\n\r\nNew Logon:\r\n\tSecurity ID:\t\tS-1-5-18\r\n\tAccount Name:\t\tSYSTEM\r\n\tAccount Domain:\t\tNT AUTHORITY\r\n\tLogon ID:\t\t0x3E7\r\n\tLinked Logon ID:\t\t0x0\r\n\tNetwork Account Name:\t-\r\n\tNetwork Account Domain:\t-\r\n\tLogon GUID:\t\t{00000000-0000-0000-0000-000000000000}\r\n\r\nProcess Information:\r\n\tProcess ID:\t\t0x360\r\n\tProcess Name:\t\tC:\\Windows\\System32\\services.exe\r\n\r\nNetwork Information:\r\n\tWorkstation Name:\t-\r\n\tSource Network Address:\t-\r\n\tSource Port:\t\t-\r\n\r\nDetailed Authentication Information:\r\n\tLogon Process:\t\tAdvapi  \r\n\tAuthentication Package:\tNegotiate\r\n\tTransited Services:\t-\r\n\tPackage Name (NTLM only):\t-\r\n\tKey Length:\t\t0\r\n\r\nThis event is generated when a logon session is created. It is generated on the computer that was accessed.\r\n\r\nThe subject fields indicate the account on the local system which requested the logon. This is most commonly a service such as the Server service, or a local process such as Winlogon.exe or Services.exe.\r\n\r\nThe logon type field indicates the kind of logon that occurred. The most common types are 2 (interactive) and 3 (network).\r\n\r\nThe New Logon fields indicate the account for whom the new logon was created, i.e. the account that was logged on.\r\n\r\nThe network fields indicate where a remote logon request originated. Workstation name is not always available and may be left blank in some cases.\r\n\r\nThe impersonation level field indicates the extent to which a process in the logon session can impersonate.\r\n\r\nThe authentication information fields provide detailed information about this specific logon request.\r\n\t- Logon GUID is a unique identifier that can be used to correlate this event with a KDC event.\r\n\t- Transited services indicate which intermediate services have participated in this logon request.\r\n\t- Package name indicates which sub-protocol was used among the NTLM protocols.\r\n\t- Key length indicates the length of the generated session key. This will be 0 if no session key was requested.\""},"eventdata":{"subjectUserSid":"S-1-5-18","subjectUserName":"WINDOWS$","subjectDomainName":"WORKGROUP","subjectLogonId":"0x3e7","targetUserSid":"S-1-5-18","targetUserName":"SYSTEM","targetDomainName":"NT AUTHORITY","targetLogonId":"0x3e7","logonType":"5","logonProcessName":"Advapi","authenticationPackageName":"Negotiate","logonGuid":"{00000000-0000-0000-0000-000000000000}","keyLength":"0","processId":"0x360","processName":"C:\\\\Windows\\\\System32\\\\services.exe","impersonationLevel":"%%1833","virtualAccount":"%%1843","targetLinkedLogonId":"0x0","elevatedToken":"%%1842"}}},"location":"EventChannel"}
{"timestamp":"2025-11-30T19:42:16.769+0000","rule":{"level":3,"description":"Software protection service scheduled successfully.","id":"60642","firedtimes":1,"mail":false,"groups":["windows","windows_application"]},"agent":{"id":"002","name":"Windows","ip":"192.168.178.110"},"manager":{"name":"balanced-coonhound"},"id":"1764531736.913563","decoder":{"name":"windows_eventchannel"},"data":{"win":{"system":{"providerName":"Microsoft-Windows-Security-SPP","providerGuid":"{E23B33B0-C8C9-472C-A5F9-F2BDFEA0F156}","eventSourceName":"Software Protection Platform Service","eventID":"16384","version":"0","level":"4","task":"0","opcode":"0","keywords":"0x80000000000000","systemTime":"2025-11-30T19:42:16.5163843Z","eventRecordID":"856","processID":"5668","threadID":"0","channel":"Application","computer":"Windows","severityValue":"INFORMATION","message":"\"Successfully scheduled Software Protection service for re-start at 2025-12-01T18:36:16Z. Reason: RulesEngine.\""},"eventdata":{"data":"2025-12-01T18:36:16Z, RulesEngine"}}},"location":"EventChannel"}
{"timestamp":"2025-11-30T19:42:30.526+0000","rule":{"level":3,"description":"Service startup type was changed","id":"61104","info":"This does not appear to be logged on Windows 2000","firedtimes":4,"mail":false,"groups":["windows","windows_system","policy_changed"],"pci_dss":["10.6"],"gdpr":["IV_35.7.d"],"hipaa":["164.312.b"],"nist_800_53":["AU.6"],"tsc":["CC6.1","CC6.8","CC7.2","CC7.3"]},"agent":{"id":"002","name":"Windows","ip":"192.168.178.110"},"manager":{"name":"balanced-coonhound"},"id":"1764531750.915137","decoder":{"name":"windows_eventchannel"},"data":{"win":{"system":{"providerName":"Service Control Manager","providerGuid":"{555908d1-a6d7-4695-8e1e-26931d2012f4}","eventSourceName":"Service Control Manager","eventID":"7040","version":"0","level":"4","task":"0","opcode":"0","keywords":"0x8080000000000000","systemTime":"2025-11-30T19:42:29.2757199Z","eventRecordID":"2054","processID":"864","threadID":"9556","channel":"System","computer":"Windows","severityValue":"INFORMATION","message":"\"The start type of the Windows Modules Installer service was changed from auto start to demand start.\""},"eventdata":{"param1":"Windows Modules Installer","param2":"auto start","param3":"demand start","param4":"TrustedInstaller"}}},"location":"EventChannel"}
{"timestamp":"2025-11-30T19:42:32.043+0000","rule":{"level":3,"description":"Service startup type was changed","id":"61104","info":"This does not appear to be logged on Windows 2000","firedtimes":5,"mail":false,"groups":["windows","windows_system","policy_changed"],"pci_dss":["10.6"],"gdpr":["IV_35.7.d"],"hipaa":["164.312.b"],"nist_800_53":["AU.6"],"tsc":["CC6.1","CC6.8","CC7.2","CC7.3"]},"agent":{"id":"002","name":"Windows","ip":"192.168.178.110"},"manager":{"name":"balanced-coonhound"},"id":"1764531752.916912","decoder":{"name":"windows_eventchannel"},"data":{"win":{"system":{"providerName":"Service Control Manager","providerGuid":"{555908d1-a6d7-4695-8e1e-26931d2012f4}","eventSourceName":"Service Control Manager","eventID":"7040","version":"0","level":"4","task":"0","opcode":"0","keywords":"0x8080000000000000","systemTime":"2025-11-30T19:42:30.7868687Z","eventRecordID":"2055","processID":"864","threadID":"9556","channel":"System","computer":"Windows","severityValue":"INFORMATION","message":"\"The start type of the Windows Modules Installer service was changed from demand start to auto start.\""},"eventdata":{"param1":"Windows Modules Installer","param2":"demand start","param3":"auto start","param4":"TrustedInstaller"}}},"location":"EventChannel"}
