{"timestamp":"2025-11-30T13:37:11.699+0000","rule":{"level":10,"description":"Lab: Potential ransomware – high rate of file modifications","id":"100504","firedtimes":1,"mail":false,"groups":["custom_rules","sysmon","windows","ransomware","lab_fim"]},"agent":{"id":"000","name":"balanced-coonhound"},"manager":{"name":"balanced-coonhound"},"id":"1764509831.0","full_log":"Starting rootcheck scan.","decoder":{"name":"rootcheck"},"data":{"title":"Starting rootcheck scan."},"location":"rootcheck"}
{"timestamp":"2025-11-30T13:37:12.047+0000","rule":{"level":7,"description":"Host-based anomaly detection event (rootcheck).","id":"510","firedtimes":1,"mail":false,"groups":["ossec","rootcheck"],"pci_dss":["10.6.1"],"gdpr":["IV_35.7.d"]},"agent":{"id":"000","name":"balanced-coonhound"},"manager":{"name":"balanced-coonhound"},"id":"1764509832.273","full_log":"Trojaned version of file '/bin/diff' detected. Signature used: 'bash|^/bin/sh|file\\.h|proc\\.h|/dev/[^n]|^/bin/.*sh' (Generic).","decoder":{"name":"rootcheck"},"data":{"title":"Trojaned version of file detected.","file":"/bin/diff"},"location":"rootcheck"}
{"timestamp":"2025-11-30T13:37:12.059+0000","rule":{"level":7,"description":"Host-based anomaly detection event (rootcheck).","id":"510","firedtimes":2,"mail":false,"groups":["ossec","rootcheck"],"pci_dss":["10.6.1"],"gdpr":["IV_35.7.d"]},"agent":{"id":"000","name":"balanced-coonhound"},"manager":{"name":"balanced-coonhound"},"id":"1764509832.657","full_log":"Trojaned version of file '/usr/bin/diff' detected. Signature used: 'bash|^/bin/sh|file\\.h|proc\\.h|/dev/[^n]|^/bin/.*sh' (Generic).","decoder":{"name":"rootcheck"},"data":{"title":"Trojaned version of file detected.","file":"/usr/bin/diff"},"location":"rootcheck"}
{"timestamp":"2025-11-30T13:37:19.827+0000","rule":{"level":3,"description":"PAM: Login session closed.","id":"5502","firedtimes":1,"mail":false,"groups":["pam","syslog"],"pci_dss":["10.2.5"],"gpg13":["7.8","7.9"],"gdpr":["IV_32.2"],"hipaa":["164.312.b"],"nist_800_53":["AU.14","AC.7"],"tsc":["CC6.8","CC7.2","CC7.3"]},"agent":{"id":"000","name":"balanced-coonhound"},"manager":{"name":"balanced-coonhound"},"id":"1764509839.1049","full_log":"Nov 30 13:37:19 balanced-coonhound sudo: pam_unix(sudo:session): session closed for user root","predecoder":{"program_name":"sudo","timestamp":"Nov 30 13:37:19","hostname":"balanced-coonhound"},"decoder":{"parent":"pam","name":"pam"},"data":{"dstuser":"root"},"location":"/var/log/auth.log"}
{"timestamp":"2025-11-30T13:37:24.415+0000","rule":{"level":9,"description":"CIS Ubuntu Linux 22.04 LTS Benchmark v1.0.0: Ensure all AppArmor Profiles are enforcing.: Status changed from passed to failed","id":"19011","firedtimes":1,"mail":false,"groups":["sca"],"gdpr":["IV_35.7.d"],"pci_dss":["2.2"],"nist_800_53":["CM.1"],"tsc":["CC7.1","CC7.2"],"cis":["1.6.1.4"],"cis_csc_v7":["14.6"],"cis_csc_v8":["3.3"],"mitre_techniques":["T1068","T1565","T1565.001","T1565.003"],"mitre_tactics":["TA0005"],"hipaa":["164.308(a)(3)(i)","164.308(a)(3)(ii)(A)","164.312(a)(1)"],"nist_sp_800-53":["AC-5","AC-6"],"soc_2":["CC5.2","CC6.1"]},"agent":{"id":"000","name":"balanced-coonhound"},"manager":{"name":"balanced-coonhound"},"id":"1764509844.1436","decoder":{"name":"sca"},"data":{"sca":{"type":"check","scan_id":"1972863346","policy":"CIS Ubuntu Linux 22.04 LTS Benchmark v1.0.0","check":{"id":"28536","title":"Ensure all AppArmor Profiles are enforcing.","description":"AppArmor profiles define what resources applications are able to access.","rationale":"Security configuration requirements vary from site to site. Some sites may mandate a policy that is stricter than the default policy, which is perfectly acceptable. This item is intended to ensure that any policies that exist on the system are activated.","remediation":"Run the following command to set all profiles to enforce mode: # aa-enforce /etc/apparmor.d/* Note: Any unconfined processes may need to have a profile created or activated for them and then be restarted.","compliance":{"cis":"1.6.1.4","cis_csc_v7":"14.6","cis_csc_v8":"3.3","mitre_techniques":"T1068,T1565,T1565.001,T1565.003","mitre_tactics":"TA0005","cmmc_v2":{"0":"AC.L1-3.1.1,AC.L1-3.1.2,AC.L2-3.1.5,AC.L2-3.1.3,MP.L2-3.8.2"},"hipaa":"164.308(a)(3)(i),164.308(a)(3)(ii)(A),164.312(a)(1)","pci_dss_v3":{"2":{"1":"7.1,7.1.1,7.1.2,7.1.3"}},"pci_dss_v4":{"0":"1.3.1,7.1"},"nist_sp_800-53":"AC-5,AC-6","soc_2":"CC5.2,CC6.1"},"command":["apparmor_status"],"result":"failed","previous_result":"passed"}}},"location":"sca"}
{"timestamp":"2025-11-30T13:37:24.507+0000","rule":{"level":9,"description":"CIS Ubuntu Linux 22.04 LTS Benchmark v1.0.0: Ensure GNOME Display Manager is removed.: Status changed from passed to failed","id":"19011","firedtimes":2,"mail":false,"groups":["sca"],"gdpr":["IV_35.7.d"],"pci_dss":["2.2"],"nist_800_53":["CM.1"],"tsc":["CC7.1","CC7.2"],"cis":["1.8.1"],"cis_csc_v7":["9.2"],"cis_csc_v8":["4.8"],"mitre_techniques":["T1543","T1543.002"],"mitre_tactics":["TA0002"],"soc_2":["CC6.3","CC6.6"]},"agent":{"id":"000","name":"balanced-coonhound"},"manager":{"name":"balanced-coonhound"},"id":"1764509844.4885","decoder":{"name":"sca"},"data":{"sca":{"type":"check","scan_id":"1972863346","policy":"CIS Ubuntu Linux 22.04 LTS Benchmark v1.0.0","check":{"id":"28543","title":"Ensure GNOME Display Manager is removed.","description":"The GNOME Display Manager (GDM) is a program that manages graphical display servers and handles graphical user logins.","rationale":"If a Graphical User Interface (GUI) is not required, it should be removed to reduce the attack surface of the system.","remediation":"Run the following command to uninstall gdm3: # apt purge gdm3.","compliance":{"cis":"1.8.1","cis_csc_v7":"9.2","cis_csc_v8":"4.8","mitre_techniques":"T1543,T1543.002","mitre_tactics":"TA0002","cmmc_v2":{"0":"CM.L2-3.4.7,CM.L2-3.4.8,SC.L2-3.13.6"},"pci_dss_v3":{"2":{"1":"1.1.6,1.2.1,2.2.2,2.2.5"}},"pci_dss_v4":{"0":"1.2.5,2.2.4,6.4.1"},"soc_2":"CC6.3,CC6.6"},"command":["dpkg-query -W -f='${binary:Package}\t${Status}\t${db:Status-Status}\\n' gdm3"],"result":"failed","previous_result":"passed"}}},"location":"sca"}
{"timestamp":"2025-11-30T13:37:24.610+0000","rule":{"level":9,"description":"CIS Ubuntu Linux 22.04 LTS Benchmark v1.0.0: Ensure X Window System is not installed.: Status changed from passed to failed","id":"19011","firedtimes":3,"mail":false,"groups":["sca"],"gdpr":["IV_35.7.d"],"pci_dss":["2.2"],"nist_800_53":["CM.1"],"tsc":["CC7.1","CC7.2"],"cis":["2.2.1"],"cis_csc_v7":["2.6"],"cis_csc_v8":["4.8"],"mitre_techniques":["T1203","T1210","T1543","T1543.002"],"mitre_tactics":["TA0008"],"mitre_mitigations":["M1042"],"soc_2":["CC6.3","CC6.6"]},"agent":{"id":"000","name":"balanced-coonhound"},"manager":{"name":"balanced-coonhound"},"id":"1764509844.7425","decoder":{"name":"sca"},"data":{"sca":{"type":"check","scan_id":"1972863346","policy":"CIS Ubuntu Linux 22.04 LTS Benchmark v1.0.0","check":{"id":"28551","title":"Ensure X Window System is not installed.","description":"The X Window System provides a Graphical User Interface (GUI) where users can have multiple windows in which to run programs and various add on. The X Windows system is typically used on workstations where users login, but not on servers where users typically do not login.","rationale":"Unless your organization specifically requires graphical login access via X Windows, remove it to reduce the potential attack surface.","remediation":"Remove the X Windows System packages: apt purge xserver-xorg*","compliance":{"cis":"2.2.1","cis_csc_v7":"2.6","cis_csc_v8":"4.8","mitre_techniques":"T1203,T1210,T1543,T1543.002","mitre_tactics":"TA0008","mitre_mitigations":"M1042","cmmc_v2":{"0":"CM.L2-3.4.7,CM.L2-3.4.8,SC.L2-3.13.6"},"pci_dss_v3":{"2":{"1":"1.1.6,1.2.1,2.2.2,2.2.5"}},"pci_dss_v4":{"0":"1.2.5,2.2.4,6.4.1"},"soc_2":"CC6.3,CC6.6"},"command":["dpkg-query -W -f=\"${binary:Package}\\t${Status}\\t${db:Status-Status}\\n\" xserver-xorg*","dpkg-query -s xserver-xorg"],"result":"failed","previous_result":"passed"}}},"location":"sca"}
{"timestamp":"2025-11-30T13:37:24.620+0000","rule":{"level":9,"description":"CIS Ubuntu Linux 22.04 LTS Benchmark v1.0.0: Ensure Avahi Server is not installed.: Status changed from passed to failed","id":"19011","firedtimes":4,"mail":false,"groups":["sca"],"gdpr":["IV_35.7.d"],"pci_dss":["2.2"],"nist_800_53":["CM.1"],"tsc":["CC7.1","CC7.2"],"cis":["2.2.2"],"cis_csc_v7":["9.2"],"cis_csc_v8":["4.8"],"mitre_techniques":["T1203","T1210","T1543","T1543.002"],"mitre_tactics":["TA0008"],"mitre_mitigations":["M1042"],"soc_2":["CC6.3","CC6.6"]},"agent":{"id":"000","name":"balanced-coonhound"},"manager":{"name":"balanced-coonhound"},"id":"1764509844.10546","decoder":{"name":"sca"},"data":{"sca":{"type":"check","scan_id":"1972863346","policy":"CIS Ubuntu Linux 22.04 LTS Benchmark v1.0.0","check":{"id":"28552","title":"Ensure Avahi Server is not installed.","description":"Avahi is a free zeroconf implementation, including a system for multicast DNS/DNS-SD service discovery. Avahi allows programs to publish and discover services and hosts running on a local network with no specific configuration. For example, a user can plug a computer into a network and Avahi automatically finds printers to print to, files to look at and people to talk to, as well as network services running on the machine.","rationale":"Automatic discovery of network services is not normally required for system functionality. It is recommended to remove this package to reduce the potential attack surface.","remediation":"Run the following commands to remove avahi-daemon: # systemctl stop avahi-daaemon.service # systemctl stop avahi-daemon.socket # apt purge avahi-daemon.","compliance":{"cis":"2.2.2","cis_csc_v7":"9.2","cis_csc_v8":"4.8","mitre_techniques":"T1203,T1210,T1543,T1543.002","mitre_tactics":"TA0008","mitre_mitigations":"M1042","cmmc_v2":{"0":"CM.L2-3.4.7,CM.L2-3.4.8,SC.L2-3.13.6"},"pci_dss_v3":{"2":{"1":"1.1.6,1.2.1,2.2.2,2.2.5"}},"pci_dss_v4":{"0":"1.2.5,2.2.4,6.4.1"},"soc_2":"CC6.3,CC6.6"},"command":["dpkg-query -s avahi-daemon","dpkg-query -W -f='${binary:Package}\\t${Status}\\t${db:Status-Status}\\n' avahi-daemon"],"result":"failed","previous_result":"passed"}}},"location":"sca"}
{"timestamp":"2025-11-30T13:37:24.630+0000","rule":{"level":9,"description":"CIS Ubuntu Linux 22.04 LTS Benchmark v1.0.0: Ensure CUPS is not installed.: Status changed from passed to failed","id":"19011","firedtimes":5,"mail":false,"groups":["sca"],"gdpr":["IV_35.7.d"],"pci_dss":["2.2"],"nist_800_53":["CM.1"],"tsc":["CC7.1","CC7.2"],"cis":["2.2.3"],"cis_csc_v7":["9.2"],"cis_csc_v8":["4.8"],"mitre_techniques":["T1203","T1210","T1543","T1543.002"],"mitre_tactics":["TA0008"],"mitre_mitigations":["M1042"],"soc_2":["CC6.3","CC6.6"]},"agent":{"id":"000","name":"balanced-coonhound"},"manager":{"name":"balanced-coonhound"},"id":"1764509844.14225","decoder":{"name":"sca"},"data":{"sca":{"type":"check","scan_id":"1972863346","policy":"CIS Ubuntu Linux 22.04 LTS Benchmark v1.0.0","check":{"id":"28553","title":"Ensure CUPS is not installed.","description":"The Common Unix Print System (CUPS) provides the ability to print to both local and network printers. A system running CUPS can also accept print jobs from remote systems and print them to local printers. It also provides a web based remote administration capability.","rationale":"If the system does not need to print jobs or accept print jobs from other systems, it is recommended that CUPS be removed to reduce the potential attack surface.","remediation":"Run one of the following commands to remove cups : # apt purge cups","compliance":{"cis":"2.2.3","cis_csc_v7":"9.2","cis_csc_v8":"4.8","mitre_techniques":"T1203,T1210,T1543,T1543.002","mitre_tactics":"TA0008","mitre_mitigations":"M1042","cmmc_v2":{"0":"CM.L2-3.4.7,CM.L2-3.4.8,SC.L2-3.13.6"},"pci_dss_v3":{"2":{"1":"1.1.6,1.2.1,2.2.2,2.2.5"}},"pci_dss_v4":{"0":"1.2.5,2.2.4,6.4.1"},"soc_2":"CC6.3,CC6.6"},"references":"http://www.cups.org","command":["dpkg-query -s cups"],"result":"failed","previous_result":"passed"}}},"location":"sca"}
{"timestamp":"2025-11-30T13:37:24.993+0000","rule":{"level":3,"description":"Wazuh server started.","id":"502","firedtimes":1,"mail":false,"groups":["ossec"],"pci_dss":["10.6.1"],"gpg13":["10.1"],"gdpr":["IV_35.7.d"],"hipaa":["164.312.b"],"nist_800_53":["AU.6"],"tsc":["CC7.2","CC7.3"]},"agent":{"id":"000","name":"balanced-coonhound"},"manager":{"name":"balanced-coonhound"},"id":"1764509844.17224","full_log":"ossec: Manager started.","decoder":{"name":"ossec"},"location":"wazuh-monitord"}
{"timestamp":"2025-11-30T13:37:24.990+0000","rule":{"level":3,"description":"CIS Ubuntu Linux 22.04 LTS Benchmark v1.0.0: Ensure Samba is not installed.: Status changed from failed to passed","id":"19010","firedtimes":1,"mail":false,"groups":["sca"],"gdpr":["IV_35.7.d"],"pci_dss":["2.2"],"nist_800_53":["CM.1"],"tsc":["CC7.1","CC7.2"],"cis":["2.2.11"],"cis_csc_v7":["9.2"],"cis_csc_v8":["4.8"],"mitre_techniques":["T1203","T1210","T1543","T1543.002"],"mitre_tactics":["TA0008"],"mitre_mitigations":["M1042"],"soc_2":["CC6.3","CC6.6"]},"agent":{"id":"000","name":"balanced-coonhound"},"manager":{"name":"balanced-coonhound"},"id":"1764509844.17482","decoder":{"name":"sca"},"data":{"sca":{"type":"check","scan_id":"1972863346","policy":"CIS Ubuntu Linux 22.04 LTS Benchmark v1.0.0","check":{"id":"28561","title":"Ensure Samba is not installed.","description":"The Samba daemon allows system administrators to configure their Linux systems to share file systems and directories with Windows desktops. Samba will advertise the file systems and directories via the Server Message Block (SMB) protocol. Windows desktop users will be able to mount these directories and file systems as letter drives on their systems.","rationale":"If there is no need to mount directories and file systems to Windows systems, then this service should be deleted to reduce the potential attack surface.","remediation":"Run the following command to remove samba: # apt purge samba.","compliance":{"cis":"2.2.11","cis_csc_v7":"9.2","cis_csc_v8":"4.8","mitre_techniques":"T1203,T1210,T1543,T1543.002","mitre_tactics":"TA0008","mitre_mitigations":"M1042","cmmc_v2":{"0":"CM.L2-3.4.7,CM.L2-3.4.8,SC.L2-3.13.6"},"pci_dss_v3":{"2":{"1":"1.1.6,1.2.1,2.2.2,2.2.5"}},"pci_dss_v4":{"0":"1.2.5,2.2.4,6.4.1"},"soc_2":"CC6.3,CC6.6"},"command":["dpkg-query -s samba","dpkg-query -W -f='${binary:Package}\\t${Status}\\t${db:Status-Status}\\n' samba"],"result":"passed","previous_result":"failed"}}},"location":"sca"}
{"timestamp":"2025-11-30T13:37:25.497+0000","rule":{"level":9,"description":"CIS Ubuntu Linux 22.04 LTS Benchmark v1.0.0: Ensure LDAP client is not installed.: Status changed from passed to failed","id":"19011","firedtimes":6,"mail":false,"groups":["sca"],"gdpr":["IV_35.7.d"],"pci_dss":["2.2"],"nist_800_53":["CM.1"],"tsc":["CC7.1","CC7.2"],"cis":["2.3.5"],"cis_csc_v7":["9.2"],"cis_csc_v8":["4.8"],"mitre_techniques":["T1203","T1543","T1543.002"],"mitre_tactics":["TA0008"],"mitre_mitigations":["M1042"],"soc_2":["CC6.3","CC6.6"]},"agent":{"id":"000","name":"balanced-coonhound"},"manager":{"name":"balanced-coonhound"},"id":"1764509845.20721","decoder":{"name":"sca"},"data":{"sca":{"type":"check","scan_id":"1972863346","policy":"CIS Ubuntu Linux 22.04 LTS Benchmark v1.0.0","check":{"id":"28571","title":"Ensure LDAP client is not installed.","description":"The Lightweight Directory Access Protocol (LDAP) was introduced as a replacement for NIS/YP. It is a service that provides a method for looking up information from a central database.","rationale":"If the system will not need to act as an LDAP client, it is recommended that the software be removed to reduce the potential attack surface.","remediation":"Uninstall ldap-utils: # apt purge ldap-utils","compliance":{"cis":"2.3.5","cis_csc_v7":"9.2","cis_csc_v8":"4.8","mitre_techniques":"T1203,T1543,T1543.002","mitre_tactics":"TA0008","mitre_mitigations":"M1042","cmmc_v2":{"0":"CM.L2-3.4.7,CM.L2-3.4.8,SC.L2-3.13.6"},"pci_dss_3":{"2":{"1":"1.1.6,1.2.1,2.2.2,2.2.5"}},"pci_dss_4":{"0":"1.2.5,2.2.4,6.4.1"},"soc_2":"CC6.3,CC6.6"},"command":["dpkg-query -s ldap-utils"],"result":"failed","previous_result":"passed"}}},"location":"sca"}
{"timestamp":"2025-11-30T13:37:26.565+0000","rule":{"level":3,"description":"CIS Ubuntu Linux 22.04 LTS Benchmark v1.0.0: Ensure password expiration warning days is 7 or more.: Status changed from failed to passed","id":"19010","firedtimes":2,"mail":false,"groups":["sca"],"gdpr":["IV_35.7.d"],"pci_dss":["2.2"],"nist_800_53":["CM.1"],"tsc":["CC7.1","CC7.2"],"cis":["5.5.1.3"],"cis_csc_v7":["4.4"],"cis_csc_v8":["5.2"],"mitre_tactics":["TA0006"],"mitre_mitigations":["M1027"],"soc_2":["CC6.1"]},"agent":{"id":"000","name":"balanced-coonhound"},"manager":{"name":"balanced-coonhound"},"id":"1764509846.23428","decoder":{"name":"sca"},"data":{"sca":{"type":"check","scan_id":"1972863346","policy":"CIS Ubuntu Linux 22.04 LTS Benchmark v1.0.0","check":{"id":"28667","title":"Ensure password expiration warning days is 7 or more.","description":"The PASS_WARN_AGE parameter in /etc/login.defs allows an administrator to notify users that their password will expire in a defined number of days. It is recommended that the PASS_WARN_AGE parameter be set to 7 or more days.","rationale":"Providing an advance warning that a password will be expiring gives users time to think of a secure password. Users caught unaware may choose a simple password or write it down where it may be discovered.","remediation":"Set the PASS_WARN_AGE parameter to 7 in /etc/login.defs : PASS_WARN_AGE 7 Modify user parameters for all users with a password set to match: # chage --warndays 7 <user>","compliance":{"cis":"5.5.1.3","cis_csc_v7":"4.4","cis_csc_v8":"5.2","mitre_tactics":"TA0006","mitre_mitigations":"M1027","cmmc_v2":{"0":"IA.L2-3.5.7"},"pci_dss_4":{"0":"2.2.2,8.3.5,8.3.6,8.6.3"},"soc_2":"CC6.1"},"file":["/etc/login.defs","/etc/shadow"],"result":"passed","previous_result":"failed"}}},"location":"sca"}
{"timestamp":"2025-11-30T13:37:33.740+0000","rule":{"level":7,"description":"SCA summary: CIS Ubuntu Linux 22.04 LTS Benchmark v1.0.0: Score less than 50% (39)","id":"19004","firedtimes":1,"mail":false,"groups":["sca"],"gdpr":["IV_35.7.d"],"pci_dss":["2.2"],"nist_800_53":["CM.1"],"tsc":["CC7.1","CC7.2"]},"agent":{"id":"000","name":"balanced-coonhound"},"manager":{"name":"balanced-coonhound"},"id":"1764509853.26327","decoder":{"name":"sca"},"data":{"sca":{"type":"summary","scan_id":"1972863346","policy":"CIS Ubuntu Linux 22.04 LTS Benchmark v1.0.0","description":"This document provides prescriptive guidance for establishing a secure configuration posture for Ubuntu Linux 22.04 LTS based on CIS benchmark for Ubuntu Linux 22.04 LTS.","policy_id":"cis_ubuntu22-04","passed":"71","failed":"109","invalid":"2","total_checks":"182","score":"39","file":"cis_ubuntu22-04.yml"}},"location":"sca"}
{"timestamp":"2025-11-30T13:38:15.418+0000","rule":{"level":10,"description":"Lab: Potential ransomware – high rate of file modifications","id":"100504","firedtimes":2,"mail":false,"groups":["custom_rules","sysmon","windows","ransomware","lab_fim"]},"agent":{"id":"000","name":"balanced-coonhound"},"manager":{"name":"balanced-coonhound"},"id":"1764509895.27707","full_log":"Ending rootcheck scan.","decoder":{"name":"rootcheck"},"data":{"title":"Ending rootcheck scan."},"location":"rootcheck"}
{"timestamp":"2025-11-30T18:35:48.957+0000","rule":{"level":3,"description":"Wazuh agent started.","id":"503","firedtimes":1,"mail":false,"groups":["ossec"],"pci_dss":["10.6.1","10.2.6"],"gpg13":["10.1"],"gdpr":["IV_35.7.d"],"hipaa":["164.312.b"],"nist_800_53":["AU.6","AU.14","AU.5"],"tsc":["CC7.2","CC7.3","CC6.8"]},"agent":{"id":"002","name":"Windows","ip":"192.168.178.110"},"manager":{"name":"balanced-coonhound"},"id":"1764527748.27980","full_log":"ossec: Agent started: 'Windows->any'.","decoder":{"parent":"ossec","name":"ossec"},"data":{"extra_data":"Windows->any"},"location":"wazuh-agent"}
{"timestamp":"2025-11-30T18:35:52.197+0000","rule":{"level":10,"description":"Lab: Potential ransomware – high rate of file modifications","id":"100504","firedtimes":1,"mail":false,"groups":["custom_rules","sysmon","windows","ransomware","lab_fim"]},"agent":{"id":"002","name":"Windows","ip":"192.168.178.110"},"manager":{"name":"balanced-coonhound"},"id":"1764527752.28303","full_log":"Starting rootcheck scan.","decoder":{"name":"rootcheck"},"data":{"title":"Starting rootcheck scan."},"location":"rootcheck"}
{"timestamp":"2025-11-30T18:35:55.180+0000","rule":{"level":5,"description":"SessionEnv was unavailable to handle a notification event.","id":"60775","firedtimes":1,"mail":false,"groups":["windows","windows_application"]},"agent":{"id":"002","name":"Windows","ip":"192.168.178.110"},"manager":{"name":"balanced-coonhound"},"id":"1764527755.28575","decoder":{"name":"windows_eventchannel"},"data":{"win":{"system":{"providerName":"Microsoft-Windows-Winlogon","providerGuid":"{DBE9B383-7CF3-4331-91CC-A3CB16A3B538}","eventSourceName":"Wlclntfy","eventID":"6000","version":"0","level":"4","task":"0","opcode":"0","keywords":"0x80000000000000","systemTime":"2025-11-30T18:35:55.2361651Z","eventRecordID":"783","processID":"788","threadID":"0","channel":"Application","computer":"Windows","severityValue":"INFORMATION","message":"\"The winlogon notification subscriber <SessionEnv> was unavailable to handle a notification event.\""},"eventdata":{"binary":"D9060000","data":"SessionEnv"}}},"location":"EventChannel"}
{"timestamp":"2025-11-30T18:35:55.312+0000","rule":{"level":3,"description":"Windows logon success.","id":"60106","mitre":{"id":["T1078"],"tactic":["Defense Evasion","Persistence","Privilege Escalation","Initial Access"],"technique":["Valid Accounts"]},"firedtimes":1,"mail":false,"groups":["windows","windows_security","authentication_success"],"gdpr":["IV_32.2"],"gpg13":["7.1","7.2"],"hipaa":["164.312.b"],"nist_800_53":["AC.7","AU.14"],"pci_dss":["10.2.5"],"tsc":["CC6.8","CC7.2","CC7.3"]},"agent":{"id":"002","name":"Windows","ip":"192.168.178.110"},"manager":{"name":"balanced-coonhound"},"id":"1764527755.30068","decoder":{"name":"windows_eventchannel"},"data":{"win":{"system":{"providerName":"Microsoft-Windows-Security-Auditing","providerGuid":"{54849625-5478-4994-a5ba-3e3b0328c30d}","eventID":"4624","version":"3","level":"0","task":"12544","opcode":"0","keywords":"0x8020000000000000","systemTime":"2025-11-30T18:35:54.1837988Z","eventRecordID":"20375","processID":"884","threadID":"964","channel":"Security","computer":"Windows","severityValue":"AUDIT_SUCCESS","message":"\"An account was successfully logged on.\r\n\r\nSubject:\r\n\tSecurity ID:\t\tS-1-5-18\r\n\tAccount Name:\t\tWINDOWS$\r\n\tAccount Domain:\t\tWORKGROUP\r\n\tLogon ID:\t\t0x3E7\r\n\r\nLogon Information:\r\n\tLogon Type:\t\t5\r\n\tRestricted Admin Mode:\t-\r\n\tRemote Credential Guard:\t-\r\n\tVirtual Account:\t\tNo\r\n\tElevated Token:\t\tYes\r\n\r\nImpersonation Level:\t\tImpersonation\r\n\r\nNew Logon:\r\n\tSecurity ID:\t\tS-1-5-18\r\n\tAccount Name:\t\tSYSTEM\r\n\tAccount Domain:\t\tNT AUTHORITY\r\n\tLogon ID:\t\t0x3E7\r\n\tLinked Logon ID:\t\t0x0\r\n\tNetwork Account Name:\t-\r\n\tNetwork Account Domain:\t-\r\n\tLogon GUID:\t\t{00000000-0000-0000-0000-000000000000}\r\n\r\nProcess Information:\r\n\tProcess ID:\t\t0x360\r\n\tProcess Name:\t\tC:\\Windows\\System32\\services.exe\r\n\r\nNetwork Information:\r\n\tWorkstation Name:\t-\r\n\tSource Network Address:\t-\r\n\tSource Port:\t\t-\r\n\r\nDetailed Authentication Information:\r\n\tLogon Process:\t\tAdvapi  \r\n\tAuthentication Package:\tNegotiate\r\n\tTransited Services:\t-\r\n\tPackage Name (NTLM only):\t-\r\n\tKey Length:\t\t0\r\n\r\nThis event is generated when a logon session is created. It is generated on the computer that was accessed.\r\n\r\nThe subject fields indicate the account on the local system which requested the logon. This is most commonly a service such as the Server service, or a local process such as Winlogon.exe or Services.exe.\r\n\r\nThe logon type field indicates the kind of logon that occurred. The most common types are 2 (interactive) and 3 (network).\r\n\r\nThe New Logon fields indicate the account for whom the new logon was created, i.e. the account that was logged on.\r\n\r\nThe network fields indicate where a remote logon request originated. Workstation name is not always available and may be left blank in some cases.\r\n\r\nThe impersonation level field indicates the extent to which a process in the logon session can impersonate.\r\n\r\nThe authentication information fields provide detailed information about this specific logon request.\r\n\t- Logon GUID is a unique identifier that can be used to correlate this event with a KDC event.\r\n\t- Transited services indicate which intermediate services have participated in this logon request.\r\n\t- Package name indicates which sub-protocol was used among the NTLM protocols.\r\n\t- Key length indicates the length of the generated session key. This will be 0 if no session key was requested.\""},"eventdata":{"subjectUserSid":"S-1-5-18","subjectUserName":"WINDOWS$","subjectDomainName":"WORKGROUP","subjectLogonId":"0x3e7","targetUserSid":"S-1-5-18","targetUserName":"SYSTEM","targetDomainName":"NT AUTHORITY","targetLogonId":"0x3e7","logonType":"5","logonProcessName":"Advapi","authenticationPackageName":"Negotiate","logonGuid":"{00000000-0000-0000-0000-000000000000}","keyLength":"0","processId":"0x360","processName":"C:\\\\Windows\\\\System32\\\\services.exe","impersonationLevel":"%%1833","virtualAccount":"%%1843","targetLinkedLogonId":"0x0","elevatedToken":"%%1842"}}},"location":"EventChannel"}
{"timestamp":"2025-11-30T18:35:55.360+0000","rule":{"level":3,"description":"Windows logon success.","id":"60106","mitre":{"id":["T1078"],"tactic":["Defense Evasion","Persistence","Privilege Escalation","Initial Access"],"technique":["Valid Accounts"]},"firedtimes":2,"mail":false,"groups":["windows","windows_security","authentication_success"],"gdpr":["IV_32.2"],"gpg13":["7.1","7.2"],"hipaa":["164.312.b"],"nist_800_53":["AC.7","AU.14"],"pci_dss":["10.2.5"],"tsc":["CC6.8","CC7.2","CC7.3"]},"agent":{"id":"002","name":"Windows","ip":"192.168.178.110"},"manager":{"name":"balanced-coonhound"},"id":"1764527755.37394","decoder":{"name":"windows_eventchannel"},"data":{"win":{"system":{"providerName":"Microsoft-Windows-Security-Auditing","providerGuid":"{54849625-5478-4994-a5ba-3e3b0328c30d}","eventID":"4624","version":"3","level":"0","task":"12544","opcode":"0","keywords":"0x8020000000000000","systemTime":"2025-11-30T18:35:54.4099357Z","eventRecordID":"20377","processID":"884","threadID":"964","channel":"Security","computer":"Windows","severityValue":"AUDIT_SUCCESS","message":"\"An account was successfully logged on.\r\n\r\nSubject:\r\n\tSecurity ID:\t\tS-1-5-18\r\n\tAccount Name:\t\tWINDOWS$\r\n\tAccount Domain:\t\tWORKGROUP\r\n\tLogon ID:\t\t0x3E7\r\n\r\nLogon Information:\r\n\tLogon Type:\t\t5\r\n\tRestricted Admin Mode:\t-\r\n\tRemote Credential Guard:\t-\r\n\tVirtual Account:\t\tNo\r\n\tElevated Token:\t\tYes\r\n\r\nImpersonation Level:\t\tImpersonation\r\n\r\nNew Logon:\r\n\tSecurity ID:\t\tS-1-5-18\r\n\tAccount Name:\t\tSYSTEM\r\n\tAccount Domain:\t\tNT AUTHORITY\r\n\tLogon ID:\t\t0x3E7\r\n\tLinked Logon ID:\t\t0x0\r\n\tNetwork Account Name:\t-\r\n\tNetwork Account Domain:\t-\r\n\tLogon GUID:\t\t{00000000-0000-0000-0000-000000000000}\r\n\r\nProcess Information:\r\n\tProcess ID:\t\t0x360\r\n\tProcess Name:\t\tC:\\Windows\\System32\\services.exe\r\n\r\nNetwork Information:\r\n\tWorkstation Name:\t-\r\n\tSource Network Address:\t-\r\n\tSource Port:\t\t-\r\n\r\nDetailed Authentication Information:\r\n\tLogon Process:\t\tAdvapi  \r\n\tAuthentication Package:\tNegotiate\r\n\tTransited Services:\t-\r\n\tPackage Name (NTLM only):\t-\r\n\tKey Length:\t\t0\r\n\r\nThis event is generated when a logon session is created. It is generated on the computer that was accessed.\r\n\r\nThe subject fields indicate the account on the local system which requested the logon. This is most commonly a service such as the Server service, or a local process such as Winlogon.exe or Services.exe.\r\n\r\nThe logon type field indicates the kind of logon that occurred. The most common types are 2 (interactive) and 3 (network).\r\n\r\nThe New Logon fields indicate the account for whom the new logon was created, i.e. the account that was logged on.\r\n\r\nThe network fields indicate where a remote logon request originated. Workstation name is not always available and may be left blank in some cases.\r\n\r\nThe impersonation level field indicates the extent to which a process in the logon session can impersonate.\r\n\r\nThe authentication information fields provide detailed information about this specific logon request.\r\n\t- Logon GUID is a unique identifier that can be used to correlate this event with a KDC event.\r\n\t- Transited services indicate which intermediate services have participated in this logon request.\r\n\t- Package name indicates which sub-protocol was used among the NTLM protocols.\r\n\t- Key length indicates the length of the generated session key. This will be 0 if no session key was requested.\""},"eventdata":{"subjectUserSid":"S-1-5-18","subjectUserName":"WINDOWS$","subjectDomainName":"WORKGROUP","subjectLogonId":"0x3e7","targetUserSid":"S-1-5-18","targetUserName":"SYSTEM","targetDomainName":"NT AUTHORITY","targetLogonId":"0x3e7","logonType":"5","logonProcessName":"Advapi","authenticationPackageName":"Negotiate","logonGuid":"{00000000-0000-0000-0000-000000000000}","keyLength":"0","processId":"0x360","processName":"C:\\\\Windows\\\\System32\\\\services.exe","impersonationLevel":"%%1833","virtualAccount":"%%1843","targetLinkedLogonId":"0x0","elevatedToken":"%%1842"}}},"location":"EventChannel"}
{"timestamp":"2025-11-30T18:35:55.504+0000","rule":{"level":3,"description":"Windows logon success.","id":"60106","mitre":{"id":["T1078"],"tactic":["Defense Evasion","Persistence","Privilege Escalation","Initial Access"],"technique":["Valid Accounts"]},"firedtimes":3,"mail":false,"groups":["windows","windows_security","authentication_success"],"gdpr":["IV_32.2"],"gpg13":["7.1","7.2"],"hipaa":["164.312.b"],"nist_800_53":["AC.7","AU.14"],"pci_dss":["10.2.5"],"tsc":["CC6.8","CC7.2","CC7.3"]},"agent":{"id":"002","name":"Windows","ip":"192.168.178.110"},"manager":{"name":"balanced-coonhound"},"id":"1764527755.44720","decoder":{"name":"windows_eventchannel"},"data":{"win":{"system":{"providerName":"Microsoft-Windows-Security-Auditing","providerGuid":"{54849625-5478-4994-a5ba-3e3b0328c30d}","eventID":"4624","version":"3","level":"0","task":"12544","opcode":"0","keywords":"0x8020000000000000","systemTime":"2025-11-30T18:35:54.5222460Z","eventRecordID":"20379","processID":"884","threadID":"940","channel":"Security","computer":"Windows","severityValue":"AUDIT_SUCCESS","message":"\"An account was successfully logged on.\r\n\r\nSubject:\r\n\tSecurity ID:\t\tS-1-5-18\r\n\tAccount Name:\t\tWINDOWS$\r\n\tAccount Domain:\t\tWORKGROUP\r\n\tLogon ID:\t\t0x3E7\r\n\r\nLogon Information:\r\n\tLogon Type:\t\t5\r\n\tRestricted Admin Mode:\t-\r\n\tRemote Credential Guard:\t-\r\n\tVirtual Account:\t\tNo\r\n\tElevated Token:\t\tYes\r\n\r\nImpersonation Level:\t\tImpersonation\r\n\r\nNew Logon:\r\n\tSecurity ID:\t\tS-1-5-18\r\n\tAccount Name:\t\tSYSTEM\r\n\tAccount Domain:\t\tNT AUTHORITY\r\n\tLogon ID:\t\t0x3E7\r\n\tLinked Logon ID:\t\t0x0\r\n\tNetwork Account Name:\t-\r\n\tNetwork Account Domain:\t-\r\n\tLogon GUID:\t\t{00000000-0000-0000-0000-000000000000}\r\n\r\nProcess Information:\r\n\tProcess ID:\t\t0x360\r\n\tProcess Name:\t\tC:\\Windows\\System32\\services.exe\r\n\r\nNetwork Information:\r\n\tWorkstation Name:\t-\r\n\tSource Network Address:\t-\r\n\tSource Port:\t\t-\r\n\r\nDetailed Authentication Information:\r\n\tLogon Process:\t\tAdvapi  \r\n\tAuthentication Package:\tNegotiate\r\n\tTransited Services:\t-\r\n\tPackage Name (NTLM only):\t-\r\n\tKey Length:\t\t0\r\n\r\nThis event is generated when a logon session is created. It is generated on the computer that was accessed.\r\n\r\nThe subject fields indicate the account on the local system which requested the logon. This is most commonly a service such as the Server service, or a local process such as Winlogon.exe or Services.exe.\r\n\r\nThe logon type field indicates the kind of logon that occurred. The most common types are 2 (interactive) and 3 (network).\r\n\r\nThe New Logon fields indicate the account for whom the new logon was created, i.e. the account that was logged on.\r\n\r\nThe network fields indicate where a remote logon request originated. Workstation name is not always available and may be left blank in some cases.\r\n\r\nThe impersonation level field indicates the extent to which a process in the logon session can impersonate.\r\n\r\nThe authentication information fields provide detailed information about this specific logon request.\r\n\t- Logon GUID is a unique identifier that can be used to correlate this event with a KDC event.\r\n\t- Transited services indicate which intermediate services have participated in this logon request.\r\n\t- Package name indicates which sub-protocol was used among the NTLM protocols.\r\n\t- Key length indicates the length of the generated session key. This will be 0 if no session key was requested.\""},"eventdata":{"subjectUserSid":"S-1-5-18","subjectUserName":"WINDOWS$","subjectDomainName":"WORKGROUP","subjectLogonId":"0x3e7","targetUserSid":"S-1-5-18","targetUserName":"SYSTEM","targetDomainName":"NT AUTHORITY","targetLogonId":"0x3e7","logonType":"5","logonProcessName":"Advapi","authenticationPackageName":"Negotiate","logonGuid":"{00000000-0000-0000-0000-000000000000}","keyLength":"0","processId":"0x360","processName":"C:\\\\Windows\\\\System32\\\\services.exe","impersonationLevel":"%%1833","virtualAccount":"%%1843","targetLinkedLogonId":"0x0","elevatedToken":"%%1842"}}},"location":"EventChannel"}
{"timestamp":"2025-11-30T18:35:55.586+0000","rule":{"level":3,"description":"Windows logon success.","id":"60106","mitre":{"id":["T1078"],"tactic":["Defense Evasion","Persistence","Privilege Escalation","Initial Access"],"technique":["Valid Accounts"]},"firedtimes":4,"mail":false,"groups":["windows","windows_security","authentication_success"],"gdpr":["IV_32.2"],"gpg13":["7.1","7.2"],"hipaa":["164.312.b"],"nist_800_53":["AC.7","AU.14"],"pci_dss":["10.2.5"],"tsc":["CC6.8","CC7.2","CC7.3"]},"agent":{"id":"002","name":"Windows","ip":"192.168.178.110"},"manager":{"name":"balanced-coonhound"},"id":"1764527755.52046","decoder":{"name":"windows_eventchannel"},"data":{"win":{"system":{"providerName":"Microsoft-Windows-Security-Auditing","providerGuid":"{54849625-5478-4994-a5ba-3e3b0328c30d}","eventID":"4624","version":"3","level":"0","task":"12544","opcode":"0","keywords":"0x8020000000000000","systemTime":"2025-11-30T18:35:54.5223472Z","eventRecordID":"20381","processID":"884","threadID":"964","channel":"Security","computer":"Windows","severityValue":"AUDIT_SUCCESS","message":"\"An account was successfully logged on.\r\n\r\nSubject:\r\n\tSecurity ID:\t\tS-1-5-18\r\n\tAccount Name:\t\tWINDOWS$\r\n\tAccount Domain:\t\tWORKGROUP\r\n\tLogon ID:\t\t0x3E7\r\n\r\nLogon Information:\r\n\tLogon Type:\t\t5\r\n\tRestricted Admin Mode:\t-\r\n\tRemote Credential Guard:\t-\r\n\tVirtual Account:\t\tNo\r\n\tElevated Token:\t\tYes\r\n\r\nImpersonation Level:\t\tImpersonation\r\n\r\nNew Logon:\r\n\tSecurity ID:\t\tS-1-5-18\r\n\tAccount Name:\t\tSYSTEM\r\n\tAccount Domain:\t\tNT AUTHORITY\r\n\tLogon ID:\t\t0x3E7\r\n\tLinked Logon ID:\t\t0x0\r\n\tNetwork Account Name:\t-\r\n\tNetwork Account Domain:\t-\r\n\tLogon GUID:\t\t{00000000-0000-0000-0000-000000000000}\r\n\r\nProcess Information:\r\n\tProcess ID:\t\t0x360\r\n\tProcess Name:\t\tC:\\Windows\\System32\\services.exe\r\n\r\nNetwork Information:\r\n\tWorkstation Name:\t-\r\n\tSource Network Address:\t-\r\n\tSource Port:\t\t-\r\n\r\nDetailed Authentication Information:\r\n\tLogon Process:\t\tAdvapi  \r\n\tAuthentication Package:\tNegotiate\r\n\tTransited Services:\t-\r\n\tPackage Name (NTLM only):\t-\r\n\tKey Length:\t\t0\r\n\r\nThis event is generated when a logon session is created. It is generated on the computer that was accessed.\r\n\r\nThe subject fields indicate the account on the local system which requested the logon. This is most commonly a service such as the Server service, or a local process such as Winlogon.exe or Services.exe.\r\n\r\nThe logon type field indicates the kind of logon that occurred. The most common types are 2 (interactive) and 3 (network).\r\n\r\nThe New Logon fields indicate the account for whom the new logon was created, i.e. the account that was logged on.\r\n\r\nThe network fields indicate where a remote logon request originated. Workstation name is not always available and may be left blank in some cases.\r\n\r\nThe impersonation level field indicates the extent to which a process in the logon session can impersonate.\r\n\r\nThe authentication information fields provide detailed information about this specific logon request.\r\n\t- Logon GUID is a unique identifier that can be used to correlate this event with a KDC event.\r\n\t- Transited services indicate which intermediate services have participated in this logon request.\r\n\t- Package name indicates which sub-protocol was used among the NTLM protocols.\r\n\t- Key length indicates the length of the generated session key. This will be 0 if no session key was requested.\""},"eventdata":{"subjectUserSid":"S-1-5-18","subjectUserName":"WINDOWS$","subjectDomainName":"WORKGROUP","subjectLogonId":"0x3e7","targetUserSid":"S-1-5-18","targetUserName":"SYSTEM","targetDomainName":"NT AUTHORITY","targetLogonId":"0x3e7","logonType":"5","logonProcessName":"Advapi","authenticationPackageName":"Negotiate","logonGuid":"{00000000-0000-0000-0000-000000000000}","keyLength":"0","processId":"0x360","processName":"C:\\\\Windows\\\\System32\\\\services.exe","impersonationLevel":"%%1833","virtualAccount":"%%1843","targetLinkedLogonId":"0x0","elevatedToken":"%%1842"}}},"location":"EventChannel"}
{"timestamp":"2025-11-30T18:35:56.279+0000","rule":{"level":3,"description":"Evidence of new service creation found in registry under HKLM\\\\System\\\\CurrentControlSet\\\\Services\\\\AarSvc_7aef0\\\\ImagePath binary is: C:\\\\WINDOWS\\\\system32\\\\svchost.exe -k AarSvcGroup -p","id":"92307","mitre":{"id":["T1543.003"],"tactic":["Persistence","Privilege Escalation"],"technique":["Windows Service"]},"firedtimes":1,"mail":false,"groups":["sysmon","sysmon_eid13_detections","windows"]},"agent":{"id":"002","name":"Windows","ip":"192.168.178.110"},"manager":{"name":"balanced-coonhound"},"id":"1764527756.59372","decoder":{"name":"windows_eventchannel"},"data":{"win":{"system":{"providerName":"Microsoft-Windows-Sysmon","providerGuid":"{5770385f-c22a-43e0-bf4c-06f5698ffbd9}","eventID":"13","version":"2","level":"4","task":"13","opcode":"0","keywords":"0x8000000000000000","systemTime":"2025-11-30T18:35:55.2543752Z","eventRecordID":"35938","processID":"3516","threadID":"4736","channel":"Microsoft-Windows-Sysmon/Operational","computer":"Windows","severityValue":"INFORMATION","message":"\"Registry value set:\r\nRuleName: T1031,T1050\r\nEventType: SetValue\r\nUtcTime: 2025-11-30 18:35:55.242\r\nProcessGuid: {de4d1a0f-8e76-692c-0b00-000000000d00}\r\nProcessId: 864\r\nImage: C:\\WINDOWS\\system32\\services.exe\r\nTargetObject: HKLM\\System\\CurrentControlSet\\Services\\AarSvc_7aef0\\ImagePath\r\nDetails: C:\\WINDOWS\\system32\\svchost.exe -k AarSvcGroup -p\r\nUser: NT AUTHORITY\\SYSTEM\""},"eventdata":{"ruleName":"T1031,T1050","eventType":"SetValue","utcTime":"2025-11-30 18:35:55.242","processGuid":"{de4d1a0f-8e76-692c-0b00-000000000d00}","processId":"864","image":"C:\\\\WINDOWS\\\\system32\\\\services.exe","targetObject":"HKLM\\\\System\\\\CurrentControlSet\\\\Services\\\\AarSvc_7aef0\\\\ImagePath","details":"C:\\\\WINDOWS\\\\system32\\\\svchost.exe -k AarSvcGroup -p","user":"NT AUTHORITY\\\\SYSTEM"}}},"location":"EventChannel"}
{"timestamp":"2025-11-30T18:35:56.438+0000","rule":{"level":3,"description":"Evidence of new service creation found in registry under HKLM\\\\System\\\\CurrentControlSet\\\\Services\\\\BcastDVRUserService_7aef0\\\\ImagePath binary is: C:\\\\WINDOWS\\\\system32\\\\svchost.exe -k BcastDVRUserService","id":"92307","mitre":{"id":["T1543.003"],"tactic":["Persistence","Privilege Escalation"],"technique":["Windows Service"]},"firedtimes":2,"mail":false,"groups":["sysmon","sysmon_eid13_detections","windows"]},"agent":{"id":"002","name":"Windows","ip":"192.168.178.110"},"manager":{"name":"balanced-coonhound"},"id":"1764527756.62362","decoder":{"name":"windows_eventchannel"},"data":{"win":{"system":{"providerName":"Microsoft-Windows-Sysmon","providerGuid":"{5770385f-c22a-43e0-bf4c-06f5698ffbd9}","eventID":"13","version":"2","level":"4","task":"13","opcode":"0","keywords":"0x8000000000000000","systemTime":"2025-11-30T18:35:55.2546709Z","eventRecordID":"35940","processID":"3516","threadID":"4736","channel":"Microsoft-Windows-Sysmon/Operational","computer":"Windows","severityValue":"INFORMATION","message":"\"Registry value set:\r\nRuleName: T1031,T1050\r\nEventType: SetValue\r\nUtcTime: 2025-11-30 18:35:55.245\r\nProcessGuid: {de4d1a0f-8e76-692c-0b00-000000000d00}\r\nProcessId: 864\r\nImage: C:\\WINDOWS\\system32\\services.exe\r\nTargetObject: HKLM\\System\\CurrentControlSet\\Services\\BcastDVRUserService_7aef0\\ImagePath\r\nDetails: C:\\WINDOWS\\system32\\svchost.exe -k BcastDVRUserService\r\nUser: NT AUTHORITY\\SYSTEM\""},"eventdata":{"ruleName":"T1031,T1050","eventType":"SetValue","utcTime":"2025-11-30 18:35:55.245","processGuid":"{de4d1a0f-8e76-692c-0b00-000000000d00}","processId":"864","image":"C:\\\\WINDOWS\\\\system32\\\\services.exe","targetObject":"HKLM\\\\System\\\\CurrentControlSet\\\\Services\\\\BcastDVRUserService_7aef0\\\\ImagePath","details":"C:\\\\WINDOWS\\\\system32\\\\svchost.exe -k BcastDVRUserService","user":"NT AUTHORITY\\\\SYSTEM"}}},"location":"EventChannel"}
{"timestamp":"2025-11-30T18:35:56.609+0000","rule":{"level":3,"description":"Evidence of new service creation found in registry under HKLM\\\\System\\\\CurrentControlSet\\\\Services\\\\BluetoothUserService_7aef0\\\\ImagePath binary is: C:\\\\WINDOWS\\\\system32\\\\svchost.exe -k BthAppGroup -p","id":"92307","mitre":{"id":["T1543.003"],"tactic":["Persistence","Privilege Escalation"],"technique":["Windows Service"]},"firedtimes":3,"mail":false,"groups":["sysmon","sysmon_eid13_detections","windows"]},"agent":{"id":"002","name":"Windows","ip":"192.168.178.110"},"manager":{"name":"balanced-coonhound"},"id":"1764527756.65442","decoder":{"name":"windows_eventchannel"},"data":{"win":{"system":{"providerName":"Microsoft-Windows-Sysmon","providerGuid":"{5770385f-c22a-43e0-bf4c-06f5698ffbd9}","eventID":"13","version":"2","level":"4","task":"13","opcode":"0","keywords":"0x8000000000000000","systemTime":"2025-11-30T18:35:55.2549710Z","eventRecordID":"35942","processID":"3516","threadID":"4736","channel":"Microsoft-Windows-Sysmon/Operational","computer":"Windows","severityValue":"INFORMATION","message":"\"Registry value set:\r\nRuleName: T1031,T1050\r\nEventType: SetValue\r\nUtcTime: 2025-11-30 18:35:55.247\r\nProcessGuid: {de4d1a0f-8e76-692c-0b00-000000000d00}\r\nProcessId: 864\r\nImage: C:\\WINDOWS\\system32\\services.exe\r\nTargetObject: HKLM\\System\\CurrentControlSet\\Services\\BluetoothUserService_7aef0\\ImagePath\r\nDetails: C:\\WINDOWS\\system32\\svchost.exe -k BthAppGroup -p\r\nUser: NT AUTHORITY\\SYSTEM\""},"eventdata":{"ruleName":"T1031,T1050","eventType":"SetValue","utcTime":"2025-11-30 18:35:55.247","processGuid":"{de4d1a0f-8e76-692c-0b00-000000000d00}","processId":"864","image":"C:\\\\WINDOWS\\\\system32\\\\services.exe","targetObject":"HKLM\\\\System\\\\CurrentControlSet\\\\Services\\\\BluetoothUserService_7aef0\\\\ImagePath","details":"C:\\\\WINDOWS\\\\system32\\\\svchost.exe -k BthAppGroup -p","user":"NT AUTHORITY\\\\SYSTEM"}}},"location":"EventChannel"}
{"timestamp":"2025-11-30T18:35:56.707+0000","rule":{"level":3,"description":"Evidence of new service creation found in registry under HKLM\\\\System\\\\CurrentControlSet\\\\Services\\\\CaptureService_7aef0\\\\ImagePath binary is: C:\\\\WINDOWS\\\\system32\\\\svchost.exe -k LocalService -p","id":"92307","mitre":{"id":["T1543.003"],"tactic":["Persistence","Privilege Escalation"],"technique":["Windows Service"]},"firedtimes":4,"mail":false,"groups":["sysmon","sysmon_eid13_detections","windows"]},"agent":{"id":"002","name":"Windows","ip":"192.168.178.110"},"manager":{"name":"balanced-coonhound"},"id":"1764527756.68502","decoder":{"name":"windows_eventchannel"},"data":{"win":{"system":{"providerName":"Microsoft-Windows-Sysmon","providerGuid":"{5770385f-c22a-43e0-bf4c-06f5698ffbd9}","eventID":"13","version":"2","level":"4","task":"13","opcode":"0","keywords":"0x8000000000000000","systemTime":"2025-11-30T18:35:55.2796637Z","eventRecordID":"35944","processID":"3516","threadID":"4736","channel":"Microsoft-Windows-Sysmon/Operational","computer":"Windows","severityValue":"INFORMATION","message":"\"Registry value set:\r\nRuleName: T1031,T1050\r\nEventType: SetValue\r\nUtcTime: 2025-11-30 18:35:55.250\r\nProcessGuid: {de4d1a0f-8e76-692c-0b00-000000000d00}\r\nProcessId: 864\r\nImage: C:\\WINDOWS\\system32\\services.exe\r\nTargetObject: HKLM\\System\\CurrentControlSet\\Services\\CaptureService_7aef0\\ImagePath\r\nDetails: C:\\WINDOWS\\system32\\svchost.exe -k LocalService -p\r\nUser: NT AUTHORITY\\SYSTEM\""},"eventdata":{"ruleName":"T1031,T1050","eventType":"SetValue","utcTime":"2025-11-30 18:35:55.250","processGuid":"{de4d1a0f-8e76-692c-0b00-000000000d00}","processId":"864","image":"C:\\\\WINDOWS\\\\system32\\\\services.exe","targetObject":"HKLM\\\\System\\\\CurrentControlSet\\\\Services\\\\CaptureService_7aef0\\\\ImagePath","details":"C:\\\\WINDOWS\\\\system32\\\\svchost.exe -k LocalService -p","user":"NT AUTHORITY\\\\SYSTEM"}}},"location":"EventChannel"}
{"timestamp":"2025-11-30T18:35:56.843+0000","rule":{"level":3,"description":"Evidence of new service creation found in registry under HKLM\\\\System\\\\CurrentControlSet\\\\Services\\\\cbdhsvc_7aef0\\\\ImagePath binary is: C:\\\\WINDOWS\\\\system32\\\\svchost.exe -k ClipboardSvcGroup -p","id":"92307","mitre":{"id":["T1543.003"],"tactic":["Persistence","Privilege Escalation"],"technique":["Windows Service"]},"firedtimes":5,"mail":false,"groups":["sysmon","sysmon_eid13_detections","windows"]},"agent":{"id":"002","name":"Windows","ip":"192.168.178.110"},"manager":{"name":"balanced-coonhound"},"id":"1764527756.71537","decoder":{"name":"windows_eventchannel"},"data":{"win":{"system":{"providerName":"Microsoft-Windows-Sysmon","providerGuid":"{5770385f-c22a-43e0-bf4c-06f5698ffbd9}","eventID":"13","version":"2","level":"4","task":"13","opcode":"0","keywords":"0x8000000000000000","systemTime":"2025-11-30T18:35:55.2799496Z","eventRecordID":"35946","processID":"3516","threadID":"4736","channel":"Microsoft-Windows-Sysmon/Operational","computer":"Windows","severityValue":"INFORMATION","message":"\"Registry value set:\r\nRuleName: T1031,T1050\r\nEventType: SetValue\r\nUtcTime: 2025-11-30 18:35:55.250\r\nProcessGuid: {de4d1a0f-8e76-692c-0b00-000000000d00}\r\nProcessId: 864\r\nImage: C:\\WINDOWS\\system32\\services.exe\r\nTargetObject: HKLM\\System\\CurrentControlSet\\Services\\cbdhsvc_7aef0\\ImagePath\r\nDetails: C:\\WINDOWS\\system32\\svchost.exe -k ClipboardSvcGroup -p\r\nUser: NT AUTHORITY\\SYSTEM\""},"eventdata":{"ruleName":"T1031,T1050","eventType":"SetValue","utcTime":"2025-11-30 18:35:55.250","processGuid":"{de4d1a0f-8e76-692c-0b00-000000000d00}","processId":"864","image":"C:\\\\WINDOWS\\\\system32\\\\services.exe","targetObject":"HKLM\\\\System\\\\CurrentControlSet\\\\Services\\\\cbdhsvc_7aef0\\\\ImagePath","details":"C:\\\\WINDOWS\\\\system32\\\\svchost.exe -k ClipboardSvcGroup -p","user":"NT AUTHORITY\\\\SYSTEM"}}},"location":"EventChannel"}
