{"timestamp":"2025-11-30T18:37:15.578+0000","rule":{"level":9,"description":"Powershell process created an executable file in Windows root folder","id":"92205","mitre":{"id":["T1105"],"tactic":["Command and Control"],"technique":["Ingress Tool Transfer"]},"firedtimes":3,"mail":false,"groups":["sysmon","sysmon_eid11_detections","windows"]},"agent":{"id":"002","name":"Windows","ip":"192.168.178.110"},"manager":{"name":"balanced-coonhound"},"id":"1764527835.232745","decoder":{"name":"windows_eventchannel"},"data":{"win":{"system":{"providerName":"Microsoft-Windows-Sysmon","providerGuid":"{5770385f-c22a-43e0-bf4c-06f5698ffbd9}","eventID":"11","version":"2","level":"4","task":"11","opcode":"0","keywords":"0x8000000000000000","systemTime":"2025-11-30T18:37:12.7557008Z","eventRecordID":"36133","processID":"3516","threadID":"4736","channel":"Microsoft-Windows-Sysmon/Operational","computer":"Windows","severityValue":"INFORMATION","message":"\"File created:\r\nRuleName: -\r\nUtcTime: 2025-11-30 18:37:12.753\r\nProcessGuid: {de4d1a0f-8ed8-692c-1201-000000000d00}\r\nProcessId: 5808\r\nImage: C:\\WINDOWS\\SysWOW64\\WindowsPowerShell\\v1.0\\powershell.exe\r\nTargetFilename: C:\\Windows\\SystemTemp\\__PSScriptPolicyTest_qi3ijbof.rwc.ps1\r\nCreationUtcTime: 2025-11-30 18:37:12.753\r\nUser: NT AUTHORITY\\SYSTEM\""},"eventdata":{"utcTime":"2025-11-30 18:37:12.753","processGuid":"{de4d1a0f-8ed8-692c-1201-000000000d00}","processId":"5808","image":"C:\\\\WINDOWS\\\\SysWOW64\\\\WindowsPowerShell\\\\v1.0\\\\powershell.exe","targetFilename":"C:\\\\Windows\\\\SystemTemp\\\\__PSScriptPolicyTest_qi3ijbof.rwc.ps1","creationUtcTime":"2025-11-30 18:37:12.753","user":"NT AUTHORITY\\\\SYSTEM"}}},"location":"EventChannel"}
{"timestamp":"2025-11-30T18:37:27.666+0000","rule":{"level":9,"description":"CIS Microsoft Windows 11 Enterprise Benchmark v1.0.0: Ensure 'Password must meet complexity requirements' is set to 'Enabled'.: Status changed from 'not applicable' to failed","id":"19014","firedtimes":1,"mail":false,"groups":["sca"],"gdpr":["IV_35.7.d"],"pci_dss":["2.2"],"nist_800_53":["CM.1"],"tsc":["CC7.1","CC7.2"],"cis":["1.1.5"],"cis_csc":["5.2"]},"agent":{"id":"002","name":"Windows","ip":"192.168.178.110"},"manager":{"name":"balanced-coonhound"},"id":"1764527847.235440","decoder":{"name":"sca"},"data":{"sca":{"type":"check","scan_id":"830281326","policy":"CIS Microsoft Windows 11 Enterprise Benchmark v1.0.0","check":{"id":"26004","title":"Ensure 'Password must meet complexity requirements' is set to 'Enabled'.","description":"This policy setting checks all new passwords to ensure that they meet basic requirements for strong passwords. When this policy is enabled, passwords must meet the following minimum requirements: - Not contain the user's account name or parts of the user's full name that exceed two consecutive characters - Be at least six characters in length - Contain characters from three of the following categories: - English uppercase characters (A through Z) - English lowercase characters (a through z) - Base 10 digits (0 through 9) - Non-alphabetic characters (for example, !, $, #, %) o A catch-all category of any Unicode character that does not fall under the    previous four categories. This fifth category can be regionally specific. Each additional character in a password increases its complexity exponentially. For instance, a seven-character, all lower-case alphabetic password would have 267 (approximately 8 x 109 or 8 billion) possible combinations. At 1,000,000 attempts per second (a capability of many password-cracking utilities), it would only take 133 minutes to crack. A seven-character alphabetic password with case sensitivity has 527 combinations. A seven-character case-sensitive alphanumeric password without punctuation has 627 combinations. An eight-character password has 268 (or 2 x 1011) possible combinations. Although this might seem to be a large number, at 1,000,000 attempts per second it would take only 59 hours to try all possible passwords. Remember, these times will significantly increase for passwords that use ALT characters and other special keyboard characters such as '!'' or '@''. Proper use of the password settings can help make it difficult to mount a brute force attack. The recommended state for this setting is: Enabled. Note: Password Policy settings (section 1.1) and Account Lockout Policy settings (section 1.2) must be applied via the Default Domain Policy GPO in order to be globally in effect on domain user accounts as their default behavior. If these settings are configured in another GPO, they will only affect local user accounts on the computers that receive the GPO. However, custom exceptions to the default password policy and account lockout policy rules for specific domain users and/or groups can be defined using Password Settings Objects (PSOs), which are completely separate from Group Policy and most easily configured using Active Directory Administrative Center.","rationale":"Passwords that contain only alphanumeric characters are extremely easy to discover with several publicly available tools.","remediation":"To establish the recommended configuration via GP, set the following UI path to Enabled: Computer Configuration\\Policies\\Windows Settings\\Security Settings\\Account Policies\\Password Policy\\Password must meet complexity requirements","compliance":{"cis":"1.1.5","cis_csc":"5.2"},"command":["powershell Get-ADDefaultDomainPasswordPolicy -Current LoggedOnUser"],"result":"failed","previous_result":"not applicable"}}},"location":"sca"}
{"timestamp":"2025-11-30T18:37:43.684+0000","rule":{"level":7,"description":"SCA summary: CIS Microsoft Windows 11 Enterprise Benchmark v1.0.0: Score less than 50% (32)","id":"19004","firedtimes":1,"mail":false,"groups":["sca"],"gdpr":["IV_35.7.d"],"pci_dss":["2.2"],"nist_800_53":["CM.1"],"tsc":["CC7.1","CC7.2"]},"agent":{"id":"002","name":"Windows","ip":"192.168.178.110"},"manager":{"name":"balanced-coonhound"},"id":"1764527863.242432","decoder":{"name":"sca"},"data":{"sca":{"type":"summary","scan_id":"830281326","policy":"CIS Microsoft Windows 11 Enterprise Benchmark v1.0.0","description":"This document provides prescriptive guidance for establishing a secure configuration posture for Microsoft Windows 11.","policy_id":"cis_win11_enterprise_21H2","passed":"125","failed":"261","invalid":"9","total_checks":"395","score":"32","file":"cis_win11_enterprise.yml"}},"location":"sca"}
{"timestamp":"2025-11-30T18:37:56.051+0000","rule":{"level":3,"description":"Windows logon success.","id":"60106","mitre":{"id":["T1078"],"tactic":["Defense Evasion","Persistence","Privilege Escalation","Initial Access"],"technique":["Valid Accounts"]},"firedtimes":15,"mail":false,"groups":["windows","windows_security","authentication_success"],"gdpr":["IV_32.2"],"gpg13":["7.1","7.2"],"hipaa":["164.312.b"],"nist_800_53":["AC.7","AU.14"],"pci_dss":["10.2.5"],"tsc":["CC6.8","CC7.2","CC7.3"]},"agent":{"id":"002","name":"Windows","ip":"192.168.178.110"},"manager":{"name":"balanced-coonhound"},"id":"1764527876.243761","decoder":{"name":"windows_eventchannel"},"data":{"win":{"system":{"providerName":"Microsoft-Windows-Security-Auditing","providerGuid":"{54849625-5478-4994-a5ba-3e3b0328c30d}","eventID":"4624","version":"3","level":"0","task":"12544","opcode":"0","keywords":"0x8020000000000000","systemTime":"2025-11-30T18:37:58.1570853Z","eventRecordID":"20486","processID":"884","threadID":"972","channel":"Security","computer":"Windows","severityValue":"AUDIT_SUCCESS","message":"\"An account was successfully logged on.\r\n\r\nSubject:\r\n\tSecurity ID:\t\tS-1-5-18\r\n\tAccount Name:\t\tWINDOWS$\r\n\tAccount Domain:\t\tWORKGROUP\r\n\tLogon ID:\t\t0x3E7\r\n\r\nLogon Information:\r\n\tLogon Type:\t\t5\r\n\tRestricted Admin Mode:\t-\r\n\tRemote Credential Guard:\t-\r\n\tVirtual Account:\t\tNo\r\n\tElevated Token:\t\tYes\r\n\r\nImpersonation Level:\t\tImpersonation\r\n\r\nNew Logon:\r\n\tSecurity ID:\t\tS-1-5-18\r\n\tAccount Name:\t\tSYSTEM\r\n\tAccount Domain:\t\tNT AUTHORITY\r\n\tLogon ID:\t\t0x3E7\r\n\tLinked Logon ID:\t\t0x0\r\n\tNetwork Account Name:\t-\r\n\tNetwork Account Domain:\t-\r\n\tLogon GUID:\t\t{00000000-0000-0000-0000-000000000000}\r\n\r\nProcess Information:\r\n\tProcess ID:\t\t0x360\r\n\tProcess Name:\t\tC:\\Windows\\System32\\services.exe\r\n\r\nNetwork Information:\r\n\tWorkstation Name:\t-\r\n\tSource Network Address:\t-\r\n\tSource Port:\t\t-\r\n\r\nDetailed Authentication Information:\r\n\tLogon Process:\t\tAdvapi  \r\n\tAuthentication Package:\tNegotiate\r\n\tTransited Services:\t-\r\n\tPackage Name (NTLM only):\t-\r\n\tKey Length:\t\t0\r\n\r\nThis event is generated when a logon session is created. It is generated on the computer that was accessed.\r\n\r\nThe subject fields indicate the account on the local system which requested the logon. This is most commonly a service such as the Server service, or a local process such as Winlogon.exe or Services.exe.\r\n\r\nThe logon type field indicates the kind of logon that occurred. The most common types are 2 (interactive) and 3 (network).\r\n\r\nThe New Logon fields indicate the account for whom the new logon was created, i.e. the account that was logged on.\r\n\r\nThe network fields indicate where a remote logon request originated. Workstation name is not always available and may be left blank in some cases.\r\n\r\nThe impersonation level field indicates the extent to which a process in the logon session can impersonate.\r\n\r\nThe authentication information fields provide detailed information about this specific logon request.\r\n\t- Logon GUID is a unique identifier that can be used to correlate this event with a KDC event.\r\n\t- Transited services indicate which intermediate services have participated in this logon request.\r\n\t- Package name indicates which sub-protocol was used among the NTLM protocols.\r\n\t- Key length indicates the length of the generated session key. This will be 0 if no session key was requested.\""},"eventdata":{"subjectUserSid":"S-1-5-18","subjectUserName":"WINDOWS$","subjectDomainName":"WORKGROUP","subjectLogonId":"0x3e7","targetUserSid":"S-1-5-18","targetUserName":"SYSTEM","targetDomainName":"NT AUTHORITY","targetLogonId":"0x3e7","logonType":"5","logonProcessName":"Advapi","authenticationPackageName":"Negotiate","logonGuid":"{00000000-0000-0000-0000-000000000000}","keyLength":"0","processId":"0x360","processName":"C:\\\\Windows\\\\System32\\\\services.exe","impersonationLevel":"%%1833","virtualAccount":"%%1843","targetLinkedLogonId":"0x0","elevatedToken":"%%1842"}}},"location":"EventChannel"}
{"timestamp":"2025-11-30T18:37:56.053+0000","rule":{"level":3,"description":"Windows logon success.","id":"60106","mitre":{"id":["T1078"],"tactic":["Defense Evasion","Persistence","Privilege Escalation","Initial Access"],"technique":["Valid Accounts"]},"firedtimes":16,"mail":false,"groups":["windows","windows_security","authentication_success"],"gdpr":["IV_32.2"],"gpg13":["7.1","7.2"],"hipaa":["164.312.b"],"nist_800_53":["AC.7","AU.14"],"pci_dss":["10.2.5"],"tsc":["CC6.8","CC7.2","CC7.3"]},"agent":{"id":"002","name":"Windows","ip":"192.168.178.110"},"manager":{"name":"balanced-coonhound"},"id":"1764527876.251088","decoder":{"name":"windows_eventchannel"},"data":{"win":{"system":{"providerName":"Microsoft-Windows-Security-Auditing","providerGuid":"{54849625-5478-4994-a5ba-3e3b0328c30d}","eventID":"4624","version":"3","level":"0","task":"12544","opcode":"0","keywords":"0x8020000000000000","systemTime":"2025-11-30T18:37:58.4708012Z","eventRecordID":"20488","processID":"884","threadID":"972","channel":"Security","computer":"Windows","severityValue":"AUDIT_SUCCESS","message":"\"An account was successfully logged on.\r\n\r\nSubject:\r\n\tSecurity ID:\t\tS-1-5-18\r\n\tAccount Name:\t\tWINDOWS$\r\n\tAccount Domain:\t\tWORKGROUP\r\n\tLogon ID:\t\t0x3E7\r\n\r\nLogon Information:\r\n\tLogon Type:\t\t5\r\n\tRestricted Admin Mode:\t-\r\n\tRemote Credential Guard:\t-\r\n\tVirtual Account:\t\tNo\r\n\tElevated Token:\t\tYes\r\n\r\nImpersonation Level:\t\tImpersonation\r\n\r\nNew Logon:\r\n\tSecurity ID:\t\tS-1-5-18\r\n\tAccount Name:\t\tSYSTEM\r\n\tAccount Domain:\t\tNT AUTHORITY\r\n\tLogon ID:\t\t0x3E7\r\n\tLinked Logon ID:\t\t0x0\r\n\tNetwork Account Name:\t-\r\n\tNetwork Account Domain:\t-\r\n\tLogon GUID:\t\t{00000000-0000-0000-0000-000000000000}\r\n\r\nProcess Information:\r\n\tProcess ID:\t\t0x360\r\n\tProcess Name:\t\tC:\\Windows\\System32\\services.exe\r\n\r\nNetwork Information:\r\n\tWorkstation Name:\t-\r\n\tSource Network Address:\t-\r\n\tSource Port:\t\t-\r\n\r\nDetailed Authentication Information:\r\n\tLogon Process:\t\tAdvapi  \r\n\tAuthentication Package:\tNegotiate\r\n\tTransited Services:\t-\r\n\tPackage Name (NTLM only):\t-\r\n\tKey Length:\t\t0\r\n\r\nThis event is generated when a logon session is created. It is generated on the computer that was accessed.\r\n\r\nThe subject fields indicate the account on the local system which requested the logon. This is most commonly a service such as the Server service, or a local process such as Winlogon.exe or Services.exe.\r\n\r\nThe logon type field indicates the kind of logon that occurred. The most common types are 2 (interactive) and 3 (network).\r\n\r\nThe New Logon fields indicate the account for whom the new logon was created, i.e. the account that was logged on.\r\n\r\nThe network fields indicate where a remote logon request originated. Workstation name is not always available and may be left blank in some cases.\r\n\r\nThe impersonation level field indicates the extent to which a process in the logon session can impersonate.\r\n\r\nThe authentication information fields provide detailed information about this specific logon request.\r\n\t- Logon GUID is a unique identifier that can be used to correlate this event with a KDC event.\r\n\t- Transited services indicate which intermediate services have participated in this logon request.\r\n\t- Package name indicates which sub-protocol was used among the NTLM protocols.\r\n\t- Key length indicates the length of the generated session key. This will be 0 if no session key was requested.\""},"eventdata":{"subjectUserSid":"S-1-5-18","subjectUserName":"WINDOWS$","subjectDomainName":"WORKGROUP","subjectLogonId":"0x3e7","targetUserSid":"S-1-5-18","targetUserName":"SYSTEM","targetDomainName":"NT AUTHORITY","targetLogonId":"0x3e7","logonType":"5","logonProcessName":"Advapi","authenticationPackageName":"Negotiate","logonGuid":"{00000000-0000-0000-0000-000000000000}","keyLength":"0","processId":"0x360","processName":"C:\\\\Windows\\\\System32\\\\services.exe","impersonationLevel":"%%1833","virtualAccount":"%%1843","targetLinkedLogonId":"0x0","elevatedToken":"%%1842"}}},"location":"EventChannel"}
{"timestamp":"2025-11-30T18:37:56.114+0000","rule":{"level":3,"description":"Windows logon success.","id":"60106","mitre":{"id":["T1078"],"tactic":["Defense Evasion","Persistence","Privilege Escalation","Initial Access"],"technique":["Valid Accounts"]},"firedtimes":17,"mail":false,"groups":["windows","windows_security","authentication_success"],"gdpr":["IV_32.2"],"gpg13":["7.1","7.2"],"hipaa":["164.312.b"],"nist_800_53":["AC.7","AU.14"],"pci_dss":["10.2.5"],"tsc":["CC6.8","CC7.2","CC7.3"]},"agent":{"id":"002","name":"Windows","ip":"192.168.178.110"},"manager":{"name":"balanced-coonhound"},"id":"1764527876.258415","decoder":{"name":"windows_eventchannel"},"data":{"win":{"system":{"providerName":"Microsoft-Windows-Security-Auditing","providerGuid":"{54849625-5478-4994-a5ba-3e3b0328c30d}","eventID":"4624","version":"3","level":"0","task":"12544","opcode":"0","keywords":"0x8020000000000000","systemTime":"2025-11-30T18:37:58.8954511Z","eventRecordID":"20490","processID":"884","threadID":"964","channel":"Security","computer":"Windows","severityValue":"AUDIT_SUCCESS","message":"\"An account was successfully logged on.\r\n\r\nSubject:\r\n\tSecurity ID:\t\tS-1-5-18\r\n\tAccount Name:\t\tWINDOWS$\r\n\tAccount Domain:\t\tWORKGROUP\r\n\tLogon ID:\t\t0x3E7\r\n\r\nLogon Information:\r\n\tLogon Type:\t\t5\r\n\tRestricted Admin Mode:\t-\r\n\tRemote Credential Guard:\t-\r\n\tVirtual Account:\t\tNo\r\n\tElevated Token:\t\tYes\r\n\r\nImpersonation Level:\t\tImpersonation\r\n\r\nNew Logon:\r\n\tSecurity ID:\t\tS-1-5-18\r\n\tAccount Name:\t\tSYSTEM\r\n\tAccount Domain:\t\tNT AUTHORITY\r\n\tLogon ID:\t\t0x3E7\r\n\tLinked Logon ID:\t\t0x0\r\n\tNetwork Account Name:\t-\r\n\tNetwork Account Domain:\t-\r\n\tLogon GUID:\t\t{00000000-0000-0000-0000-000000000000}\r\n\r\nProcess Information:\r\n\tProcess ID:\t\t0x360\r\n\tProcess Name:\t\tC:\\Windows\\System32\\services.exe\r\n\r\nNetwork Information:\r\n\tWorkstation Name:\t-\r\n\tSource Network Address:\t-\r\n\tSource Port:\t\t-\r\n\r\nDetailed Authentication Information:\r\n\tLogon Process:\t\tAdvapi  \r\n\tAuthentication Package:\tNegotiate\r\n\tTransited Services:\t-\r\n\tPackage Name (NTLM only):\t-\r\n\tKey Length:\t\t0\r\n\r\nThis event is generated when a logon session is created. It is generated on the computer that was accessed.\r\n\r\nThe subject fields indicate the account on the local system which requested the logon. This is most commonly a service such as the Server service, or a local process such as Winlogon.exe or Services.exe.\r\n\r\nThe logon type field indicates the kind of logon that occurred. The most common types are 2 (interactive) and 3 (network).\r\n\r\nThe New Logon fields indicate the account for whom the new logon was created, i.e. the account that was logged on.\r\n\r\nThe network fields indicate where a remote logon request originated. Workstation name is not always available and may be left blank in some cases.\r\n\r\nThe impersonation level field indicates the extent to which a process in the logon session can impersonate.\r\n\r\nThe authentication information fields provide detailed information about this specific logon request.\r\n\t- Logon GUID is a unique identifier that can be used to correlate this event with a KDC event.\r\n\t- Transited services indicate which intermediate services have participated in this logon request.\r\n\t- Package name indicates which sub-protocol was used among the NTLM protocols.\r\n\t- Key length indicates the length of the generated session key. This will be 0 if no session key was requested.\""},"eventdata":{"subjectUserSid":"S-1-5-18","subjectUserName":"WINDOWS$","subjectDomainName":"WORKGROUP","subjectLogonId":"0x3e7","targetUserSid":"S-1-5-18","targetUserName":"SYSTEM","targetDomainName":"NT AUTHORITY","targetLogonId":"0x3e7","logonType":"5","logonProcessName":"Advapi","authenticationPackageName":"Negotiate","logonGuid":"{00000000-0000-0000-0000-000000000000}","keyLength":"0","processId":"0x360","processName":"C:\\\\Windows\\\\System32\\\\services.exe","impersonationLevel":"%%1833","virtualAccount":"%%1843","targetLinkedLogonId":"0x0","elevatedToken":"%%1842"}}},"location":"EventChannel"}
{"timestamp":"2025-11-30T18:38:26.012+0000","rule":{"level":3,"description":"Software protection service scheduled successfully.","id":"60642","firedtimes":2,"mail":false,"groups":["windows","windows_application"]},"agent":{"id":"002","name":"Windows","ip":"192.168.178.110"},"manager":{"name":"balanced-coonhound"},"id":"1764527906.265742","decoder":{"name":"windows_eventchannel"},"data":{"win":{"system":{"providerName":"Microsoft-Windows-Security-SPP","providerGuid":"{E23B33B0-C8C9-472C-A5F9-F2BDFEA0F156}","eventSourceName":"Software Protection Platform Service","eventID":"16384","version":"0","level":"4","task":"0","opcode":"0","keywords":"0x80000000000000","systemTime":"2025-11-30T18:38:23.6673872Z","eventRecordID":"811","processID":"7568","threadID":"0","channel":"Application","computer":"Windows","severityValue":"INFORMATION","message":"\"Successfully scheduled Software Protection service for re-start at 2025-12-01T18:36:23Z. Reason: RulesEngine.\""},"eventdata":{"data":"2025-12-01T18:36:23Z, RulesEngine"}}},"location":"EventChannel"}
{"timestamp":"2025-11-30T18:38:41.756+0000","rule":{"level":4,"description":"Summary event of the report's signatures.","id":"60608","firedtimes":2,"mail":false,"groups":["windows","windows_application"]},"agent":{"id":"002","name":"Windows","ip":"192.168.178.110"},"manager":{"name":"balanced-coonhound"},"id":"1764527921.267316","decoder":{"name":"windows_eventchannel"},"data":{"win":{"system":{"providerName":"Windows Error Reporting","providerGuid":"{0ead09bd-2157-539a-8d6d-c87f95b64d70}","eventID":"1001","version":"0","level":"4","task":"0","opcode":"0","keywords":"0x8000000000000000","systemTime":"2025-11-30T18:38:37.0327035Z","eventRecordID":"812","processID":"1932","threadID":"1888","channel":"Application","computer":"Windows","severityValue":"INFORMATION","message":"\"Fault bucket , type 0\r\nEvent Name: LiveKernelEvent\r\nResponse: Not available\r\nCab Id: 0\r\n\r\nProblem signature:\r\nP1: 1a8\r\nP2: a\r\nP3: 0\r\nP4: 0\r\nP5: 0\r\nP6: 10_0_26200\r\nP7: 0_0\r\nP8: 768_1\r\nP9: \r\nP10: \r\n\r\nAttached files:\r\n\\\\?\\C:\\WINDOWS\\LiveKernelReports\\WATCHDOG\\WATCHDOG-20251112-1317.dmp\r\n\\\\?\\C:\\WINDOWS\\SystemTemp\\WER-249093-0.sysdata.xml\r\n\\\\?\\C:\\ProgramData\\Microsoft\\Windows\\WER\\Temp\\WER.27cdee42-5703-40ac-a635-c703abdfbd30.tmp.WERInternalMetadata.xml\r\n\\\\?\\C:\\ProgramData\\Microsoft\\Windows\\WER\\Temp\\WER.a53717ea-2c54-4205-a346-01aaf0b3d6fb.tmp.csv\r\n\\\\?\\C:\\ProgramData\\Microsoft\\Windows\\WER\\Temp\\WER.76b642a6-96b3-4111-be8a-7cb07c7bbe43.tmp.txt\r\n\\\\?\\C:\\ProgramData\\Microsoft\\Windows\\WER\\Temp\\WER.726d6ea3-62cd-4cc6-a40c-b07a7d1c1422.tmp.xml\r\n\r\nThese files may be available here:\r\n\\\\?\\C:\\ProgramData\\Microsoft\\Windows\\WER\\ReportQueue\\Kernel_1a8_edf5fb5c0e4a63db4978f4d416e1145b3dc568_00000000_d34ec298-70c0-47a8-b7a9-f4f535039632\r\n\r\nAnalysis symbol: \r\nRechecking for solution: 0\r\nReport Id: d34ec298-70c0-47a8-b7a9-f4f535039632\r\nReport Status: 2049\r\nHashed bucket: \r\nCab Guid: 0\""},"eventdata":{"bucketType":"0","eventName":"LiveKernelEvent","response":"Not available","cabId":"0","p1":"1a8","p2":"a","p3":"0","p4":"0","p5":"0","p6":"10_0_26200","p7":"0_0","p8":"768_1","attachedFiles":"  \\\\\\\\?\\\\C:\\\\WINDOWS\\\\LiveKernelReports\\\\WATCHDOG\\\\WATCHDOG-20251112-1317.dmp  \\\\\\\\?\\\\C:\\\\WINDOWS\\\\SystemTemp\\\\WER-249093-0.sysdata.xml  \\\\\\\\?\\\\C:\\\\ProgramData\\\\Microsoft\\\\Windows\\\\WER\\\\Temp\\\\WER.27cdee42-5703-40ac-a635-c703abdfbd30.tmp.WERInternalMetadata.xml  \\\\\\\\?\\\\C:\\\\ProgramData\\\\Microsoft\\\\Windows\\\\WER\\\\Temp\\\\WER.a53717ea-2c54-4205-a346-01aaf0b3d6fb.tmp.csv  \\\\\\\\?\\\\C:\\\\ProgramData\\\\Microsoft\\\\Windows\\\\WER\\\\Temp\\\\WER.76b642a6-96b3-4111-be8a-7cb07c7bbe43.tmp.txt  \\\\\\\\?\\\\C:\\\\ProgramData\\\\Microsoft\\\\Windows\\\\WER\\\\Temp\\\\WER.726d6ea3-62cd-4cc6-a40c-b07a7d1c1422.tmp.xml","storePath":"\\\\\\\\?\\\\C:\\\\ProgramData\\\\Microsoft\\\\Windows\\\\WER\\\\ReportQueue\\\\Kernel_1a8_edf5fb5c0e4a63db4978f4d416e1145b3dc568_00000000_d34ec298-70c0-47a8-b7a9-f4f535039632","rechecking":"0","reportId":"d34ec298-70c0-47a8-b7a9-f4f535039632","reportStatus":"2049","cabGuid":"0"}}},"location":"EventChannel"}
{"timestamp":"2025-11-30T18:39:41.186+0000","rule":{"level":3,"description":"Windows logon success.","id":"60106","mitre":{"id":["T1078"],"tactic":["Defense Evasion","Persistence","Privilege Escalation","Initial Access"],"technique":["Valid Accounts"]},"firedtimes":18,"mail":false,"groups":["windows","windows_security","authentication_success"],"gdpr":["IV_32.2"],"gpg13":["7.1","7.2"],"hipaa":["164.312.b"],"nist_800_53":["AC.7","AU.14"],"pci_dss":["10.2.5"],"tsc":["CC6.8","CC7.2","CC7.3"]},"agent":{"id":"002","name":"Windows","ip":"192.168.178.110"},"manager":{"name":"balanced-coonhound"},"id":"1764527981.273115","decoder":{"name":"windows_eventchannel"},"data":{"win":{"system":{"providerName":"Microsoft-Windows-Security-Auditing","providerGuid":"{54849625-5478-4994-a5ba-3e3b0328c30d}","eventID":"4624","version":"3","level":"0","task":"12544","opcode":"0","keywords":"0x8020000000000000","systemTime":"2025-11-30T18:39:45.9227517Z","eventRecordID":"20499","processID":"884","threadID":"3088","channel":"Security","computer":"Windows","severityValue":"AUDIT_SUCCESS","message":"\"An account was successfully logged on.\r\n\r\nSubject:\r\n\tSecurity ID:\t\tS-1-5-18\r\n\tAccount Name:\t\tWINDOWS$\r\n\tAccount Domain:\t\tWORKGROUP\r\n\tLogon ID:\t\t0x3E7\r\n\r\nLogon Information:\r\n\tLogon Type:\t\t5\r\n\tRestricted Admin Mode:\t-\r\n\tRemote Credential Guard:\t-\r\n\tVirtual Account:\t\tNo\r\n\tElevated Token:\t\tYes\r\n\r\nImpersonation Level:\t\tImpersonation\r\n\r\nNew Logon:\r\n\tSecurity ID:\t\tS-1-5-18\r\n\tAccount Name:\t\tSYSTEM\r\n\tAccount Domain:\t\tNT AUTHORITY\r\n\tLogon ID:\t\t0x3E7\r\n\tLinked Logon ID:\t\t0x0\r\n\tNetwork Account Name:\t-\r\n\tNetwork Account Domain:\t-\r\n\tLogon GUID:\t\t{00000000-0000-0000-0000-000000000000}\r\n\r\nProcess Information:\r\n\tProcess ID:\t\t0x360\r\n\tProcess Name:\t\tC:\\Windows\\System32\\services.exe\r\n\r\nNetwork Information:\r\n\tWorkstation Name:\t-\r\n\tSource Network Address:\t-\r\n\tSource Port:\t\t-\r\n\r\nDetailed Authentication Information:\r\n\tLogon Process:\t\tAdvapi  \r\n\tAuthentication Package:\tNegotiate\r\n\tTransited Services:\t-\r\n\tPackage Name (NTLM only):\t-\r\n\tKey Length:\t\t0\r\n\r\nThis event is generated when a logon session is created. It is generated on the computer that was accessed.\r\n\r\nThe subject fields indicate the account on the local system which requested the logon. This is most commonly a service such as the Server service, or a local process such as Winlogon.exe or Services.exe.\r\n\r\nThe logon type field indicates the kind of logon that occurred. The most common types are 2 (interactive) and 3 (network).\r\n\r\nThe New Logon fields indicate the account for whom the new logon was created, i.e. the account that was logged on.\r\n\r\nThe network fields indicate where a remote logon request originated. Workstation name is not always available and may be left blank in some cases.\r\n\r\nThe impersonation level field indicates the extent to which a process in the logon session can impersonate.\r\n\r\nThe authentication information fields provide detailed information about this specific logon request.\r\n\t- Logon GUID is a unique identifier that can be used to correlate this event with a KDC event.\r\n\t- Transited services indicate which intermediate services have participated in this logon request.\r\n\t- Package name indicates which sub-protocol was used among the NTLM protocols.\r\n\t- Key length indicates the length of the generated session key. This will be 0 if no session key was requested.\""},"eventdata":{"subjectUserSid":"S-1-5-18","subjectUserName":"WINDOWS$","subjectDomainName":"WORKGROUP","subjectLogonId":"0x3e7","targetUserSid":"S-1-5-18","targetUserName":"SYSTEM","targetDomainName":"NT AUTHORITY","targetLogonId":"0x3e7","logonType":"5","logonProcessName":"Advapi","authenticationPackageName":"Negotiate","logonGuid":"{00000000-0000-0000-0000-000000000000}","keyLength":"0","processId":"0x360","processName":"C:\\\\Windows\\\\System32\\\\services.exe","impersonationLevel":"%%1833","virtualAccount":"%%1843","targetLinkedLogonId":"0x0","elevatedToken":"%%1842"}}},"location":"EventChannel"}
{"timestamp":"2025-11-30T18:39:59.657+0000","rule":{"level":3,"description":"Windows logon success.","id":"60106","mitre":{"id":["T1078"],"tactic":["Defense Evasion","Persistence","Privilege Escalation","Initial Access"],"technique":["Valid Accounts"]},"firedtimes":19,"mail":false,"groups":["windows","windows_security","authentication_success"],"gdpr":["IV_32.2"],"gpg13":["7.1","7.2"],"hipaa":["164.312.b"],"nist_800_53":["AC.7","AU.14"],"pci_dss":["10.2.5"],"tsc":["CC6.8","CC7.2","CC7.3"]},"agent":{"id":"002","name":"Windows","ip":"192.168.178.110"},"manager":{"name":"balanced-coonhound"},"id":"1764527999.280444","decoder":{"name":"windows_eventchannel"},"data":{"win":{"system":{"providerName":"Microsoft-Windows-Security-Auditing","providerGuid":"{54849625-5478-4994-a5ba-3e3b0328c30d}","eventID":"4624","version":"3","level":"0","task":"12544","opcode":"0","keywords":"0x8020000000000000","systemTime":"2025-11-30T18:40:03.1653954Z","eventRecordID":"20533","processID":"884","threadID":"964","channel":"Security","computer":"Windows","severityValue":"AUDIT_SUCCESS","message":"\"An account was successfully logged on.\r\n\r\nSubject:\r\n\tSecurity ID:\t\tS-1-5-18\r\n\tAccount Name:\t\tWINDOWS$\r\n\tAccount Domain:\t\tWORKGROUP\r\n\tLogon ID:\t\t0x3E7\r\n\r\nLogon Information:\r\n\tLogon Type:\t\t5\r\n\tRestricted Admin Mode:\t-\r\n\tRemote Credential Guard:\t-\r\n\tVirtual Account:\t\tNo\r\n\tElevated Token:\t\tYes\r\n\r\nImpersonation Level:\t\tImpersonation\r\n\r\nNew Logon:\r\n\tSecurity ID:\t\tS-1-5-18\r\n\tAccount Name:\t\tSYSTEM\r\n\tAccount Domain:\t\tNT AUTHORITY\r\n\tLogon ID:\t\t0x3E7\r\n\tLinked Logon ID:\t\t0x0\r\n\tNetwork Account Name:\t-\r\n\tNetwork Account Domain:\t-\r\n\tLogon GUID:\t\t{00000000-0000-0000-0000-000000000000}\r\n\r\nProcess Information:\r\n\tProcess ID:\t\t0x360\r\n\tProcess Name:\t\tC:\\Windows\\System32\\services.exe\r\n\r\nNetwork Information:\r\n\tWorkstation Name:\t-\r\n\tSource Network Address:\t-\r\n\tSource Port:\t\t-\r\n\r\nDetailed Authentication Information:\r\n\tLogon Process:\t\tAdvapi  \r\n\tAuthentication Package:\tNegotiate\r\n\tTransited Services:\t-\r\n\tPackage Name (NTLM only):\t-\r\n\tKey Length:\t\t0\r\n\r\nThis event is generated when a logon session is created. It is generated on the computer that was accessed.\r\n\r\nThe subject fields indicate the account on the local system which requested the logon. This is most commonly a service such as the Server service, or a local process such as Winlogon.exe or Services.exe.\r\n\r\nThe logon type field indicates the kind of logon that occurred. The most common types are 2 (interactive) and 3 (network).\r\n\r\nThe New Logon fields indicate the account for whom the new logon was created, i.e. the account that was logged on.\r\n\r\nThe network fields indicate where a remote logon request originated. Workstation name is not always available and may be left blank in some cases.\r\n\r\nThe impersonation level field indicates the extent to which a process in the logon session can impersonate.\r\n\r\nThe authentication information fields provide detailed information about this specific logon request.\r\n\t- Logon GUID is a unique identifier that can be used to correlate this event with a KDC event.\r\n\t- Transited services indicate which intermediate services have participated in this logon request.\r\n\t- Package name indicates which sub-protocol was used among the NTLM protocols.\r\n\t- Key length indicates the length of the generated session key. This will be 0 if no session key was requested.\""},"eventdata":{"subjectUserSid":"S-1-5-18","subjectUserName":"WINDOWS$","subjectDomainName":"WORKGROUP","subjectLogonId":"0x3e7","targetUserSid":"S-1-5-18","targetUserName":"SYSTEM","targetDomainName":"NT AUTHORITY","targetLogonId":"0x3e7","logonType":"5","logonProcessName":"Advapi","authenticationPackageName":"Negotiate","logonGuid":"{00000000-0000-0000-0000-000000000000}","keyLength":"0","processId":"0x360","processName":"C:\\\\Windows\\\\System32\\\\services.exe","impersonationLevel":"%%1833","virtualAccount":"%%1843","targetLinkedLogonId":"0x0","elevatedToken":"%%1842"}}},"location":"EventChannel"}
{"timestamp":"2025-11-30T18:40:42.879+0000","rule":{"level":5,"description":"Windows System error event","id":"61102","firedtimes":2,"mail":false,"groups":["windows","windows_system","system_error"],"gpg13":["4.3"],"gdpr":["IV_35.7.d"]},"agent":{"id":"002","name":"Windows","ip":"192.168.178.110"},"manager":{"name":"balanced-coonhound"},"id":"1764528042.287771","decoder":{"name":"windows_eventchannel"},"data":{"win":{"system":{"providerName":"Microsoft-Windows-TPM-WMI","providerGuid":"{7d5387b0-cbe0-11da-a94d-0800200c9a66}","eventID":"1801","version":"0","level":"2","task":"0","opcode":"0","keywords":"0x8000000000000000","systemTime":"2025-11-30T18:40:37.4775580Z","eventRecordID":"1993","processID":"1472","threadID":"5012","channel":"System","computer":"Windows","severityValue":"ERROR","message":"\"Secure Boot CA/keys need to be updated. This device signature information is included here.\r\nDeviceAttributes: BaseBoardManufacturer:;FirmwareManufacturer:innotek GmbH;FirmwareVersion:VirtualBox;OEMModelNumber:VirtualBox;OEMModelBaseBoard:VirtualBox;OEMModelSystemFamily:Virtual Machine;OEMManufacturerName:innotek GmbH;OEMModelSKU:;OSArchitecture:amd64;\r\nBucketId: b11b9d2377190b0db769866b59072426790d4bc094f021b6107049eea9961a00\r\nBucketConfidenceLevel: \r\nUpdateType: 0\r\nHResult: The operation completed successfully.\""},"eventdata":{"deviceAttributes":"BaseBoardManufacturer:;FirmwareManufacturer:innotek GmbH;FirmwareVersion:VirtualBox;OEMModelNumber:VirtualBox;OEMModelBaseBoard:VirtualBox;OEMModelSystemFamily:Virtual Machine;OEMManufacturerName:innotek GmbH;OEMModelSKU:;OSArchitecture:amd64;","bucketId":"b11b9d2377190b0db769866b59072426790d4bc094f021b6107049eea9961a00","updateType":"0","hResult":"0"}}},"location":"EventChannel"}
{"timestamp":"2025-11-30T18:40:42.882+0000","rule":{"level":5,"description":"Windows System error event","id":"61102","firedtimes":3,"mail":false,"groups":["windows","windows_system","system_error"],"gpg13":["4.3"],"gdpr":["IV_35.7.d"]},"agent":{"id":"002","name":"Windows","ip":"192.168.178.110"},"manager":{"name":"balanced-coonhound"},"id":"1764528042.290732","decoder":{"name":"windows_eventchannel"},"data":{"win":{"system":{"providerName":"Microsoft-Windows-TPM-WMI","providerGuid":"{7d5387b0-cbe0-11da-a94d-0800200c9a66}","eventID":"1796","version":"2","level":"2","task":"0","opcode":"0","keywords":"0x8000000000000000","systemTime":"2025-11-30T18:40:37.4806653Z","eventRecordID":"1994","processID":"1472","threadID":"5012","channel":"System","computer":"Windows","severityValue":"ERROR","message":"\"The Secure Boot update failed to update a Secure Boot variable with error The system cannot find the file specified.. For more information, please see https://go.microsoft.com/fwlink/?linkid=2169931\""},"eventdata":{"hResult":"-2147024894","updateType":"2"}}},"location":"EventChannel"}
{"timestamp":"2025-11-30T18:40:42.884+0000","rule":{"level":5,"description":"Windows System error event","id":"61102","firedtimes":4,"mail":false,"groups":["windows","windows_system","system_error"],"gpg13":["4.3"],"gdpr":["IV_35.7.d"]},"agent":{"id":"002","name":"Windows","ip":"192.168.178.110"},"manager":{"name":"balanced-coonhound"},"id":"1764528042.292355","decoder":{"name":"windows_eventchannel"},"data":{"win":{"system":{"providerName":"Microsoft-Windows-TPM-WMI","providerGuid":"{7d5387b0-cbe0-11da-a94d-0800200c9a66}","eventID":"1796","version":"2","level":"2","task":"0","opcode":"0","keywords":"0x8000000000000000","systemTime":"2025-11-30T18:40:37.4807355Z","eventRecordID":"1995","processID":"1472","threadID":"5012","channel":"System","computer":"Windows","severityValue":"ERROR","message":"\"The Secure Boot update failed to update a Secure Boot variable with error The system cannot find the file specified.. For more information, please see https://go.microsoft.com/fwlink/?linkid=2169931\""},"eventdata":{"hResult":"-2147024894","updateType":"1024"}}},"location":"EventChannel"}
{"timestamp":"2025-11-30T18:41:02.105+0000","rule":{"level":3,"description":"Windows logon success.","id":"60106","mitre":{"id":["T1078"],"tactic":["Defense Evasion","Persistence","Privilege Escalation","Initial Access"],"technique":["Valid Accounts"]},"firedtimes":20,"mail":false,"groups":["windows","windows_security","authentication_success"],"gdpr":["IV_32.2"],"gpg13":["7.1","7.2"],"hipaa":["164.312.b"],"nist_800_53":["AC.7","AU.14"],"pci_dss":["10.2.5"],"tsc":["CC6.8","CC7.2","CC7.3"]},"agent":{"id":"002","name":"Windows","ip":"192.168.178.110"},"manager":{"name":"balanced-coonhound"},"id":"1764528062.293984","decoder":{"name":"windows_eventchannel"},"data":{"win":{"system":{"providerName":"Microsoft-Windows-Security-Auditing","providerGuid":"{54849625-5478-4994-a5ba-3e3b0328c30d}","eventID":"4624","version":"3","level":"0","task":"12544","opcode":"0","keywords":"0x8020000000000000","systemTime":"2025-11-30T18:40:56.9402897Z","eventRecordID":"20535","processID":"884","threadID":"940","channel":"Security","computer":"Windows","severityValue":"AUDIT_SUCCESS","message":"\"An account was successfully logged on.\r\n\r\nSubject:\r\n\tSecurity ID:\t\tS-1-5-18\r\n\tAccount Name:\t\tWINDOWS$\r\n\tAccount Domain:\t\tWORKGROUP\r\n\tLogon ID:\t\t0x3E7\r\n\r\nLogon Information:\r\n\tLogon Type:\t\t5\r\n\tRestricted Admin Mode:\t-\r\n\tRemote Credential Guard:\t-\r\n\tVirtual Account:\t\tNo\r\n\tElevated Token:\t\tYes\r\n\r\nImpersonation Level:\t\tImpersonation\r\n\r\nNew Logon:\r\n\tSecurity ID:\t\tS-1-5-18\r\n\tAccount Name:\t\tSYSTEM\r\n\tAccount Domain:\t\tNT AUTHORITY\r\n\tLogon ID:\t\t0x3E7\r\n\tLinked Logon ID:\t\t0x0\r\n\tNetwork Account Name:\t-\r\n\tNetwork Account Domain:\t-\r\n\tLogon GUID:\t\t{00000000-0000-0000-0000-000000000000}\r\n\r\nProcess Information:\r\n\tProcess ID:\t\t0x360\r\n\tProcess Name:\t\tC:\\Windows\\System32\\services.exe\r\n\r\nNetwork Information:\r\n\tWorkstation Name:\t-\r\n\tSource Network Address:\t-\r\n\tSource Port:\t\t-\r\n\r\nDetailed Authentication Information:\r\n\tLogon Process:\t\tAdvapi  \r\n\tAuthentication Package:\tNegotiate\r\n\tTransited Services:\t-\r\n\tPackage Name (NTLM only):\t-\r\n\tKey Length:\t\t0\r\n\r\nThis event is generated when a logon session is created. It is generated on the computer that was accessed.\r\n\r\nThe subject fields indicate the account on the local system which requested the logon. This is most commonly a service such as the Server service, or a local process such as Winlogon.exe or Services.exe.\r\n\r\nThe logon type field indicates the kind of logon that occurred. The most common types are 2 (interactive) and 3 (network).\r\n\r\nThe New Logon fields indicate the account for whom the new logon was created, i.e. the account that was logged on.\r\n\r\nThe network fields indicate where a remote logon request originated. Workstation name is not always available and may be left blank in some cases.\r\n\r\nThe impersonation level field indicates the extent to which a process in the logon session can impersonate.\r\n\r\nThe authentication information fields provide detailed information about this specific logon request.\r\n\t- Logon GUID is a unique identifier that can be used to correlate this event with a KDC event.\r\n\t- Transited services indicate which intermediate services have participated in this logon request.\r\n\t- Package name indicates which sub-protocol was used among the NTLM protocols.\r\n\t- Key length indicates the length of the generated session key. This will be 0 if no session key was requested.\""},"eventdata":{"subjectUserSid":"S-1-5-18","subjectUserName":"WINDOWS$","subjectDomainName":"WORKGROUP","subjectLogonId":"0x3e7","targetUserSid":"S-1-5-18","targetUserName":"SYSTEM","targetDomainName":"NT AUTHORITY","targetLogonId":"0x3e7","logonType":"5","logonProcessName":"Advapi","authenticationPackageName":"Negotiate","logonGuid":"{00000000-0000-0000-0000-000000000000}","keyLength":"0","processId":"0x360","processName":"C:\\\\Windows\\\\System32\\\\services.exe","impersonationLevel":"%%1833","virtualAccount":"%%1843","targetLinkedLogonId":"0x0","elevatedToken":"%%1842"}}},"location":"EventChannel"}
{"timestamp":"2025-11-30T18:41:39.375+0000","rule":{"level":3,"description":"Windows logon success.","id":"60106","mitre":{"id":["T1078"],"tactic":["Defense Evasion","Persistence","Privilege Escalation","Initial Access"],"technique":["Valid Accounts"]},"firedtimes":21,"mail":false,"groups":["windows","windows_security","authentication_success"],"gdpr":["IV_32.2"],"gpg13":["7.1","7.2"],"hipaa":["164.312.b"],"nist_800_53":["AC.7","AU.14"],"pci_dss":["10.2.5"],"tsc":["CC6.8","CC7.2","CC7.3"]},"agent":{"id":"002","name":"Windows","ip":"192.168.178.110"},"manager":{"name":"balanced-coonhound"},"id":"1764528099.301311","decoder":{"name":"windows_eventchannel"},"data":{"win":{"system":{"providerName":"Microsoft-Windows-Security-Auditing","providerGuid":"{54849625-5478-4994-a5ba-3e3b0328c30d}","eventID":"4624","version":"3","level":"0","task":"12544","opcode":"0","keywords":"0x8020000000000000","systemTime":"2025-11-30T18:41:44.0452324Z","eventRecordID":"20537","processID":"884","threadID":"3088","channel":"Security","computer":"Windows","severityValue":"AUDIT_SUCCESS","message":"\"An account was successfully logged on.\r\n\r\nSubject:\r\n\tSecurity ID:\t\tS-1-5-18\r\n\tAccount Name:\t\tWINDOWS$\r\n\tAccount Domain:\t\tWORKGROUP\r\n\tLogon ID:\t\t0x3E7\r\n\r\nLogon Information:\r\n\tLogon Type:\t\t5\r\n\tRestricted Admin Mode:\t-\r\n\tRemote Credential Guard:\t-\r\n\tVirtual Account:\t\tNo\r\n\tElevated Token:\t\tYes\r\n\r\nImpersonation Level:\t\tImpersonation\r\n\r\nNew Logon:\r\n\tSecurity ID:\t\tS-1-5-18\r\n\tAccount Name:\t\tSYSTEM\r\n\tAccount Domain:\t\tNT AUTHORITY\r\n\tLogon ID:\t\t0x3E7\r\n\tLinked Logon ID:\t\t0x0\r\n\tNetwork Account Name:\t-\r\n\tNetwork Account Domain:\t-\r\n\tLogon GUID:\t\t{00000000-0000-0000-0000-000000000000}\r\n\r\nProcess Information:\r\n\tProcess ID:\t\t0x360\r\n\tProcess Name:\t\tC:\\Windows\\System32\\services.exe\r\n\r\nNetwork Information:\r\n\tWorkstation Name:\t-\r\n\tSource Network Address:\t-\r\n\tSource Port:\t\t-\r\n\r\nDetailed Authentication Information:\r\n\tLogon Process:\t\tAdvapi  \r\n\tAuthentication Package:\tNegotiate\r\n\tTransited Services:\t-\r\n\tPackage Name (NTLM only):\t-\r\n\tKey Length:\t\t0\r\n\r\nThis event is generated when a logon session is created. It is generated on the computer that was accessed.\r\n\r\nThe subject fields indicate the account on the local system which requested the logon. This is most commonly a service such as the Server service, or a local process such as Winlogon.exe or Services.exe.\r\n\r\nThe logon type field indicates the kind of logon that occurred. The most common types are 2 (interactive) and 3 (network).\r\n\r\nThe New Logon fields indicate the account for whom the new logon was created, i.e. the account that was logged on.\r\n\r\nThe network fields indicate where a remote logon request originated. Workstation name is not always available and may be left blank in some cases.\r\n\r\nThe impersonation level field indicates the extent to which a process in the logon session can impersonate.\r\n\r\nThe authentication information fields provide detailed information about this specific logon request.\r\n\t- Logon GUID is a unique identifier that can be used to correlate this event with a KDC event.\r\n\t- Transited services indicate which intermediate services have participated in this logon request.\r\n\t- Package name indicates which sub-protocol was used among the NTLM protocols.\r\n\t- Key length indicates the length of the generated session key. This will be 0 if no session key was requested.\""},"eventdata":{"subjectUserSid":"S-1-5-18","subjectUserName":"WINDOWS$","subjectDomainName":"WORKGROUP","subjectLogonId":"0x3e7","targetUserSid":"S-1-5-18","targetUserName":"SYSTEM","targetDomainName":"NT AUTHORITY","targetLogonId":"0x3e7","logonType":"5","logonProcessName":"Advapi","authenticationPackageName":"Negotiate","logonGuid":"{00000000-0000-0000-0000-000000000000}","keyLength":"0","processId":"0x360","processName":"C:\\\\Windows\\\\System32\\\\services.exe","impersonationLevel":"%%1833","virtualAccount":"%%1843","targetLinkedLogonId":"0x0","elevatedToken":"%%1842"}}},"location":"EventChannel"}
{"timestamp":"2025-11-30T18:42:47.347+0000","rule":{"level":3,"description":"Windows logon success.","id":"60106","mitre":{"id":["T1078"],"tactic":["Defense Evasion","Persistence","Privilege Escalation","Initial Access"],"technique":["Valid Accounts"]},"firedtimes":22,"mail":false,"groups":["windows","windows_security","authentication_success"],"gdpr":["IV_32.2"],"gpg13":["7.1","7.2"],"hipaa":["164.312.b"],"nist_800_53":["AC.7","AU.14"],"pci_dss":["10.2.5"],"tsc":["CC6.8","CC7.2","CC7.3"]},"agent":{"id":"002","name":"Windows","ip":"192.168.178.110"},"manager":{"name":"balanced-coonhound"},"id":"1764528167.308640","decoder":{"name":"windows_eventchannel"},"data":{"win":{"system":{"providerName":"Microsoft-Windows-Security-Auditing","providerGuid":"{54849625-5478-4994-a5ba-3e3b0328c30d}","eventID":"4624","version":"3","level":"0","task":"12544","opcode":"0","keywords":"0x8020000000000000","systemTime":"2025-11-30T18:42:42.9841232Z","eventRecordID":"20539","processID":"884","threadID":"6864","channel":"Security","computer":"Windows","severityValue":"AUDIT_SUCCESS","message":"\"An account was successfully logged on.\r\n\r\nSubject:\r\n\tSecurity ID:\t\tS-1-5-18\r\n\tAccount Name:\t\tWINDOWS$\r\n\tAccount Domain:\t\tWORKGROUP\r\n\tLogon ID:\t\t0x3E7\r\n\r\nLogon Information:\r\n\tLogon Type:\t\t5\r\n\tRestricted Admin Mode:\t-\r\n\tRemote Credential Guard:\t-\r\n\tVirtual Account:\t\tNo\r\n\tElevated Token:\t\tYes\r\n\r\nImpersonation Level:\t\tImpersonation\r\n\r\nNew Logon:\r\n\tSecurity ID:\t\tS-1-5-18\r\n\tAccount Name:\t\tSYSTEM\r\n\tAccount Domain:\t\tNT AUTHORITY\r\n\tLogon ID:\t\t0x3E7\r\n\tLinked Logon ID:\t\t0x0\r\n\tNetwork Account Name:\t-\r\n\tNetwork Account Domain:\t-\r\n\tLogon GUID:\t\t{00000000-0000-0000-0000-000000000000}\r\n\r\nProcess Information:\r\n\tProcess ID:\t\t0x360\r\n\tProcess Name:\t\tC:\\Windows\\System32\\services.exe\r\n\r\nNetwork Information:\r\n\tWorkstation Name:\t-\r\n\tSource Network Address:\t-\r\n\tSource Port:\t\t-\r\n\r\nDetailed Authentication Information:\r\n\tLogon Process:\t\tAdvapi  \r\n\tAuthentication Package:\tNegotiate\r\n\tTransited Services:\t-\r\n\tPackage Name (NTLM only):\t-\r\n\tKey Length:\t\t0\r\n\r\nThis event is generated when a logon session is created. It is generated on the computer that was accessed.\r\n\r\nThe subject fields indicate the account on the local system which requested the logon. This is most commonly a service such as the Server service, or a local process such as Winlogon.exe or Services.exe.\r\n\r\nThe logon type field indicates the kind of logon that occurred. The most common types are 2 (interactive) and 3 (network).\r\n\r\nThe New Logon fields indicate the account for whom the new logon was created, i.e. the account that was logged on.\r\n\r\nThe network fields indicate where a remote logon request originated. Workstation name is not always available and may be left blank in some cases.\r\n\r\nThe impersonation level field indicates the extent to which a process in the logon session can impersonate.\r\n\r\nThe authentication information fields provide detailed information about this specific logon request.\r\n\t- Logon GUID is a unique identifier that can be used to correlate this event with a KDC event.\r\n\t- Transited services indicate which intermediate services have participated in this logon request.\r\n\t- Package name indicates which sub-protocol was used among the NTLM protocols.\r\n\t- Key length indicates the length of the generated session key. This will be 0 if no session key was requested.\""},"eventdata":{"subjectUserSid":"S-1-5-18","subjectUserName":"WINDOWS$","subjectDomainName":"WORKGROUP","subjectLogonId":"0x3e7","targetUserSid":"S-1-5-18","targetUserName":"SYSTEM","targetDomainName":"NT AUTHORITY","targetLogonId":"0x3e7","logonType":"5","logonProcessName":"Advapi","authenticationPackageName":"Negotiate","logonGuid":"{00000000-0000-0000-0000-000000000000}","keyLength":"0","processId":"0x360","processName":"C:\\\\Windows\\\\System32\\\\services.exe","impersonationLevel":"%%1833","virtualAccount":"%%1843","targetLinkedLogonId":"0x0","elevatedToken":"%%1842"}}},"location":"EventChannel"}
{"timestamp":"2025-11-30T18:42:55.801+0000","rule":{"level":3,"description":"Service startup type was changed","id":"61104","info":"This does not appear to be logged on Windows 2000","firedtimes":2,"mail":false,"groups":["windows","windows_system","policy_changed"],"pci_dss":["10.6"],"gdpr":["IV_35.7.d"],"hipaa":["164.312.b"],"nist_800_53":["AU.6"],"tsc":["CC6.1","CC6.8","CC7.2","CC7.3"]},"agent":{"id":"002","name":"Windows","ip":"192.168.178.110"},"manager":{"name":"balanced-coonhound"},"id":"1764528175.315969","decoder":{"name":"windows_eventchannel"},"data":{"win":{"system":{"providerName":"Service Control Manager","providerGuid":"{555908d1-a6d7-4695-8e1e-26931d2012f4}","eventSourceName":"Service Control Manager","eventID":"7040","version":"0","level":"4","task":"0","opcode":"0","keywords":"0x8080000000000000","systemTime":"2025-11-30T18:42:49.5154665Z","eventRecordID":"2002","processID":"864","threadID":"3444","channel":"System","computer":"Windows","severityValue":"INFORMATION","message":"\"The start type of the Background Intelligent Transfer Service service was changed from auto start to demand start.\""},"eventdata":{"param1":"Background Intelligent Transfer Service","param2":"auto start","param3":"demand start","param4":"BITS"}}},"location":"EventChannel"}
