{"timestamp":"2025-11-30T18:43:02.257+0000","rule":{"level":3,"description":"Windows logon success.","id":"60106","mitre":{"id":["T1078"],"tactic":["Defense Evasion","Persistence","Privilege Escalation","Initial Access"],"technique":["Valid Accounts"]},"firedtimes":23,"mail":false,"groups":["windows","windows_security","authentication_success"],"gdpr":["IV_32.2"],"gpg13":["7.1","7.2"],"hipaa":["164.312.b"],"nist_800_53":["AC.7","AU.14"],"pci_dss":["10.2.5"],"tsc":["CC6.8","CC7.2","CC7.3"]},"agent":{"id":"002","name":"Windows","ip":"192.168.178.110"},"manager":{"name":"balanced-coonhound"},"id":"1764528182.317776","decoder":{"name":"windows_eventchannel"},"data":{"win":{"system":{"providerName":"Microsoft-Windows-Security-Auditing","providerGuid":"{54849625-5478-4994-a5ba-3e3b0328c30d}","eventID":"4624","version":"3","level":"0","task":"12544","opcode":"0","keywords":"0x8020000000000000","systemTime":"2025-11-30T18:42:54.8012027Z","eventRecordID":"20548","processID":"884","threadID":"6864","channel":"Security","computer":"Windows","severityValue":"AUDIT_SUCCESS","message":"\"An account was successfully logged on.\r\n\r\nSubject:\r\n\tSecurity ID:\t\tS-1-5-18\r\n\tAccount Name:\t\tWINDOWS$\r\n\tAccount Domain:\t\tWORKGROUP\r\n\tLogon ID:\t\t0x3E7\r\n\r\nLogon Information:\r\n\tLogon Type:\t\t5\r\n\tRestricted Admin Mode:\t-\r\n\tRemote Credential Guard:\t-\r\n\tVirtual Account:\t\tNo\r\n\tElevated Token:\t\tYes\r\n\r\nImpersonation Level:\t\tImpersonation\r\n\r\nNew Logon:\r\n\tSecurity ID:\t\tS-1-5-18\r\n\tAccount Name:\t\tSYSTEM\r\n\tAccount Domain:\t\tNT AUTHORITY\r\n\tLogon ID:\t\t0x3E7\r\n\tLinked Logon ID:\t\t0x0\r\n\tNetwork Account Name:\t-\r\n\tNetwork Account Domain:\t-\r\n\tLogon GUID:\t\t{00000000-0000-0000-0000-000000000000}\r\n\r\nProcess Information:\r\n\tProcess ID:\t\t0x360\r\n\tProcess Name:\t\tC:\\Windows\\System32\\services.exe\r\n\r\nNetwork Information:\r\n\tWorkstation Name:\t-\r\n\tSource Network Address:\t-\r\n\tSource Port:\t\t-\r\n\r\nDetailed Authentication Information:\r\n\tLogon Process:\t\tAdvapi  \r\n\tAuthentication Package:\tNegotiate\r\n\tTransited Services:\t-\r\n\tPackage Name (NTLM only):\t-\r\n\tKey Length:\t\t0\r\n\r\nThis event is generated when a logon session is created. It is generated on the computer that was accessed.\r\n\r\nThe subject fields indicate the account on the local system which requested the logon. This is most commonly a service such as the Server service, or a local process such as Winlogon.exe or Services.exe.\r\n\r\nThe logon type field indicates the kind of logon that occurred. The most common types are 2 (interactive) and 3 (network).\r\n\r\nThe New Logon fields indicate the account for whom the new logon was created, i.e. the account that was logged on.\r\n\r\nThe network fields indicate where a remote logon request originated. Workstation name is not always available and may be left blank in some cases.\r\n\r\nThe impersonation level field indicates the extent to which a process in the logon session can impersonate.\r\n\r\nThe authentication information fields provide detailed information about this specific logon request.\r\n\t- Logon GUID is a unique identifier that can be used to correlate this event with a KDC event.\r\n\t- Transited services indicate which intermediate services have participated in this logon request.\r\n\t- Package name indicates which sub-protocol was used among the NTLM protocols.\r\n\t- Key length indicates the length of the generated session key. This will be 0 if no session key was requested.\""},"eventdata":{"subjectUserSid":"S-1-5-18","subjectUserName":"WINDOWS$","subjectDomainName":"WORKGROUP","subjectLogonId":"0x3e7","targetUserSid":"S-1-5-18","targetUserName":"SYSTEM","targetDomainName":"NT AUTHORITY","targetLogonId":"0x3e7","logonType":"5","logonProcessName":"Advapi","authenticationPackageName":"Negotiate","logonGuid":"{00000000-0000-0000-0000-000000000000}","keyLength":"0","processId":"0x360","processName":"C:\\\\Windows\\\\System32\\\\services.exe","impersonationLevel":"%%1833","virtualAccount":"%%1843","targetLinkedLogonId":"0x0","elevatedToken":"%%1842"}}},"location":"EventChannel"}
{"timestamp":"2025-11-30T18:43:45.017+0000","rule":{"level":3,"description":"Windows logon success.","id":"60106","mitre":{"id":["T1078"],"tactic":["Defense Evasion","Persistence","Privilege Escalation","Initial Access"],"technique":["Valid Accounts"]},"firedtimes":24,"mail":false,"groups":["windows","windows_security","authentication_success"],"gdpr":["IV_32.2"],"gpg13":["7.1","7.2"],"hipaa":["164.312.b"],"nist_800_53":["AC.7","AU.14"],"pci_dss":["10.2.5"],"tsc":["CC6.8","CC7.2","CC7.3"]},"agent":{"id":"002","name":"Windows","ip":"192.168.178.110"},"manager":{"name":"balanced-coonhound"},"id":"1764528225.325105","decoder":{"name":"windows_eventchannel"},"data":{"win":{"system":{"providerName":"Microsoft-Windows-Security-Auditing","providerGuid":"{54849625-5478-4994-a5ba-3e3b0328c30d}","eventID":"4624","version":"3","level":"0","task":"12544","opcode":"0","keywords":"0x8020000000000000","systemTime":"2025-11-30T18:43:39.6473297Z","eventRecordID":"20550","processID":"884","threadID":"3088","channel":"Security","computer":"Windows","severityValue":"AUDIT_SUCCESS","message":"\"An account was successfully logged on.\r\n\r\nSubject:\r\n\tSecurity ID:\t\tS-1-5-18\r\n\tAccount Name:\t\tWINDOWS$\r\n\tAccount Domain:\t\tWORKGROUP\r\n\tLogon ID:\t\t0x3E7\r\n\r\nLogon Information:\r\n\tLogon Type:\t\t5\r\n\tRestricted Admin Mode:\t-\r\n\tRemote Credential Guard:\t-\r\n\tVirtual Account:\t\tNo\r\n\tElevated Token:\t\tYes\r\n\r\nImpersonation Level:\t\tImpersonation\r\n\r\nNew Logon:\r\n\tSecurity ID:\t\tS-1-5-18\r\n\tAccount Name:\t\tSYSTEM\r\n\tAccount Domain:\t\tNT AUTHORITY\r\n\tLogon ID:\t\t0x3E7\r\n\tLinked Logon ID:\t\t0x0\r\n\tNetwork Account Name:\t-\r\n\tNetwork Account Domain:\t-\r\n\tLogon GUID:\t\t{00000000-0000-0000-0000-000000000000}\r\n\r\nProcess Information:\r\n\tProcess ID:\t\t0x360\r\n\tProcess Name:\t\tC:\\Windows\\System32\\services.exe\r\n\r\nNetwork Information:\r\n\tWorkstation Name:\t-\r\n\tSource Network Address:\t-\r\n\tSource Port:\t\t-\r\n\r\nDetailed Authentication Information:\r\n\tLogon Process:\t\tAdvapi  \r\n\tAuthentication Package:\tNegotiate\r\n\tTransited Services:\t-\r\n\tPackage Name (NTLM only):\t-\r\n\tKey Length:\t\t0\r\n\r\nThis event is generated when a logon session is created. It is generated on the computer that was accessed.\r\n\r\nThe subject fields indicate the account on the local system which requested the logon. This is most commonly a service such as the Server service, or a local process such as Winlogon.exe or Services.exe.\r\n\r\nThe logon type field indicates the kind of logon that occurred. The most common types are 2 (interactive) and 3 (network).\r\n\r\nThe New Logon fields indicate the account for whom the new logon was created, i.e. the account that was logged on.\r\n\r\nThe network fields indicate where a remote logon request originated. Workstation name is not always available and may be left blank in some cases.\r\n\r\nThe impersonation level field indicates the extent to which a process in the logon session can impersonate.\r\n\r\nThe authentication information fields provide detailed information about this specific logon request.\r\n\t- Logon GUID is a unique identifier that can be used to correlate this event with a KDC event.\r\n\t- Transited services indicate which intermediate services have participated in this logon request.\r\n\t- Package name indicates which sub-protocol was used among the NTLM protocols.\r\n\t- Key length indicates the length of the generated session key. This will be 0 if no session key was requested.\""},"eventdata":{"subjectUserSid":"S-1-5-18","subjectUserName":"WINDOWS$","subjectDomainName":"WORKGROUP","subjectLogonId":"0x3e7","targetUserSid":"S-1-5-18","targetUserName":"SYSTEM","targetDomainName":"NT AUTHORITY","targetLogonId":"0x3e7","logonType":"5","logonProcessName":"Advapi","authenticationPackageName":"Negotiate","logonGuid":"{00000000-0000-0000-0000-000000000000}","keyLength":"0","processId":"0x360","processName":"C:\\\\Windows\\\\System32\\\\services.exe","impersonationLevel":"%%1833","virtualAccount":"%%1843","targetLinkedLogonId":"0x0","elevatedToken":"%%1842"}}},"location":"EventChannel"}
{"timestamp":"2025-11-30T18:43:46.530+0000","rule":{"level":3,"description":"Windows logon success.","id":"60106","mitre":{"id":["T1078"],"tactic":["Defense Evasion","Persistence","Privilege Escalation","Initial Access"],"technique":["Valid Accounts"]},"firedtimes":25,"mail":false,"groups":["windows","windows_security","authentication_success"],"gdpr":["IV_32.2"],"gpg13":["7.1","7.2"],"hipaa":["164.312.b"],"nist_800_53":["AC.7","AU.14"],"pci_dss":["10.2.5"],"tsc":["CC6.8","CC7.2","CC7.3"]},"agent":{"id":"002","name":"Windows","ip":"192.168.178.110"},"manager":{"name":"balanced-coonhound"},"id":"1764528226.332434","decoder":{"name":"windows_eventchannel"},"data":{"win":{"system":{"providerName":"Microsoft-Windows-Security-Auditing","providerGuid":"{54849625-5478-4994-a5ba-3e3b0328c30d}","eventID":"4624","version":"3","level":"0","task":"12544","opcode":"0","keywords":"0x8020000000000000","systemTime":"2025-11-30T18:43:41.6403817Z","eventRecordID":"20552","processID":"884","threadID":"3088","channel":"Security","computer":"Windows","severityValue":"AUDIT_SUCCESS","message":"\"An account was successfully logged on.\r\n\r\nSubject:\r\n\tSecurity ID:\t\tS-1-5-18\r\n\tAccount Name:\t\tWINDOWS$\r\n\tAccount Domain:\t\tWORKGROUP\r\n\tLogon ID:\t\t0x3E7\r\n\r\nLogon Information:\r\n\tLogon Type:\t\t5\r\n\tRestricted Admin Mode:\t-\r\n\tRemote Credential Guard:\t-\r\n\tVirtual Account:\t\tNo\r\n\tElevated Token:\t\tYes\r\n\r\nImpersonation Level:\t\tImpersonation\r\n\r\nNew Logon:\r\n\tSecurity ID:\t\tS-1-5-18\r\n\tAccount Name:\t\tSYSTEM\r\n\tAccount Domain:\t\tNT AUTHORITY\r\n\tLogon ID:\t\t0x3E7\r\n\tLinked Logon ID:\t\t0x0\r\n\tNetwork Account Name:\t-\r\n\tNetwork Account Domain:\t-\r\n\tLogon GUID:\t\t{00000000-0000-0000-0000-000000000000}\r\n\r\nProcess Information:\r\n\tProcess ID:\t\t0x360\r\n\tProcess Name:\t\tC:\\Windows\\System32\\services.exe\r\n\r\nNetwork Information:\r\n\tWorkstation Name:\t-\r\n\tSource Network Address:\t-\r\n\tSource Port:\t\t-\r\n\r\nDetailed Authentication Information:\r\n\tLogon Process:\t\tAdvapi  \r\n\tAuthentication Package:\tNegotiate\r\n\tTransited Services:\t-\r\n\tPackage Name (NTLM only):\t-\r\n\tKey Length:\t\t0\r\n\r\nThis event is generated when a logon session is created. It is generated on the computer that was accessed.\r\n\r\nThe subject fields indicate the account on the local system which requested the logon. This is most commonly a service such as the Server service, or a local process such as Winlogon.exe or Services.exe.\r\n\r\nThe logon type field indicates the kind of logon that occurred. The most common types are 2 (interactive) and 3 (network).\r\n\r\nThe New Logon fields indicate the account for whom the new logon was created, i.e. the account that was logged on.\r\n\r\nThe network fields indicate where a remote logon request originated. Workstation name is not always available and may be left blank in some cases.\r\n\r\nThe impersonation level field indicates the extent to which a process in the logon session can impersonate.\r\n\r\nThe authentication information fields provide detailed information about this specific logon request.\r\n\t- Logon GUID is a unique identifier that can be used to correlate this event with a KDC event.\r\n\t- Transited services indicate which intermediate services have participated in this logon request.\r\n\t- Package name indicates which sub-protocol was used among the NTLM protocols.\r\n\t- Key length indicates the length of the generated session key. This will be 0 if no session key was requested.\""},"eventdata":{"subjectUserSid":"S-1-5-18","subjectUserName":"WINDOWS$","subjectDomainName":"WORKGROUP","subjectLogonId":"0x3e7","targetUserSid":"S-1-5-18","targetUserName":"SYSTEM","targetDomainName":"NT AUTHORITY","targetLogonId":"0x3e7","logonType":"5","logonProcessName":"Advapi","authenticationPackageName":"Negotiate","logonGuid":"{00000000-0000-0000-0000-000000000000}","keyLength":"0","processId":"0x360","processName":"C:\\\\Windows\\\\System32\\\\services.exe","impersonationLevel":"%%1833","virtualAccount":"%%1843","targetLinkedLogonId":"0x0","elevatedToken":"%%1842"}}},"location":"EventChannel"}
{"timestamp":"2025-11-30T18:43:46.530+0000","rule":{"level":3,"description":"Windows logon success.","id":"60106","mitre":{"id":["T1078"],"tactic":["Defense Evasion","Persistence","Privilege Escalation","Initial Access"],"technique":["Valid Accounts"]},"firedtimes":26,"mail":false,"groups":["windows","windows_security","authentication_success"],"gdpr":["IV_32.2"],"gpg13":["7.1","7.2"],"hipaa":["164.312.b"],"nist_800_53":["AC.7","AU.14"],"pci_dss":["10.2.5"],"tsc":["CC6.8","CC7.2","CC7.3"]},"agent":{"id":"002","name":"Windows","ip":"192.168.178.110"},"manager":{"name":"balanced-coonhound"},"id":"1764528226.339763","decoder":{"name":"windows_eventchannel"},"data":{"win":{"system":{"providerName":"Microsoft-Windows-Security-Auditing","providerGuid":"{54849625-5478-4994-a5ba-3e3b0328c30d}","eventID":"4624","version":"3","level":"0","task":"12544","opcode":"0","keywords":"0x8020000000000000","systemTime":"2025-11-30T18:43:41.7043489Z","eventRecordID":"20554","processID":"884","threadID":"940","channel":"Security","computer":"Windows","severityValue":"AUDIT_SUCCESS","message":"\"An account was successfully logged on.\r\n\r\nSubject:\r\n\tSecurity ID:\t\tS-1-5-18\r\n\tAccount Name:\t\tWINDOWS$\r\n\tAccount Domain:\t\tWORKGROUP\r\n\tLogon ID:\t\t0x3E7\r\n\r\nLogon Information:\r\n\tLogon Type:\t\t5\r\n\tRestricted Admin Mode:\t-\r\n\tRemote Credential Guard:\t-\r\n\tVirtual Account:\t\tNo\r\n\tElevated Token:\t\tYes\r\n\r\nImpersonation Level:\t\tImpersonation\r\n\r\nNew Logon:\r\n\tSecurity ID:\t\tS-1-5-18\r\n\tAccount Name:\t\tSYSTEM\r\n\tAccount Domain:\t\tNT AUTHORITY\r\n\tLogon ID:\t\t0x3E7\r\n\tLinked Logon ID:\t\t0x0\r\n\tNetwork Account Name:\t-\r\n\tNetwork Account Domain:\t-\r\n\tLogon GUID:\t\t{00000000-0000-0000-0000-000000000000}\r\n\r\nProcess Information:\r\n\tProcess ID:\t\t0x360\r\n\tProcess Name:\t\tC:\\Windows\\System32\\services.exe\r\n\r\nNetwork Information:\r\n\tWorkstation Name:\t-\r\n\tSource Network Address:\t-\r\n\tSource Port:\t\t-\r\n\r\nDetailed Authentication Information:\r\n\tLogon Process:\t\tAdvapi  \r\n\tAuthentication Package:\tNegotiate\r\n\tTransited Services:\t-\r\n\tPackage Name (NTLM only):\t-\r\n\tKey Length:\t\t0\r\n\r\nThis event is generated when a logon session is created. It is generated on the computer that was accessed.\r\n\r\nThe subject fields indicate the account on the local system which requested the logon. This is most commonly a service such as the Server service, or a local process such as Winlogon.exe or Services.exe.\r\n\r\nThe logon type field indicates the kind of logon that occurred. The most common types are 2 (interactive) and 3 (network).\r\n\r\nThe New Logon fields indicate the account for whom the new logon was created, i.e. the account that was logged on.\r\n\r\nThe network fields indicate where a remote logon request originated. Workstation name is not always available and may be left blank in some cases.\r\n\r\nThe impersonation level field indicates the extent to which a process in the logon session can impersonate.\r\n\r\nThe authentication information fields provide detailed information about this specific logon request.\r\n\t- Logon GUID is a unique identifier that can be used to correlate this event with a KDC event.\r\n\t- Transited services indicate which intermediate services have participated in this logon request.\r\n\t- Package name indicates which sub-protocol was used among the NTLM protocols.\r\n\t- Key length indicates the length of the generated session key. This will be 0 if no session key was requested.\""},"eventdata":{"subjectUserSid":"S-1-5-18","subjectUserName":"WINDOWS$","subjectDomainName":"WORKGROUP","subjectLogonId":"0x3e7","targetUserSid":"S-1-5-18","targetUserName":"SYSTEM","targetDomainName":"NT AUTHORITY","targetLogonId":"0x3e7","logonType":"5","logonProcessName":"Advapi","authenticationPackageName":"Negotiate","logonGuid":"{00000000-0000-0000-0000-000000000000}","keyLength":"0","processId":"0x360","processName":"C:\\\\Windows\\\\System32\\\\services.exe","impersonationLevel":"%%1833","virtualAccount":"%%1843","targetLinkedLogonId":"0x0","elevatedToken":"%%1842"}}},"location":"EventChannel"}
{"timestamp":"2025-11-30T18:43:46.822+0000","rule":{"level":3,"description":"Service startup type was changed","id":"61104","info":"This does not appear to be logged on Windows 2000","firedtimes":3,"mail":false,"groups":["windows","windows_system","policy_changed"],"pci_dss":["10.6"],"gdpr":["IV_35.7.d"],"hipaa":["164.312.b"],"nist_800_53":["AU.6"],"tsc":["CC6.1","CC6.8","CC7.2","CC7.3"]},"agent":{"id":"002","name":"Windows","ip":"192.168.178.110"},"manager":{"name":"balanced-coonhound"},"id":"1764528226.347090","decoder":{"name":"windows_eventchannel"},"data":{"win":{"system":{"providerName":"Service Control Manager","providerGuid":"{555908d1-a6d7-4695-8e1e-26931d2012f4}","eventSourceName":"Service Control Manager","eventID":"7040","version":"0","level":"4","task":"0","opcode":"0","keywords":"0x8080000000000000","systemTime":"2025-11-30T18:43:42.0452799Z","eventRecordID":"2004","processID":"864","threadID":"3444","channel":"System","computer":"Windows","severityValue":"INFORMATION","message":"\"The start type of the Background Intelligent Transfer Service service was changed from demand start to auto start.\""},"eventdata":{"param1":"Background Intelligent Transfer Service","param2":"demand start","param3":"auto start","param4":"BITS"}}},"location":"EventChannel"}
{"timestamp":"2025-11-30T18:43:50.876+0000","rule":{"level":4,"description":"Summary event of the report's signatures.","id":"60608","firedtimes":3,"mail":false,"groups":["windows","windows_application"]},"agent":{"id":"002","name":"Windows","ip":"192.168.178.110"},"manager":{"name":"balanced-coonhound"},"id":"1764528230.348897","decoder":{"name":"windows_eventchannel"},"data":{"win":{"system":{"providerName":"Windows Error Reporting","providerGuid":"{0ead09bd-2157-539a-8d6d-c87f95b64d70}","eventID":"1001","version":"0","level":"4","task":"0","opcode":"0","keywords":"0x8000000000000000","systemTime":"2025-11-30T18:43:47.2945513Z","eventRecordID":"813","processID":"6656","threadID":"2572","channel":"Application","computer":"Windows","severityValue":"INFORMATION","message":"\"Fault bucket , type 0\r\nEvent Name: LiveKernelEvent\r\nResponse: Not available\r\nCab Id: 0\r\n\r\nProblem signature:\r\nP1: 1a8\r\nP2: a\r\nP3: 0\r\nP4: 0\r\nP5: 0\r\nP6: 10_0_26200\r\nP7: 0_0\r\nP8: 768_1\r\nP9: \r\nP10: \r\n\r\nAttached files:\r\n\\\\?\\C:\\WINDOWS\\LiveKernelReports\\WATCHDOG\\WATCHDOG-20251112-1317.dmp\r\n\\\\?\\C:\\WINDOWS\\SystemTemp\\WER-249093-0.sysdata.xml\r\n\\\\?\\C:\\ProgramData\\Microsoft\\Windows\\WER\\Temp\\WER.27cdee42-5703-40ac-a635-c703abdfbd30.tmp.WERInternalMetadata.xml\r\n\\\\?\\C:\\ProgramData\\Microsoft\\Windows\\WER\\Temp\\WER.a53717ea-2c54-4205-a346-01aaf0b3d6fb.tmp.csv\r\n\\\\?\\C:\\ProgramData\\Microsoft\\Windows\\WER\\Temp\\WER.76b642a6-96b3-4111-be8a-7cb07c7bbe43.tmp.txt\r\n\\\\?\\C:\\ProgramData\\Microsoft\\Windows\\WER\\Temp\\WER.726d6ea3-62cd-4cc6-a40c-b07a7d1c1422.tmp.xml\r\n\r\nThese files may be available here:\r\n\\\\?\\C:\\ProgramData\\Microsoft\\Windows\\WER\\ReportQueue\\Kernel_1a8_edf5fb5c0e4a63db4978f4d416e1145b3dc568_00000000_d34ec298-70c0-47a8-b7a9-f4f535039632\r\n\r\nAnalysis symbol: \r\nRechecking for solution: 0\r\nReport Id: d34ec298-70c0-47a8-b7a9-f4f535039632\r\nReport Status: 2049\r\nHashed bucket: \r\nCab Guid: 0\""},"eventdata":{"bucketType":"0","eventName":"LiveKernelEvent","response":"Not available","cabId":"0","p1":"1a8","p2":"a","p3":"0","p4":"0","p5":"0","p6":"10_0_26200","p7":"0_0","p8":"768_1","attachedFiles":"  \\\\\\\\?\\\\C:\\\\WINDOWS\\\\LiveKernelReports\\\\WATCHDOG\\\\WATCHDOG-20251112-1317.dmp  \\\\\\\\?\\\\C:\\\\WINDOWS\\\\SystemTemp\\\\WER-249093-0.sysdata.xml  \\\\\\\\?\\\\C:\\\\ProgramData\\\\Microsoft\\\\Windows\\\\WER\\\\Temp\\\\WER.27cdee42-5703-40ac-a635-c703abdfbd30.tmp.WERInternalMetadata.xml  \\\\\\\\?\\\\C:\\\\ProgramData\\\\Microsoft\\\\Windows\\\\WER\\\\Temp\\\\WER.a53717ea-2c54-4205-a346-01aaf0b3d6fb.tmp.csv  \\\\\\\\?\\\\C:\\\\ProgramData\\\\Microsoft\\\\Windows\\\\WER\\\\Temp\\\\WER.76b642a6-96b3-4111-be8a-7cb07c7bbe43.tmp.txt  \\\\\\\\?\\\\C:\\\\ProgramData\\\\Microsoft\\\\Windows\\\\WER\\\\Temp\\\\WER.726d6ea3-62cd-4cc6-a40c-b07a7d1c1422.tmp.xml","storePath":"\\\\\\\\?\\\\C:\\\\ProgramData\\\\Microsoft\\\\Windows\\\\WER\\\\ReportQueue\\\\Kernel_1a8_edf5fb5c0e4a63db4978f4d416e1145b3dc568_00000000_d34ec298-70c0-47a8-b7a9-f4f535039632","rechecking":"0","reportId":"d34ec298-70c0-47a8-b7a9-f4f535039632","reportStatus":"2049","cabGuid":"0"}}},"location":"EventChannel"}
{"timestamp":"2025-11-30T18:43:51.211+0000","rule":{"level":3,"description":"Windows logon success.","id":"60106","mitre":{"id":["T1078"],"tactic":["Defense Evasion","Persistence","Privilege Escalation","Initial Access"],"technique":["Valid Accounts"]},"firedtimes":27,"mail":false,"groups":["windows","windows_security","authentication_success"],"gdpr":["IV_32.2"],"gpg13":["7.1","7.2"],"hipaa":["164.312.b"],"nist_800_53":["AC.7","AU.14"],"pci_dss":["10.2.5"],"tsc":["CC6.8","CC7.2","CC7.3"]},"agent":{"id":"002","name":"Windows","ip":"192.168.178.110"},"manager":{"name":"balanced-coonhound"},"id":"1764528231.354696","decoder":{"name":"windows_eventchannel"},"data":{"win":{"system":{"providerName":"Microsoft-Windows-Security-Auditing","providerGuid":"{54849625-5478-4994-a5ba-3e3b0328c30d}","eventID":"4624","version":"3","level":"0","task":"12544","opcode":"0","keywords":"0x8020000000000000","systemTime":"2025-11-30T18:43:48.9979550Z","eventRecordID":"20564","processID":"884","threadID":"9856","channel":"Security","computer":"Windows","severityValue":"AUDIT_SUCCESS","message":"\"An account was successfully logged on.\r\n\r\nSubject:\r\n\tSecurity ID:\t\tS-1-5-18\r\n\tAccount Name:\t\tWINDOWS$\r\n\tAccount Domain:\t\tWORKGROUP\r\n\tLogon ID:\t\t0x3E7\r\n\r\nLogon Information:\r\n\tLogon Type:\t\t5\r\n\tRestricted Admin Mode:\t-\r\n\tRemote Credential Guard:\t-\r\n\tVirtual Account:\t\tNo\r\n\tElevated Token:\t\tYes\r\n\r\nImpersonation Level:\t\tImpersonation\r\n\r\nNew Logon:\r\n\tSecurity ID:\t\tS-1-5-18\r\n\tAccount Name:\t\tSYSTEM\r\n\tAccount Domain:\t\tNT AUTHORITY\r\n\tLogon ID:\t\t0x3E7\r\n\tLinked Logon ID:\t\t0x0\r\n\tNetwork Account Name:\t-\r\n\tNetwork Account Domain:\t-\r\n\tLogon GUID:\t\t{00000000-0000-0000-0000-000000000000}\r\n\r\nProcess Information:\r\n\tProcess ID:\t\t0x360\r\n\tProcess Name:\t\tC:\\Windows\\System32\\services.exe\r\n\r\nNetwork Information:\r\n\tWorkstation Name:\t-\r\n\tSource Network Address:\t-\r\n\tSource Port:\t\t-\r\n\r\nDetailed Authentication Information:\r\n\tLogon Process:\t\tAdvapi  \r\n\tAuthentication Package:\tNegotiate\r\n\tTransited Services:\t-\r\n\tPackage Name (NTLM only):\t-\r\n\tKey Length:\t\t0\r\n\r\nThis event is generated when a logon session is created. It is generated on the computer that was accessed.\r\n\r\nThe subject fields indicate the account on the local system which requested the logon. This is most commonly a service such as the Server service, or a local process such as Winlogon.exe or Services.exe.\r\n\r\nThe logon type field indicates the kind of logon that occurred. The most common types are 2 (interactive) and 3 (network).\r\n\r\nThe New Logon fields indicate the account for whom the new logon was created, i.e. the account that was logged on.\r\n\r\nThe network fields indicate where a remote logon request originated. Workstation name is not always available and may be left blank in some cases.\r\n\r\nThe impersonation level field indicates the extent to which a process in the logon session can impersonate.\r\n\r\nThe authentication information fields provide detailed information about this specific logon request.\r\n\t- Logon GUID is a unique identifier that can be used to correlate this event with a KDC event.\r\n\t- Transited services indicate which intermediate services have participated in this logon request.\r\n\t- Package name indicates which sub-protocol was used among the NTLM protocols.\r\n\t- Key length indicates the length of the generated session key. This will be 0 if no session key was requested.\""},"eventdata":{"subjectUserSid":"S-1-5-18","subjectUserName":"WINDOWS$","subjectDomainName":"WORKGROUP","subjectLogonId":"0x3e7","targetUserSid":"S-1-5-18","targetUserName":"SYSTEM","targetDomainName":"NT AUTHORITY","targetLogonId":"0x3e7","logonType":"5","logonProcessName":"Advapi","authenticationPackageName":"Negotiate","logonGuid":"{00000000-0000-0000-0000-000000000000}","keyLength":"0","processId":"0x360","processName":"C:\\\\Windows\\\\System32\\\\services.exe","impersonationLevel":"%%1833","virtualAccount":"%%1843","targetLinkedLogonId":"0x0","elevatedToken":"%%1842"}}},"location":"EventChannel"}
{"timestamp":"2025-11-30T18:43:52.240+0000","rule":{"level":3,"description":"Windows logon success.","id":"60106","mitre":{"id":["T1078"],"tactic":["Defense Evasion","Persistence","Privilege Escalation","Initial Access"],"technique":["Valid Accounts"]},"firedtimes":28,"mail":false,"groups":["windows","windows_security","authentication_success"],"gdpr":["IV_32.2"],"gpg13":["7.1","7.2"],"hipaa":["164.312.b"],"nist_800_53":["AC.7","AU.14"],"pci_dss":["10.2.5"],"tsc":["CC6.8","CC7.2","CC7.3"]},"agent":{"id":"002","name":"Windows","ip":"192.168.178.110"},"manager":{"name":"balanced-coonhound"},"id":"1764528232.362025","decoder":{"name":"windows_eventchannel"},"data":{"win":{"system":{"providerName":"Microsoft-Windows-Security-Auditing","providerGuid":"{54849625-5478-4994-a5ba-3e3b0328c30d}","eventID":"4624","version":"3","level":"0","task":"12544","opcode":"0","keywords":"0x8020000000000000","systemTime":"2025-11-30T18:43:49.2021077Z","eventRecordID":"20566","processID":"884","threadID":"3088","channel":"Security","computer":"Windows","severityValue":"AUDIT_SUCCESS","message":"\"An account was successfully logged on.\r\n\r\nSubject:\r\n\tSecurity ID:\t\tS-1-5-18\r\n\tAccount Name:\t\tWINDOWS$\r\n\tAccount Domain:\t\tWORKGROUP\r\n\tLogon ID:\t\t0x3E7\r\n\r\nLogon Information:\r\n\tLogon Type:\t\t5\r\n\tRestricted Admin Mode:\t-\r\n\tRemote Credential Guard:\t-\r\n\tVirtual Account:\t\tNo\r\n\tElevated Token:\t\tYes\r\n\r\nImpersonation Level:\t\tImpersonation\r\n\r\nNew Logon:\r\n\tSecurity ID:\t\tS-1-5-18\r\n\tAccount Name:\t\tSYSTEM\r\n\tAccount Domain:\t\tNT AUTHORITY\r\n\tLogon ID:\t\t0x3E7\r\n\tLinked Logon ID:\t\t0x0\r\n\tNetwork Account Name:\t-\r\n\tNetwork Account Domain:\t-\r\n\tLogon GUID:\t\t{00000000-0000-0000-0000-000000000000}\r\n\r\nProcess Information:\r\n\tProcess ID:\t\t0x360\r\n\tProcess Name:\t\tC:\\Windows\\System32\\services.exe\r\n\r\nNetwork Information:\r\n\tWorkstation Name:\t-\r\n\tSource Network Address:\t-\r\n\tSource Port:\t\t-\r\n\r\nDetailed Authentication Information:\r\n\tLogon Process:\t\tAdvapi  \r\n\tAuthentication Package:\tNegotiate\r\n\tTransited Services:\t-\r\n\tPackage Name (NTLM only):\t-\r\n\tKey Length:\t\t0\r\n\r\nThis event is generated when a logon session is created. It is generated on the computer that was accessed.\r\n\r\nThe subject fields indicate the account on the local system which requested the logon. This is most commonly a service such as the Server service, or a local process such as Winlogon.exe or Services.exe.\r\n\r\nThe logon type field indicates the kind of logon that occurred. The most common types are 2 (interactive) and 3 (network).\r\n\r\nThe New Logon fields indicate the account for whom the new logon was created, i.e. the account that was logged on.\r\n\r\nThe network fields indicate where a remote logon request originated. Workstation name is not always available and may be left blank in some cases.\r\n\r\nThe impersonation level field indicates the extent to which a process in the logon session can impersonate.\r\n\r\nThe authentication information fields provide detailed information about this specific logon request.\r\n\t- Logon GUID is a unique identifier that can be used to correlate this event with a KDC event.\r\n\t- Transited services indicate which intermediate services have participated in this logon request.\r\n\t- Package name indicates which sub-protocol was used among the NTLM protocols.\r\n\t- Key length indicates the length of the generated session key. This will be 0 if no session key was requested.\""},"eventdata":{"subjectUserSid":"S-1-5-18","subjectUserName":"WINDOWS$","subjectDomainName":"WORKGROUP","subjectLogonId":"0x3e7","targetUserSid":"S-1-5-18","targetUserName":"SYSTEM","targetDomainName":"NT AUTHORITY","targetLogonId":"0x3e7","logonType":"5","logonProcessName":"Advapi","authenticationPackageName":"Negotiate","logonGuid":"{00000000-0000-0000-0000-000000000000}","keyLength":"0","processId":"0x360","processName":"C:\\\\Windows\\\\System32\\\\services.exe","impersonationLevel":"%%1833","virtualAccount":"%%1843","targetLinkedLogonId":"0x0","elevatedToken":"%%1842"}}},"location":"EventChannel"}
{"timestamp":"2025-11-30T18:43:59.997+0000","rule":{"level":3,"description":"Windows logon success.","id":"60106","mitre":{"id":["T1078"],"tactic":["Defense Evasion","Persistence","Privilege Escalation","Initial Access"],"technique":["Valid Accounts"]},"firedtimes":29,"mail":false,"groups":["windows","windows_security","authentication_success"],"gdpr":["IV_32.2"],"gpg13":["7.1","7.2"],"hipaa":["164.312.b"],"nist_800_53":["AC.7","AU.14"],"pci_dss":["10.2.5"],"tsc":["CC6.8","CC7.2","CC7.3"]},"agent":{"id":"002","name":"Windows","ip":"192.168.178.110"},"manager":{"name":"balanced-coonhound"},"id":"1764528239.369354","decoder":{"name":"windows_eventchannel"},"data":{"win":{"system":{"providerName":"Microsoft-Windows-Security-Auditing","providerGuid":"{54849625-5478-4994-a5ba-3e3b0328c30d}","eventID":"4624","version":"3","level":"0","task":"12544","opcode":"0","keywords":"0x8020000000000000","systemTime":"2025-11-30T18:44:00.1740134Z","eventRecordID":"20570","processID":"884","threadID":"9856","channel":"Security","computer":"Windows","severityValue":"AUDIT_SUCCESS","message":"\"An account was successfully logged on.\r\n\r\nSubject:\r\n\tSecurity ID:\t\tS-1-5-18\r\n\tAccount Name:\t\tWINDOWS$\r\n\tAccount Domain:\t\tWORKGROUP\r\n\tLogon ID:\t\t0x3E7\r\n\r\nLogon Information:\r\n\tLogon Type:\t\t5\r\n\tRestricted Admin Mode:\t-\r\n\tRemote Credential Guard:\t-\r\n\tVirtual Account:\t\tNo\r\n\tElevated Token:\t\tYes\r\n\r\nImpersonation Level:\t\tImpersonation\r\n\r\nNew Logon:\r\n\tSecurity ID:\t\tS-1-5-18\r\n\tAccount Name:\t\tSYSTEM\r\n\tAccount Domain:\t\tNT AUTHORITY\r\n\tLogon ID:\t\t0x3E7\r\n\tLinked Logon ID:\t\t0x0\r\n\tNetwork Account Name:\t-\r\n\tNetwork Account Domain:\t-\r\n\tLogon GUID:\t\t{00000000-0000-0000-0000-000000000000}\r\n\r\nProcess Information:\r\n\tProcess ID:\t\t0x360\r\n\tProcess Name:\t\tC:\\Windows\\System32\\services.exe\r\n\r\nNetwork Information:\r\n\tWorkstation Name:\t-\r\n\tSource Network Address:\t-\r\n\tSource Port:\t\t-\r\n\r\nDetailed Authentication Information:\r\n\tLogon Process:\t\tAdvapi  \r\n\tAuthentication Package:\tNegotiate\r\n\tTransited Services:\t-\r\n\tPackage Name (NTLM only):\t-\r\n\tKey Length:\t\t0\r\n\r\nThis event is generated when a logon session is created. It is generated on the computer that was accessed.\r\n\r\nThe subject fields indicate the account on the local system which requested the logon. This is most commonly a service such as the Server service, or a local process such as Winlogon.exe or Services.exe.\r\n\r\nThe logon type field indicates the kind of logon that occurred. The most common types are 2 (interactive) and 3 (network).\r\n\r\nThe New Logon fields indicate the account for whom the new logon was created, i.e. the account that was logged on.\r\n\r\nThe network fields indicate where a remote logon request originated. Workstation name is not always available and may be left blank in some cases.\r\n\r\nThe impersonation level field indicates the extent to which a process in the logon session can impersonate.\r\n\r\nThe authentication information fields provide detailed information about this specific logon request.\r\n\t- Logon GUID is a unique identifier that can be used to correlate this event with a KDC event.\r\n\t- Transited services indicate which intermediate services have participated in this logon request.\r\n\t- Package name indicates which sub-protocol was used among the NTLM protocols.\r\n\t- Key length indicates the length of the generated session key. This will be 0 if no session key was requested.\""},"eventdata":{"subjectUserSid":"S-1-5-18","subjectUserName":"WINDOWS$","subjectDomainName":"WORKGROUP","subjectLogonId":"0x3e7","targetUserSid":"S-1-5-18","targetUserName":"SYSTEM","targetDomainName":"NT AUTHORITY","targetLogonId":"0x3e7","logonType":"5","logonProcessName":"Advapi","authenticationPackageName":"Negotiate","logonGuid":"{00000000-0000-0000-0000-000000000000}","keyLength":"0","processId":"0x360","processName":"C:\\\\Windows\\\\System32\\\\services.exe","impersonationLevel":"%%1833","virtualAccount":"%%1843","targetLinkedLogonId":"0x0","elevatedToken":"%%1842"}}},"location":"EventChannel"}
{"timestamp":"2025-11-30T18:43:59.998+0000","rule":{"level":3,"description":"Windows logon success.","id":"60106","mitre":{"id":["T1078"],"tactic":["Defense Evasion","Persistence","Privilege Escalation","Initial Access"],"technique":["Valid Accounts"]},"firedtimes":30,"mail":false,"groups":["windows","windows_security","authentication_success"],"gdpr":["IV_32.2"],"gpg13":["7.1","7.2"],"hipaa":["164.312.b"],"nist_800_53":["AC.7","AU.14"],"pci_dss":["10.2.5"],"tsc":["CC6.8","CC7.2","CC7.3"]},"agent":{"id":"002","name":"Windows","ip":"192.168.178.110"},"manager":{"name":"balanced-coonhound"},"id":"1764528239.376683","decoder":{"name":"windows_eventchannel"},"data":{"win":{"system":{"providerName":"Microsoft-Windows-Security-Auditing","providerGuid":"{54849625-5478-4994-a5ba-3e3b0328c30d}","eventID":"4624","version":"3","level":"0","task":"12544","opcode":"0","keywords":"0x8020000000000000","systemTime":"2025-11-30T18:44:00.1856229Z","eventRecordID":"20572","processID":"884","threadID":"9856","channel":"Security","computer":"Windows","severityValue":"AUDIT_SUCCESS","message":"\"An account was successfully logged on.\r\n\r\nSubject:\r\n\tSecurity ID:\t\tS-1-5-18\r\n\tAccount Name:\t\tWINDOWS$\r\n\tAccount Domain:\t\tWORKGROUP\r\n\tLogon ID:\t\t0x3E7\r\n\r\nLogon Information:\r\n\tLogon Type:\t\t5\r\n\tRestricted Admin Mode:\t-\r\n\tRemote Credential Guard:\t-\r\n\tVirtual Account:\t\tNo\r\n\tElevated Token:\t\tYes\r\n\r\nImpersonation Level:\t\tImpersonation\r\n\r\nNew Logon:\r\n\tSecurity ID:\t\tS-1-5-18\r\n\tAccount Name:\t\tSYSTEM\r\n\tAccount Domain:\t\tNT AUTHORITY\r\n\tLogon ID:\t\t0x3E7\r\n\tLinked Logon ID:\t\t0x0\r\n\tNetwork Account Name:\t-\r\n\tNetwork Account Domain:\t-\r\n\tLogon GUID:\t\t{00000000-0000-0000-0000-000000000000}\r\n\r\nProcess Information:\r\n\tProcess ID:\t\t0x360\r\n\tProcess Name:\t\tC:\\Windows\\System32\\services.exe\r\n\r\nNetwork Information:\r\n\tWorkstation Name:\t-\r\n\tSource Network Address:\t-\r\n\tSource Port:\t\t-\r\n\r\nDetailed Authentication Information:\r\n\tLogon Process:\t\tAdvapi  \r\n\tAuthentication Package:\tNegotiate\r\n\tTransited Services:\t-\r\n\tPackage Name (NTLM only):\t-\r\n\tKey Length:\t\t0\r\n\r\nThis event is generated when a logon session is created. It is generated on the computer that was accessed.\r\n\r\nThe subject fields indicate the account on the local system which requested the logon. This is most commonly a service such as the Server service, or a local process such as Winlogon.exe or Services.exe.\r\n\r\nThe logon type field indicates the kind of logon that occurred. The most common types are 2 (interactive) and 3 (network).\r\n\r\nThe New Logon fields indicate the account for whom the new logon was created, i.e. the account that was logged on.\r\n\r\nThe network fields indicate where a remote logon request originated. Workstation name is not always available and may be left blank in some cases.\r\n\r\nThe impersonation level field indicates the extent to which a process in the logon session can impersonate.\r\n\r\nThe authentication information fields provide detailed information about this specific logon request.\r\n\t- Logon GUID is a unique identifier that can be used to correlate this event with a KDC event.\r\n\t- Transited services indicate which intermediate services have participated in this logon request.\r\n\t- Package name indicates which sub-protocol was used among the NTLM protocols.\r\n\t- Key length indicates the length of the generated session key. This will be 0 if no session key was requested.\""},"eventdata":{"subjectUserSid":"S-1-5-18","subjectUserName":"WINDOWS$","subjectDomainName":"WORKGROUP","subjectLogonId":"0x3e7","targetUserSid":"S-1-5-18","targetUserName":"SYSTEM","targetDomainName":"NT AUTHORITY","targetLogonId":"0x3e7","logonType":"5","logonProcessName":"Advapi","authenticationPackageName":"Negotiate","logonGuid":"{00000000-0000-0000-0000-000000000000}","keyLength":"0","processId":"0x360","processName":"C:\\\\Windows\\\\System32\\\\services.exe","impersonationLevel":"%%1833","virtualAccount":"%%1843","targetLinkedLogonId":"0x0","elevatedToken":"%%1842"}}},"location":"EventChannel"}
{"timestamp":"2025-11-30T18:43:59.998+0000","rule":{"level":3,"description":"Windows logon success.","id":"60106","mitre":{"id":["T1078"],"tactic":["Defense Evasion","Persistence","Privilege Escalation","Initial Access"],"technique":["Valid Accounts"]},"firedtimes":31,"mail":false,"groups":["windows","windows_security","authentication_success"],"gdpr":["IV_32.2"],"gpg13":["7.1","7.2"],"hipaa":["164.312.b"],"nist_800_53":["AC.7","AU.14"],"pci_dss":["10.2.5"],"tsc":["CC6.8","CC7.2","CC7.3"]},"agent":{"id":"002","name":"Windows","ip":"192.168.178.110"},"manager":{"name":"balanced-coonhound"},"id":"1764528239.384012","decoder":{"name":"windows_eventchannel"},"data":{"win":{"system":{"providerName":"Microsoft-Windows-Security-Auditing","providerGuid":"{54849625-5478-4994-a5ba-3e3b0328c30d}","eventID":"4624","version":"3","level":"0","task":"12544","opcode":"0","keywords":"0x8020000000000000","systemTime":"2025-11-30T18:44:00.1886118Z","eventRecordID":"20574","processID":"884","threadID":"9856","channel":"Security","computer":"Windows","severityValue":"AUDIT_SUCCESS","message":"\"An account was successfully logged on.\r\n\r\nSubject:\r\n\tSecurity ID:\t\tS-1-5-18\r\n\tAccount Name:\t\tWINDOWS$\r\n\tAccount Domain:\t\tWORKGROUP\r\n\tLogon ID:\t\t0x3E7\r\n\r\nLogon Information:\r\n\tLogon Type:\t\t5\r\n\tRestricted Admin Mode:\t-\r\n\tRemote Credential Guard:\t-\r\n\tVirtual Account:\t\tNo\r\n\tElevated Token:\t\tYes\r\n\r\nImpersonation Level:\t\tImpersonation\r\n\r\nNew Logon:\r\n\tSecurity ID:\t\tS-1-5-18\r\n\tAccount Name:\t\tSYSTEM\r\n\tAccount Domain:\t\tNT AUTHORITY\r\n\tLogon ID:\t\t0x3E7\r\n\tLinked Logon ID:\t\t0x0\r\n\tNetwork Account Name:\t-\r\n\tNetwork Account Domain:\t-\r\n\tLogon GUID:\t\t{00000000-0000-0000-0000-000000000000}\r\n\r\nProcess Information:\r\n\tProcess ID:\t\t0x360\r\n\tProcess Name:\t\tC:\\Windows\\System32\\services.exe\r\n\r\nNetwork Information:\r\n\tWorkstation Name:\t-\r\n\tSource Network Address:\t-\r\n\tSource Port:\t\t-\r\n\r\nDetailed Authentication Information:\r\n\tLogon Process:\t\tAdvapi  \r\n\tAuthentication Package:\tNegotiate\r\n\tTransited Services:\t-\r\n\tPackage Name (NTLM only):\t-\r\n\tKey Length:\t\t0\r\n\r\nThis event is generated when a logon session is created. It is generated on the computer that was accessed.\r\n\r\nThe subject fields indicate the account on the local system which requested the logon. This is most commonly a service such as the Server service, or a local process such as Winlogon.exe or Services.exe.\r\n\r\nThe logon type field indicates the kind of logon that occurred. The most common types are 2 (interactive) and 3 (network).\r\n\r\nThe New Logon fields indicate the account for whom the new logon was created, i.e. the account that was logged on.\r\n\r\nThe network fields indicate where a remote logon request originated. Workstation name is not always available and may be left blank in some cases.\r\n\r\nThe impersonation level field indicates the extent to which a process in the logon session can impersonate.\r\n\r\nThe authentication information fields provide detailed information about this specific logon request.\r\n\t- Logon GUID is a unique identifier that can be used to correlate this event with a KDC event.\r\n\t- Transited services indicate which intermediate services have participated in this logon request.\r\n\t- Package name indicates which sub-protocol was used among the NTLM protocols.\r\n\t- Key length indicates the length of the generated session key. This will be 0 if no session key was requested.\""},"eventdata":{"subjectUserSid":"S-1-5-18","subjectUserName":"WINDOWS$","subjectDomainName":"WORKGROUP","subjectLogonId":"0x3e7","targetUserSid":"S-1-5-18","targetUserName":"SYSTEM","targetDomainName":"NT AUTHORITY","targetLogonId":"0x3e7","logonType":"5","logonProcessName":"Advapi","authenticationPackageName":"Negotiate","logonGuid":"{00000000-0000-0000-0000-000000000000}","keyLength":"0","processId":"0x360","processName":"C:\\\\Windows\\\\System32\\\\services.exe","impersonationLevel":"%%1833","virtualAccount":"%%1843","targetLinkedLogonId":"0x0","elevatedToken":"%%1842"}}},"location":"EventChannel"}
{"timestamp":"2025-11-30T18:43:59.999+0000","rule":{"level":3,"description":"Windows logon success.","id":"60106","mitre":{"id":["T1078"],"tactic":["Defense Evasion","Persistence","Privilege Escalation","Initial Access"],"technique":["Valid Accounts"]},"firedtimes":32,"mail":false,"groups":["windows","windows_security","authentication_success"],"gdpr":["IV_32.2"],"gpg13":["7.1","7.2"],"hipaa":["164.312.b"],"nist_800_53":["AC.7","AU.14"],"pci_dss":["10.2.5"],"tsc":["CC6.8","CC7.2","CC7.3"]},"agent":{"id":"002","name":"Windows","ip":"192.168.178.110"},"manager":{"name":"balanced-coonhound"},"id":"1764528239.391341","decoder":{"name":"windows_eventchannel"},"data":{"win":{"system":{"providerName":"Microsoft-Windows-Security-Auditing","providerGuid":"{54849625-5478-4994-a5ba-3e3b0328c30d}","eventID":"4624","version":"3","level":"0","task":"12544","opcode":"0","keywords":"0x8020000000000000","systemTime":"2025-11-30T18:44:00.2204588Z","eventRecordID":"20576","processID":"884","threadID":"9856","channel":"Security","computer":"Windows","severityValue":"AUDIT_SUCCESS","message":"\"An account was successfully logged on.\r\n\r\nSubject:\r\n\tSecurity ID:\t\tS-1-5-18\r\n\tAccount Name:\t\tWINDOWS$\r\n\tAccount Domain:\t\tWORKGROUP\r\n\tLogon ID:\t\t0x3E7\r\n\r\nLogon Information:\r\n\tLogon Type:\t\t5\r\n\tRestricted Admin Mode:\t-\r\n\tRemote Credential Guard:\t-\r\n\tVirtual Account:\t\tNo\r\n\tElevated Token:\t\tYes\r\n\r\nImpersonation Level:\t\tImpersonation\r\n\r\nNew Logon:\r\n\tSecurity ID:\t\tS-1-5-18\r\n\tAccount Name:\t\tSYSTEM\r\n\tAccount Domain:\t\tNT AUTHORITY\r\n\tLogon ID:\t\t0x3E7\r\n\tLinked Logon ID:\t\t0x0\r\n\tNetwork Account Name:\t-\r\n\tNetwork Account Domain:\t-\r\n\tLogon GUID:\t\t{00000000-0000-0000-0000-000000000000}\r\n\r\nProcess Information:\r\n\tProcess ID:\t\t0x360\r\n\tProcess Name:\t\tC:\\Windows\\System32\\services.exe\r\n\r\nNetwork Information:\r\n\tWorkstation Name:\t-\r\n\tSource Network Address:\t-\r\n\tSource Port:\t\t-\r\n\r\nDetailed Authentication Information:\r\n\tLogon Process:\t\tAdvapi  \r\n\tAuthentication Package:\tNegotiate\r\n\tTransited Services:\t-\r\n\tPackage Name (NTLM only):\t-\r\n\tKey Length:\t\t0\r\n\r\nThis event is generated when a logon session is created. It is generated on the computer that was accessed.\r\n\r\nThe subject fields indicate the account on the local system which requested the logon. This is most commonly a service such as the Server service, or a local process such as Winlogon.exe or Services.exe.\r\n\r\nThe logon type field indicates the kind of logon that occurred. The most common types are 2 (interactive) and 3 (network).\r\n\r\nThe New Logon fields indicate the account for whom the new logon was created, i.e. the account that was logged on.\r\n\r\nThe network fields indicate where a remote logon request originated. Workstation name is not always available and may be left blank in some cases.\r\n\r\nThe impersonation level field indicates the extent to which a process in the logon session can impersonate.\r\n\r\nThe authentication information fields provide detailed information about this specific logon request.\r\n\t- Logon GUID is a unique identifier that can be used to correlate this event with a KDC event.\r\n\t- Transited services indicate which intermediate services have participated in this logon request.\r\n\t- Package name indicates which sub-protocol was used among the NTLM protocols.\r\n\t- Key length indicates the length of the generated session key. This will be 0 if no session key was requested.\""},"eventdata":{"subjectUserSid":"S-1-5-18","subjectUserName":"WINDOWS$","subjectDomainName":"WORKGROUP","subjectLogonId":"0x3e7","targetUserSid":"S-1-5-18","targetUserName":"SYSTEM","targetDomainName":"NT AUTHORITY","targetLogonId":"0x3e7","logonType":"5","logonProcessName":"Advapi","authenticationPackageName":"Negotiate","logonGuid":"{00000000-0000-0000-0000-000000000000}","keyLength":"0","processId":"0x360","processName":"C:\\\\Windows\\\\System32\\\\services.exe","impersonationLevel":"%%1833","virtualAccount":"%%1843","targetLinkedLogonId":"0x0","elevatedToken":"%%1842"}}},"location":"EventChannel"}
