{"timestamp":"2025-11-30T18:35:57.041+0000","rule":{"level":3,"description":"Evidence of new service creation found in registry under HKLM\\\\System\\\\CurrentControlSet\\\\Services\\\\CDPUserSvc_7aef0\\\\ImagePath binary is: C:\\\\WINDOWS\\\\system32\\\\svchost.exe -k UnistackSvcGroup","id":"92307","mitre":{"id":["T1543.003"],"tactic":["Persistence","Privilege Escalation"],"technique":["Windows Service"]},"firedtimes":6,"mail":false,"groups":["sysmon","sysmon_eid13_detections","windows"]},"agent":{"id":"002","name":"Windows","ip":"192.168.178.110"},"manager":{"name":"balanced-coonhound"},"id":"1764527757.74562","decoder":{"name":"windows_eventchannel"},"data":{"win":{"system":{"providerName":"Microsoft-Windows-Sysmon","providerGuid":"{5770385f-c22a-43e0-bf4c-06f5698ffbd9}","eventID":"13","version":"2","level":"4","task":"13","opcode":"0","keywords":"0x8000000000000000","systemTime":"2025-11-30T18:35:55.2817526Z","eventRecordID":"35948","processID":"3516","threadID":"4736","channel":"Microsoft-Windows-Sysmon/Operational","computer":"Windows","severityValue":"INFORMATION","message":"\"Registry value set:\r\nRuleName: T1031,T1050\r\nEventType: SetValue\r\nUtcTime: 2025-11-30 18:35:55.253\r\nProcessGuid: {de4d1a0f-8e76-692c-0b00-000000000d00}\r\nProcessId: 864\r\nImage: C:\\WINDOWS\\system32\\services.exe\r\nTargetObject: HKLM\\System\\CurrentControlSet\\Services\\CDPUserSvc_7aef0\\ImagePath\r\nDetails: C:\\WINDOWS\\system32\\svchost.exe -k UnistackSvcGroup\r\nUser: NT AUTHORITY\\SYSTEM\""},"eventdata":{"ruleName":"T1031,T1050","eventType":"SetValue","utcTime":"2025-11-30 18:35:55.253","processGuid":"{de4d1a0f-8e76-692c-0b00-000000000d00}","processId":"864","image":"C:\\\\WINDOWS\\\\system32\\\\services.exe","targetObject":"HKLM\\\\System\\\\CurrentControlSet\\\\Services\\\\CDPUserSvc_7aef0\\\\ImagePath","details":"C:\\\\WINDOWS\\\\system32\\\\svchost.exe -k UnistackSvcGroup","user":"NT AUTHORITY\\\\SYSTEM"}}},"location":"EventChannel"}
{"timestamp":"2025-11-30T18:35:57.203+0000","rule":{"level":3,"description":"Evidence of new service creation found in registry under HKLM\\\\System\\\\CurrentControlSet\\\\Services\\\\CloudBackupRestoreSvc_7aef0\\\\ImagePath binary is: C:\\\\WINDOWS\\\\system32\\\\svchost.exe -k UnistackSvcGroup","id":"92307","mitre":{"id":["T1543.003"],"tactic":["Persistence","Privilege Escalation"],"technique":["Windows Service"]},"firedtimes":7,"mail":false,"groups":["sysmon","sysmon_eid13_detections","windows"]},"agent":{"id":"002","name":"Windows","ip":"192.168.178.110"},"manager":{"name":"balanced-coonhound"},"id":"1764527757.77582","decoder":{"name":"windows_eventchannel"},"data":{"win":{"system":{"providerName":"Microsoft-Windows-Sysmon","providerGuid":"{5770385f-c22a-43e0-bf4c-06f5698ffbd9}","eventID":"13","version":"2","level":"4","task":"13","opcode":"0","keywords":"0x8000000000000000","systemTime":"2025-11-30T18:35:55.3162757Z","eventRecordID":"35950","processID":"3516","threadID":"4736","channel":"Microsoft-Windows-Sysmon/Operational","computer":"Windows","severityValue":"INFORMATION","message":"\"Registry value set:\r\nRuleName: T1031,T1050\r\nEventType: SetValue\r\nUtcTime: 2025-11-30 18:35:55.255\r\nProcessGuid: {de4d1a0f-8e76-692c-0b00-000000000d00}\r\nProcessId: 864\r\nImage: C:\\WINDOWS\\system32\\services.exe\r\nTargetObject: HKLM\\System\\CurrentControlSet\\Services\\CloudBackupRestoreSvc_7aef0\\ImagePath\r\nDetails: C:\\WINDOWS\\system32\\svchost.exe -k UnistackSvcGroup\r\nUser: NT AUTHORITY\\SYSTEM\""},"eventdata":{"ruleName":"T1031,T1050","eventType":"SetValue","utcTime":"2025-11-30 18:35:55.255","processGuid":"{de4d1a0f-8e76-692c-0b00-000000000d00}","processId":"864","image":"C:\\\\WINDOWS\\\\system32\\\\services.exe","targetObject":"HKLM\\\\System\\\\CurrentControlSet\\\\Services\\\\CloudBackupRestoreSvc_7aef0\\\\ImagePath","details":"C:\\\\WINDOWS\\\\system32\\\\svchost.exe -k UnistackSvcGroup","user":"NT AUTHORITY\\\\SYSTEM"}}},"location":"EventChannel"}
{"timestamp":"2025-11-30T18:35:57.355+0000","rule":{"level":3,"description":"Evidence of new service creation found in registry under HKLM\\\\System\\\\CurrentControlSet\\\\Services\\\\ConsentUxUserSvc_7aef0\\\\ImagePath binary is: C:\\\\WINDOWS\\\\system32\\\\svchost.exe -k DevicesFlow","id":"92307","mitre":{"id":["T1543.003"],"tactic":["Persistence","Privilege Escalation"],"technique":["Windows Service"]},"firedtimes":8,"mail":false,"groups":["sysmon","sysmon_eid13_detections","windows"]},"agent":{"id":"002","name":"Windows","ip":"192.168.178.110"},"manager":{"name":"balanced-coonhound"},"id":"1764527757.80657","decoder":{"name":"windows_eventchannel"},"data":{"win":{"system":{"providerName":"Microsoft-Windows-Sysmon","providerGuid":"{5770385f-c22a-43e0-bf4c-06f5698ffbd9}","eventID":"13","version":"2","level":"4","task":"13","opcode":"0","keywords":"0x8000000000000000","systemTime":"2025-11-30T18:35:55.3166598Z","eventRecordID":"35952","processID":"3516","threadID":"4736","channel":"Microsoft-Windows-Sysmon/Operational","computer":"Windows","severityValue":"INFORMATION","message":"\"Registry value set:\r\nRuleName: T1031,T1050\r\nEventType: SetValue\r\nUtcTime: 2025-11-30 18:35:55.261\r\nProcessGuid: {de4d1a0f-8e76-692c-0b00-000000000d00}\r\nProcessId: 864\r\nImage: C:\\WINDOWS\\system32\\services.exe\r\nTargetObject: HKLM\\System\\CurrentControlSet\\Services\\ConsentUxUserSvc_7aef0\\ImagePath\r\nDetails: C:\\WINDOWS\\system32\\svchost.exe -k DevicesFlow\r\nUser: NT AUTHORITY\\SYSTEM\""},"eventdata":{"ruleName":"T1031,T1050","eventType":"SetValue","utcTime":"2025-11-30 18:35:55.261","processGuid":"{de4d1a0f-8e76-692c-0b00-000000000d00}","processId":"864","image":"C:\\\\WINDOWS\\\\system32\\\\services.exe","targetObject":"HKLM\\\\System\\\\CurrentControlSet\\\\Services\\\\ConsentUxUserSvc_7aef0\\\\ImagePath","details":"C:\\\\WINDOWS\\\\system32\\\\svchost.exe -k DevicesFlow","user":"NT AUTHORITY\\\\SYSTEM"}}},"location":"EventChannel"}
{"timestamp":"2025-11-30T18:35:57.524+0000","rule":{"level":10,"description":"Lab: Potential ransomware – high rate of file modifications","id":"100504","firedtimes":2,"mail":false,"groups":["custom_rules","sysmon","windows","ransomware","lab_fim"]},"agent":{"id":"002","name":"Windows","ip":"192.168.178.110"},"manager":{"name":"balanced-coonhound"},"id":"1764527757.83682","full_log":"Ending rootcheck scan.","decoder":{"name":"rootcheck"},"data":{"title":"Ending rootcheck scan."},"location":"rootcheck"}
{"timestamp":"2025-11-30T18:35:57.631+0000","rule":{"level":3,"description":"Evidence of new service creation found in registry under HKLM\\\\System\\\\CurrentControlSet\\\\Services\\\\CredentialEnrollmentManagerUserSvc_7aef0\\\\ImagePath binary is: C:\\\\WINDOWS\\\\system32\\\\CredentialEnrollmentManager.exe","id":"92307","mitre":{"id":["T1543.003"],"tactic":["Persistence","Privilege Escalation"],"technique":["Windows Service"]},"firedtimes":9,"mail":false,"groups":["sysmon","sysmon_eid13_detections","windows"]},"agent":{"id":"002","name":"Windows","ip":"192.168.178.110"},"manager":{"name":"balanced-coonhound"},"id":"1764527757.83950","decoder":{"name":"windows_eventchannel"},"data":{"win":{"system":{"providerName":"Microsoft-Windows-Sysmon","providerGuid":"{5770385f-c22a-43e0-bf4c-06f5698ffbd9}","eventID":"13","version":"2","level":"4","task":"13","opcode":"0","keywords":"0x8000000000000000","systemTime":"2025-11-30T18:35:55.3169767Z","eventRecordID":"35954","processID":"3516","threadID":"4736","channel":"Microsoft-Windows-Sysmon/Operational","computer":"Windows","severityValue":"INFORMATION","message":"\"Registry value set:\r\nRuleName: T1031,T1050\r\nEventType: SetValue\r\nUtcTime: 2025-11-30 18:35:55.264\r\nProcessGuid: {de4d1a0f-8e76-692c-0b00-000000000d00}\r\nProcessId: 864\r\nImage: C:\\WINDOWS\\system32\\services.exe\r\nTargetObject: HKLM\\System\\CurrentControlSet\\Services\\CredentialEnrollmentManagerUserSvc_7aef0\\ImagePath\r\nDetails: C:\\WINDOWS\\system32\\CredentialEnrollmentManager.exe\r\nUser: NT AUTHORITY\\SYSTEM\""},"eventdata":{"ruleName":"T1031,T1050","eventType":"SetValue","utcTime":"2025-11-30 18:35:55.264","processGuid":"{de4d1a0f-8e76-692c-0b00-000000000d00}","processId":"864","image":"C:\\\\WINDOWS\\\\system32\\\\services.exe","targetObject":"HKLM\\\\System\\\\CurrentControlSet\\\\Services\\\\CredentialEnrollmentManagerUserSvc_7aef0\\\\ImagePath","details":"C:\\\\WINDOWS\\\\system32\\\\CredentialEnrollmentManager.exe","user":"NT AUTHORITY\\\\SYSTEM"}}},"location":"EventChannel"}
{"timestamp":"2025-11-30T18:35:57.650+0000","rule":{"level":3,"description":"Evidence of new service creation found in registry under HKLM\\\\System\\\\CurrentControlSet\\\\Services\\\\DeviceAssociationBrokerSvc_7aef0\\\\ImagePath binary is: C:\\\\WINDOWS\\\\system32\\\\svchost.exe -k DevicesFlow -p","id":"92307","mitre":{"id":["T1543.003"],"tactic":["Persistence","Privilege Escalation"],"technique":["Windows Service"]},"firedtimes":10,"mail":false,"groups":["sysmon","sysmon_eid13_detections","windows"]},"agent":{"id":"002","name":"Windows","ip":"192.168.178.110"},"manager":{"name":"balanced-coonhound"},"id":"1764527757.87090","decoder":{"name":"windows_eventchannel"},"data":{"win":{"system":{"providerName":"Microsoft-Windows-Sysmon","providerGuid":"{5770385f-c22a-43e0-bf4c-06f5698ffbd9}","eventID":"13","version":"2","level":"4","task":"13","opcode":"0","keywords":"0x8000000000000000","systemTime":"2025-11-30T18:35:55.3173157Z","eventRecordID":"35956","processID":"3516","threadID":"4736","channel":"Microsoft-Windows-Sysmon/Operational","computer":"Windows","severityValue":"INFORMATION","message":"\"Registry value set:\r\nRuleName: T1031,T1050\r\nEventType: SetValue\r\nUtcTime: 2025-11-30 18:35:55.267\r\nProcessGuid: {de4d1a0f-8e76-692c-0b00-000000000d00}\r\nProcessId: 864\r\nImage: C:\\WINDOWS\\system32\\services.exe\r\nTargetObject: HKLM\\System\\CurrentControlSet\\Services\\DeviceAssociationBrokerSvc_7aef0\\ImagePath\r\nDetails: C:\\WINDOWS\\system32\\svchost.exe -k DevicesFlow -p\r\nUser: NT AUTHORITY\\SYSTEM\""},"eventdata":{"ruleName":"T1031,T1050","eventType":"SetValue","utcTime":"2025-11-30 18:35:55.267","processGuid":"{de4d1a0f-8e76-692c-0b00-000000000d00}","processId":"864","image":"C:\\\\WINDOWS\\\\system32\\\\services.exe","targetObject":"HKLM\\\\System\\\\CurrentControlSet\\\\Services\\\\DeviceAssociationBrokerSvc_7aef0\\\\ImagePath","details":"C:\\\\WINDOWS\\\\system32\\\\svchost.exe -k DevicesFlow -p","user":"NT AUTHORITY\\\\SYSTEM"}}},"location":"EventChannel"}
{"timestamp":"2025-11-30T18:35:57.941+0000","rule":{"level":3,"description":"Evidence of new service creation found in registry under HKLM\\\\System\\\\CurrentControlSet\\\\Services\\\\DevicePickerUserSvc_7aef0\\\\ImagePath binary is: C:\\\\WINDOWS\\\\system32\\\\svchost.exe -k DevicesFlow","id":"92307","mitre":{"id":["T1543.003"],"tactic":["Persistence","Privilege Escalation"],"technique":["Windows Service"]},"firedtimes":11,"mail":false,"groups":["sysmon","sysmon_eid13_detections","windows"]},"agent":{"id":"002","name":"Windows","ip":"192.168.178.110"},"manager":{"name":"balanced-coonhound"},"id":"1764527757.90180","decoder":{"name":"windows_eventchannel"},"data":{"win":{"system":{"providerName":"Microsoft-Windows-Sysmon","providerGuid":"{5770385f-c22a-43e0-bf4c-06f5698ffbd9}","eventID":"13","version":"2","level":"4","task":"13","opcode":"0","keywords":"0x8000000000000000","systemTime":"2025-11-30T18:35:55.3176470Z","eventRecordID":"35958","processID":"3516","threadID":"4736","channel":"Microsoft-Windows-Sysmon/Operational","computer":"Windows","severityValue":"INFORMATION","message":"\"Registry value set:\r\nRuleName: T1031,T1050\r\nEventType: SetValue\r\nUtcTime: 2025-11-30 18:35:55.267\r\nProcessGuid: {de4d1a0f-8e76-692c-0b00-000000000d00}\r\nProcessId: 864\r\nImage: C:\\WINDOWS\\system32\\services.exe\r\nTargetObject: HKLM\\System\\CurrentControlSet\\Services\\DevicePickerUserSvc_7aef0\\ImagePath\r\nDetails: C:\\WINDOWS\\system32\\svchost.exe -k DevicesFlow\r\nUser: NT AUTHORITY\\SYSTEM\""},"eventdata":{"ruleName":"T1031,T1050","eventType":"SetValue","utcTime":"2025-11-30 18:35:55.267","processGuid":"{de4d1a0f-8e76-692c-0b00-000000000d00}","processId":"864","image":"C:\\\\WINDOWS\\\\system32\\\\services.exe","targetObject":"HKLM\\\\System\\\\CurrentControlSet\\\\Services\\\\DevicePickerUserSvc_7aef0\\\\ImagePath","details":"C:\\\\WINDOWS\\\\system32\\\\svchost.exe -k DevicesFlow","user":"NT AUTHORITY\\\\SYSTEM"}}},"location":"EventChannel"}
{"timestamp":"2025-11-30T18:35:58.070+0000","rule":{"level":3,"description":"Evidence of new service creation found in registry under HKLM\\\\System\\\\CurrentControlSet\\\\Services\\\\DevicesFlowUserSvc_7aef0\\\\ImagePath binary is: C:\\\\WINDOWS\\\\system32\\\\svchost.exe -k DevicesFlow","id":"92307","mitre":{"id":["T1543.003"],"tactic":["Persistence","Privilege Escalation"],"technique":["Windows Service"]},"firedtimes":12,"mail":false,"groups":["sysmon","sysmon_eid13_detections","windows"]},"agent":{"id":"002","name":"Windows","ip":"192.168.178.110"},"manager":{"name":"balanced-coonhound"},"id":"1764527758.93220","decoder":{"name":"windows_eventchannel"},"data":{"win":{"system":{"providerName":"Microsoft-Windows-Sysmon","providerGuid":"{5770385f-c22a-43e0-bf4c-06f5698ffbd9}","eventID":"13","version":"2","level":"4","task":"13","opcode":"0","keywords":"0x8000000000000000","systemTime":"2025-11-30T18:35:55.3180174Z","eventRecordID":"35960","processID":"3516","threadID":"4736","channel":"Microsoft-Windows-Sysmon/Operational","computer":"Windows","severityValue":"INFORMATION","message":"\"Registry value set:\r\nRuleName: T1031,T1050\r\nEventType: SetValue\r\nUtcTime: 2025-11-30 18:35:55.269\r\nProcessGuid: {de4d1a0f-8e76-692c-0b00-000000000d00}\r\nProcessId: 864\r\nImage: C:\\WINDOWS\\system32\\services.exe\r\nTargetObject: HKLM\\System\\CurrentControlSet\\Services\\DevicesFlowUserSvc_7aef0\\ImagePath\r\nDetails: C:\\WINDOWS\\system32\\svchost.exe -k DevicesFlow\r\nUser: NT AUTHORITY\\SYSTEM\""},"eventdata":{"ruleName":"T1031,T1050","eventType":"SetValue","utcTime":"2025-11-30 18:35:55.269","processGuid":"{de4d1a0f-8e76-692c-0b00-000000000d00}","processId":"864","image":"C:\\\\WINDOWS\\\\system32\\\\services.exe","targetObject":"HKLM\\\\System\\\\CurrentControlSet\\\\Services\\\\DevicesFlowUserSvc_7aef0\\\\ImagePath","details":"C:\\\\WINDOWS\\\\system32\\\\svchost.exe -k DevicesFlow","user":"NT AUTHORITY\\\\SYSTEM"}}},"location":"EventChannel"}
{"timestamp":"2025-11-30T18:35:58.262+0000","rule":{"level":3,"description":"Evidence of new service creation found in registry under HKLM\\\\System\\\\CurrentControlSet\\\\Services\\\\MessagingService_7aef0\\\\ImagePath binary is: C:\\\\WINDOWS\\\\system32\\\\svchost.exe -k UnistackSvcGroup","id":"92307","mitre":{"id":["T1543.003"],"tactic":["Persistence","Privilege Escalation"],"technique":["Windows Service"]},"firedtimes":13,"mail":false,"groups":["sysmon","sysmon_eid13_detections","windows"]},"agent":{"id":"002","name":"Windows","ip":"192.168.178.110"},"manager":{"name":"balanced-coonhound"},"id":"1764527758.96255","decoder":{"name":"windows_eventchannel"},"data":{"win":{"system":{"providerName":"Microsoft-Windows-Sysmon","providerGuid":"{5770385f-c22a-43e0-bf4c-06f5698ffbd9}","eventID":"13","version":"2","level":"4","task":"13","opcode":"0","keywords":"0x8000000000000000","systemTime":"2025-11-30T18:35:55.3183469Z","eventRecordID":"35962","processID":"3516","threadID":"4736","channel":"Microsoft-Windows-Sysmon/Operational","computer":"Windows","severityValue":"INFORMATION","message":"\"Registry value set:\r\nRuleName: T1031,T1050\r\nEventType: SetValue\r\nUtcTime: 2025-11-30 18:35:55.269\r\nProcessGuid: {de4d1a0f-8e76-692c-0b00-000000000d00}\r\nProcessId: 864\r\nImage: C:\\WINDOWS\\system32\\services.exe\r\nTargetObject: HKLM\\System\\CurrentControlSet\\Services\\MessagingService_7aef0\\ImagePath\r\nDetails: C:\\WINDOWS\\system32\\svchost.exe -k UnistackSvcGroup\r\nUser: NT AUTHORITY\\SYSTEM\""},"eventdata":{"ruleName":"T1031,T1050","eventType":"SetValue","utcTime":"2025-11-30 18:35:55.269","processGuid":"{de4d1a0f-8e76-692c-0b00-000000000d00}","processId":"864","image":"C:\\\\WINDOWS\\\\system32\\\\services.exe","targetObject":"HKLM\\\\System\\\\CurrentControlSet\\\\Services\\\\MessagingService_7aef0\\\\ImagePath","details":"C:\\\\WINDOWS\\\\system32\\\\svchost.exe -k UnistackSvcGroup","user":"NT AUTHORITY\\\\SYSTEM"}}},"location":"EventChannel"}
{"timestamp":"2025-11-30T18:35:58.459+0000","rule":{"level":3,"description":"Evidence of new service creation found in registry under HKLM\\\\System\\\\CurrentControlSet\\\\Services\\\\NPSMSvc_7aef0\\\\ImagePath binary is: C:\\\\WINDOWS\\\\system32\\\\svchost.exe -k LocalService -p","id":"92307","mitre":{"id":["T1543.003"],"tactic":["Persistence","Privilege Escalation"],"technique":["Windows Service"]},"firedtimes":14,"mail":false,"groups":["sysmon","sysmon_eid13_detections","windows"]},"agent":{"id":"002","name":"Windows","ip":"192.168.178.110"},"manager":{"name":"balanced-coonhound"},"id":"1764527758.99305","decoder":{"name":"windows_eventchannel"},"data":{"win":{"system":{"providerName":"Microsoft-Windows-Sysmon","providerGuid":"{5770385f-c22a-43e0-bf4c-06f5698ffbd9}","eventID":"13","version":"2","level":"4","task":"13","opcode":"0","keywords":"0x8000000000000000","systemTime":"2025-11-30T18:35:55.3188696Z","eventRecordID":"35964","processID":"3516","threadID":"4736","channel":"Microsoft-Windows-Sysmon/Operational","computer":"Windows","severityValue":"INFORMATION","message":"\"Registry value set:\r\nRuleName: T1031,T1050\r\nEventType: SetValue\r\nUtcTime: 2025-11-30 18:35:55.272\r\nProcessGuid: {de4d1a0f-8e76-692c-0b00-000000000d00}\r\nProcessId: 864\r\nImage: C:\\WINDOWS\\system32\\services.exe\r\nTargetObject: HKLM\\System\\CurrentControlSet\\Services\\NPSMSvc_7aef0\\ImagePath\r\nDetails: C:\\WINDOWS\\system32\\svchost.exe -k LocalService -p\r\nUser: NT AUTHORITY\\SYSTEM\""},"eventdata":{"ruleName":"T1031,T1050","eventType":"SetValue","utcTime":"2025-11-30 18:35:55.272","processGuid":"{de4d1a0f-8e76-692c-0b00-000000000d00}","processId":"864","image":"C:\\\\WINDOWS\\\\system32\\\\services.exe","targetObject":"HKLM\\\\System\\\\CurrentControlSet\\\\Services\\\\NPSMSvc_7aef0\\\\ImagePath","details":"C:\\\\WINDOWS\\\\system32\\\\svchost.exe -k LocalService -p","user":"NT AUTHORITY\\\\SYSTEM"}}},"location":"EventChannel"}
{"timestamp":"2025-11-30T18:35:58.597+0000","rule":{"level":3,"description":"Evidence of new service creation found in registry under HKLM\\\\System\\\\CurrentControlSet\\\\Services\\\\OneSyncSvc_7aef0\\\\ImagePath binary is: C:\\\\WINDOWS\\\\system32\\\\svchost.exe -k UnistackSvcGroup","id":"92307","mitre":{"id":["T1543.003"],"tactic":["Persistence","Privilege Escalation"],"technique":["Windows Service"]},"firedtimes":15,"mail":false,"groups":["sysmon","sysmon_eid13_detections","windows"]},"agent":{"id":"002","name":"Windows","ip":"192.168.178.110"},"manager":{"name":"balanced-coonhound"},"id":"1764527758.102305","decoder":{"name":"windows_eventchannel"},"data":{"win":{"system":{"providerName":"Microsoft-Windows-Sysmon","providerGuid":"{5770385f-c22a-43e0-bf4c-06f5698ffbd9}","eventID":"13","version":"2","level":"4","task":"13","opcode":"0","keywords":"0x8000000000000000","systemTime":"2025-11-30T18:35:55.3191918Z","eventRecordID":"35966","processID":"3516","threadID":"4736","channel":"Microsoft-Windows-Sysmon/Operational","computer":"Windows","severityValue":"INFORMATION","message":"\"Registry value set:\r\nRuleName: T1031,T1050\r\nEventType: SetValue\r\nUtcTime: 2025-11-30 18:35:55.272\r\nProcessGuid: {de4d1a0f-8e76-692c-0b00-000000000d00}\r\nProcessId: 864\r\nImage: C:\\WINDOWS\\system32\\services.exe\r\nTargetObject: HKLM\\System\\CurrentControlSet\\Services\\OneSyncSvc_7aef0\\ImagePath\r\nDetails: C:\\WINDOWS\\system32\\svchost.exe -k UnistackSvcGroup\r\nUser: NT AUTHORITY\\SYSTEM\""},"eventdata":{"ruleName":"T1031,T1050","eventType":"SetValue","utcTime":"2025-11-30 18:35:55.272","processGuid":"{de4d1a0f-8e76-692c-0b00-000000000d00}","processId":"864","image":"C:\\\\WINDOWS\\\\system32\\\\services.exe","targetObject":"HKLM\\\\System\\\\CurrentControlSet\\\\Services\\\\OneSyncSvc_7aef0\\\\ImagePath","details":"C:\\\\WINDOWS\\\\system32\\\\svchost.exe -k UnistackSvcGroup","user":"NT AUTHORITY\\\\SYSTEM"}}},"location":"EventChannel"}
{"timestamp":"2025-11-30T18:35:58.761+0000","rule":{"level":3,"description":"Evidence of new service creation found in registry under HKLM\\\\System\\\\CurrentControlSet\\\\Services\\\\P9RdrService_7aef0\\\\ImagePath binary is: C:\\\\WINDOWS\\\\system32\\\\svchost.exe -k P9RdrService -p","id":"92307","mitre":{"id":["T1543.003"],"tactic":["Persistence","Privilege Escalation"],"technique":["Windows Service"]},"firedtimes":16,"mail":false,"groups":["sysmon","sysmon_eid13_detections","windows"]},"agent":{"id":"002","name":"Windows","ip":"192.168.178.110"},"manager":{"name":"balanced-coonhound"},"id":"1764527758.105326","decoder":{"name":"windows_eventchannel"},"data":{"win":{"system":{"providerName":"Microsoft-Windows-Sysmon","providerGuid":"{5770385f-c22a-43e0-bf4c-06f5698ffbd9}","eventID":"13","version":"2","level":"4","task":"13","opcode":"0","keywords":"0x8000000000000000","systemTime":"2025-11-30T18:35:55.3194888Z","eventRecordID":"35968","processID":"3516","threadID":"4736","channel":"Microsoft-Windows-Sysmon/Operational","computer":"Windows","severityValue":"INFORMATION","message":"\"Registry value set:\r\nRuleName: T1031,T1050\r\nEventType: SetValue\r\nUtcTime: 2025-11-30 18:35:55.275\r\nProcessGuid: {de4d1a0f-8e76-692c-0b00-000000000d00}\r\nProcessId: 864\r\nImage: C:\\WINDOWS\\system32\\services.exe\r\nTargetObject: HKLM\\System\\CurrentControlSet\\Services\\P9RdrService_7aef0\\ImagePath\r\nDetails: C:\\WINDOWS\\system32\\svchost.exe -k P9RdrService -p\r\nUser: NT AUTHORITY\\SYSTEM\""},"eventdata":{"ruleName":"T1031,T1050","eventType":"SetValue","utcTime":"2025-11-30 18:35:55.275","processGuid":"{de4d1a0f-8e76-692c-0b00-000000000d00}","processId":"864","image":"C:\\\\WINDOWS\\\\system32\\\\services.exe","targetObject":"HKLM\\\\System\\\\CurrentControlSet\\\\Services\\\\P9RdrService_7aef0\\\\ImagePath","details":"C:\\\\WINDOWS\\\\system32\\\\svchost.exe -k P9RdrService -p","user":"NT AUTHORITY\\\\SYSTEM"}}},"location":"EventChannel"}
{"timestamp":"2025-11-30T18:35:59.125+0000","rule":{"level":3,"description":"Evidence of new service creation found in registry under HKLM\\\\System\\\\CurrentControlSet\\\\Services\\\\PenService_7aef0\\\\ImagePath binary is: C:\\\\WINDOWS\\\\system32\\\\svchost.exe -k PenService","id":"92307","mitre":{"id":["T1543.003"],"tactic":["Persistence","Privilege Escalation"],"technique":["Windows Service"]},"firedtimes":17,"mail":false,"groups":["sysmon","sysmon_eid13_detections","windows"]},"agent":{"id":"002","name":"Windows","ip":"192.168.178.110"},"manager":{"name":"balanced-coonhound"},"id":"1764527759.108352","decoder":{"name":"windows_eventchannel"},"data":{"win":{"system":{"providerName":"Microsoft-Windows-Sysmon","providerGuid":"{5770385f-c22a-43e0-bf4c-06f5698ffbd9}","eventID":"13","version":"2","level":"4","task":"13","opcode":"0","keywords":"0x8000000000000000","systemTime":"2025-11-30T18:35:55.3202134Z","eventRecordID":"35970","processID":"3516","threadID":"4736","channel":"Microsoft-Windows-Sysmon/Operational","computer":"Windows","severityValue":"INFORMATION","message":"\"Registry value set:\r\nRuleName: T1031,T1050\r\nEventType: SetValue\r\nUtcTime: 2025-11-30 18:35:55.277\r\nProcessGuid: {de4d1a0f-8e76-692c-0b00-000000000d00}\r\nProcessId: 864\r\nImage: C:\\WINDOWS\\system32\\services.exe\r\nTargetObject: HKLM\\System\\CurrentControlSet\\Services\\PenService_7aef0\\ImagePath\r\nDetails: C:\\WINDOWS\\system32\\svchost.exe -k PenService\r\nUser: NT AUTHORITY\\SYSTEM\""},"eventdata":{"ruleName":"T1031,T1050","eventType":"SetValue","utcTime":"2025-11-30 18:35:55.277","processGuid":"{de4d1a0f-8e76-692c-0b00-000000000d00}","processId":"864","image":"C:\\\\WINDOWS\\\\system32\\\\services.exe","targetObject":"HKLM\\\\System\\\\CurrentControlSet\\\\Services\\\\PenService_7aef0\\\\ImagePath","details":"C:\\\\WINDOWS\\\\system32\\\\svchost.exe -k PenService","user":"NT AUTHORITY\\\\SYSTEM"}}},"location":"EventChannel"}
{"timestamp":"2025-11-30T18:35:59.590+0000","rule":{"level":3,"description":"Evidence of new service creation found in registry under HKLM\\\\System\\\\CurrentControlSet\\\\Services\\\\PimIndexMaintenanceSvc_7aef0\\\\ImagePath binary is: C:\\\\WINDOWS\\\\system32\\\\svchost.exe -k UnistackSvcGroup","id":"92307","mitre":{"id":["T1543.003"],"tactic":["Persistence","Privilege Escalation"],"technique":["Windows Service"]},"firedtimes":18,"mail":false,"groups":["sysmon","sysmon_eid13_detections","windows"]},"agent":{"id":"002","name":"Windows","ip":"192.168.178.110"},"manager":{"name":"balanced-coonhound"},"id":"1764527759.111343","decoder":{"name":"windows_eventchannel"},"data":{"win":{"system":{"providerName":"Microsoft-Windows-Sysmon","providerGuid":"{5770385f-c22a-43e0-bf4c-06f5698ffbd9}","eventID":"13","version":"2","level":"4","task":"13","opcode":"0","keywords":"0x8000000000000000","systemTime":"2025-11-30T18:35:55.3211165Z","eventRecordID":"35972","processID":"3516","threadID":"4736","channel":"Microsoft-Windows-Sysmon/Operational","computer":"Windows","severityValue":"INFORMATION","message":"\"Registry value set:\r\nRuleName: T1031,T1050\r\nEventType: SetValue\r\nUtcTime: 2025-11-30 18:35:55.280\r\nProcessGuid: {de4d1a0f-8e76-692c-0b00-000000000d00}\r\nProcessId: 864\r\nImage: C:\\WINDOWS\\system32\\services.exe\r\nTargetObject: HKLM\\System\\CurrentControlSet\\Services\\PimIndexMaintenanceSvc_7aef0\\ImagePath\r\nDetails: C:\\WINDOWS\\system32\\svchost.exe -k UnistackSvcGroup\r\nUser: NT AUTHORITY\\SYSTEM\""},"eventdata":{"ruleName":"T1031,T1050","eventType":"SetValue","utcTime":"2025-11-30 18:35:55.280","processGuid":"{de4d1a0f-8e76-692c-0b00-000000000d00}","processId":"864","image":"C:\\\\WINDOWS\\\\system32\\\\services.exe","targetObject":"HKLM\\\\System\\\\CurrentControlSet\\\\Services\\\\PimIndexMaintenanceSvc_7aef0\\\\ImagePath","details":"C:\\\\WINDOWS\\\\system32\\\\svchost.exe -k UnistackSvcGroup","user":"NT AUTHORITY\\\\SYSTEM"}}},"location":"EventChannel"}
{"timestamp":"2025-11-30T18:35:59.854+0000","rule":{"level":3,"description":"Evidence of new service creation found in registry under HKLM\\\\System\\\\CurrentControlSet\\\\Services\\\\PrintWorkflowUserSvc_7aef0\\\\ImagePath binary is: C:\\\\WINDOWS\\\\system32\\\\svchost.exe -k PrintWorkflow","id":"92307","mitre":{"id":["T1543.003"],"tactic":["Persistence","Privilege Escalation"],"technique":["Windows Service"]},"firedtimes":19,"mail":false,"groups":["sysmon","sysmon_eid13_detections","windows"]},"agent":{"id":"002","name":"Windows","ip":"192.168.178.110"},"manager":{"name":"balanced-coonhound"},"id":"1764527759.114424","decoder":{"name":"windows_eventchannel"},"data":{"win":{"system":{"providerName":"Microsoft-Windows-Sysmon","providerGuid":"{5770385f-c22a-43e0-bf4c-06f5698ffbd9}","eventID":"13","version":"2","level":"4","task":"13","opcode":"0","keywords":"0x8000000000000000","systemTime":"2025-11-30T18:35:55.3214778Z","eventRecordID":"35974","processID":"3516","threadID":"4736","channel":"Microsoft-Windows-Sysmon/Operational","computer":"Windows","severityValue":"INFORMATION","message":"\"Registry value set:\r\nRuleName: T1031,T1050\r\nEventType: SetValue\r\nUtcTime: 2025-11-30 18:35:55.280\r\nProcessGuid: {de4d1a0f-8e76-692c-0b00-000000000d00}\r\nProcessId: 864\r\nImage: C:\\WINDOWS\\system32\\services.exe\r\nTargetObject: HKLM\\System\\CurrentControlSet\\Services\\PrintWorkflowUserSvc_7aef0\\ImagePath\r\nDetails: C:\\WINDOWS\\system32\\svchost.exe -k PrintWorkflow\r\nUser: NT AUTHORITY\\SYSTEM\""},"eventdata":{"ruleName":"T1031,T1050","eventType":"SetValue","utcTime":"2025-11-30 18:35:55.280","processGuid":"{de4d1a0f-8e76-692c-0b00-000000000d00}","processId":"864","image":"C:\\\\WINDOWS\\\\system32\\\\services.exe","targetObject":"HKLM\\\\System\\\\CurrentControlSet\\\\Services\\\\PrintWorkflowUserSvc_7aef0\\\\ImagePath","details":"C:\\\\WINDOWS\\\\system32\\\\svchost.exe -k PrintWorkflow","user":"NT AUTHORITY\\\\SYSTEM"}}},"location":"EventChannel"}
{"timestamp":"2025-11-30T18:36:00.148+0000","rule":{"level":3,"description":"Windows logon success.","id":"60106","mitre":{"id":["T1078"],"tactic":["Defense Evasion","Persistence","Privilege Escalation","Initial Access"],"technique":["Valid Accounts"]},"firedtimes":5,"mail":false,"groups":["windows","windows_security","authentication_success"],"gdpr":["IV_32.2"],"gpg13":["7.1","7.2"],"hipaa":["164.312.b"],"nist_800_53":["AC.7","AU.14"],"pci_dss":["10.2.5"],"tsc":["CC6.8","CC7.2","CC7.3"]},"agent":{"id":"002","name":"Windows","ip":"192.168.178.110"},"manager":{"name":"balanced-coonhound"},"id":"1764527760.117480","decoder":{"name":"windows_eventchannel"},"data":{"win":{"system":{"providerName":"Microsoft-Windows-Security-Auditing","providerGuid":"{54849625-5478-4994-a5ba-3e3b0328c30d}","eventID":"4624","version":"3","level":"0","task":"12544","opcode":"0","keywords":"0x8020000000000000","systemTime":"2025-11-30T18:35:59.1845774Z","eventRecordID":"20412","processID":"884","threadID":"924","channel":"Security","computer":"Windows","severityValue":"AUDIT_SUCCESS","message":"\"An account was successfully logged on.\r\n\r\nSubject:\r\n\tSecurity ID:\t\tS-1-5-18\r\n\tAccount Name:\t\tWINDOWS$\r\n\tAccount Domain:\t\tWORKGROUP\r\n\tLogon ID:\t\t0x3E7\r\n\r\nLogon Information:\r\n\tLogon Type:\t\t5\r\n\tRestricted Admin Mode:\t-\r\n\tRemote Credential Guard:\t-\r\n\tVirtual Account:\t\tNo\r\n\tElevated Token:\t\tYes\r\n\r\nImpersonation Level:\t\tImpersonation\r\n\r\nNew Logon:\r\n\tSecurity ID:\t\tS-1-5-18\r\n\tAccount Name:\t\tSYSTEM\r\n\tAccount Domain:\t\tNT AUTHORITY\r\n\tLogon ID:\t\t0x3E7\r\n\tLinked Logon ID:\t\t0x0\r\n\tNetwork Account Name:\t-\r\n\tNetwork Account Domain:\t-\r\n\tLogon GUID:\t\t{00000000-0000-0000-0000-000000000000}\r\n\r\nProcess Information:\r\n\tProcess ID:\t\t0x360\r\n\tProcess Name:\t\tC:\\Windows\\System32\\services.exe\r\n\r\nNetwork Information:\r\n\tWorkstation Name:\t-\r\n\tSource Network Address:\t-\r\n\tSource Port:\t\t-\r\n\r\nDetailed Authentication Information:\r\n\tLogon Process:\t\tAdvapi  \r\n\tAuthentication Package:\tNegotiate\r\n\tTransited Services:\t-\r\n\tPackage Name (NTLM only):\t-\r\n\tKey Length:\t\t0\r\n\r\nThis event is generated when a logon session is created. It is generated on the computer that was accessed.\r\n\r\nThe subject fields indicate the account on the local system which requested the logon. This is most commonly a service such as the Server service, or a local process such as Winlogon.exe or Services.exe.\r\n\r\nThe logon type field indicates the kind of logon that occurred. The most common types are 2 (interactive) and 3 (network).\r\n\r\nThe New Logon fields indicate the account for whom the new logon was created, i.e. the account that was logged on.\r\n\r\nThe network fields indicate where a remote logon request originated. Workstation name is not always available and may be left blank in some cases.\r\n\r\nThe impersonation level field indicates the extent to which a process in the logon session can impersonate.\r\n\r\nThe authentication information fields provide detailed information about this specific logon request.\r\n\t- Logon GUID is a unique identifier that can be used to correlate this event with a KDC event.\r\n\t- Transited services indicate which intermediate services have participated in this logon request.\r\n\t- Package name indicates which sub-protocol was used among the NTLM protocols.\r\n\t- Key length indicates the length of the generated session key. This will be 0 if no session key was requested.\""},"eventdata":{"subjectUserSid":"S-1-5-18","subjectUserName":"WINDOWS$","subjectDomainName":"WORKGROUP","subjectLogonId":"0x3e7","targetUserSid":"S-1-5-18","targetUserName":"SYSTEM","targetDomainName":"NT AUTHORITY","targetLogonId":"0x3e7","logonType":"5","logonProcessName":"Advapi","authenticationPackageName":"Negotiate","logonGuid":"{00000000-0000-0000-0000-000000000000}","keyLength":"0","processId":"0x360","processName":"C:\\\\Windows\\\\System32\\\\services.exe","impersonationLevel":"%%1833","virtualAccount":"%%1843","targetLinkedLogonId":"0x0","elevatedToken":"%%1842"}}},"location":"EventChannel"}
{"timestamp":"2025-11-30T18:36:00.179+0000","rule":{"level":3,"description":"Evidence of new service creation found in registry under HKLM\\\\System\\\\CurrentControlSet\\\\Services\\\\UdkUserSvc_7aef0\\\\ImagePath binary is: C:\\\\WINDOWS\\\\system32\\\\svchost.exe -k UdkSvcGroup","id":"92307","mitre":{"id":["T1543.003"],"tactic":["Persistence","Privilege Escalation"],"technique":["Windows Service"]},"firedtimes":20,"mail":false,"groups":["sysmon","sysmon_eid13_detections","windows"]},"agent":{"id":"002","name":"Windows","ip":"192.168.178.110"},"manager":{"name":"balanced-coonhound"},"id":"1764527760.124807","decoder":{"name":"windows_eventchannel"},"data":{"win":{"system":{"providerName":"Microsoft-Windows-Sysmon","providerGuid":"{5770385f-c22a-43e0-bf4c-06f5698ffbd9}","eventID":"13","version":"2","level":"4","task":"13","opcode":"0","keywords":"0x8000000000000000","systemTime":"2025-11-30T18:35:55.3386933Z","eventRecordID":"35976","processID":"3516","threadID":"4736","channel":"Microsoft-Windows-Sysmon/Operational","computer":"Windows","severityValue":"INFORMATION","message":"\"Registry value set:\r\nRuleName: T1031,T1050\r\nEventType: SetValue\r\nUtcTime: 2025-11-30 18:35:55.282\r\nProcessGuid: {de4d1a0f-8e76-692c-0b00-000000000d00}\r\nProcessId: 864\r\nImage: C:\\WINDOWS\\system32\\services.exe\r\nTargetObject: HKLM\\System\\CurrentControlSet\\Services\\UdkUserSvc_7aef0\\ImagePath\r\nDetails: C:\\WINDOWS\\system32\\svchost.exe -k UdkSvcGroup\r\nUser: NT AUTHORITY\\SYSTEM\""},"eventdata":{"ruleName":"T1031,T1050","eventType":"SetValue","utcTime":"2025-11-30 18:35:55.282","processGuid":"{de4d1a0f-8e76-692c-0b00-000000000d00}","processId":"864","image":"C:\\\\WINDOWS\\\\system32\\\\services.exe","targetObject":"HKLM\\\\System\\\\CurrentControlSet\\\\Services\\\\UdkUserSvc_7aef0\\\\ImagePath","details":"C:\\\\WINDOWS\\\\system32\\\\svchost.exe -k UdkSvcGroup","user":"NT AUTHORITY\\\\SYSTEM"}}},"location":"EventChannel"}
{"timestamp":"2025-11-30T18:36:00.470+0000","rule":{"level":3,"description":"Evidence of new service creation found in registry under HKLM\\\\System\\\\CurrentControlSet\\\\Services\\\\UnistoreSvc_7aef0\\\\ImagePath binary is: C:\\\\WINDOWS\\\\System32\\\\svchost.exe -k UnistackSvcGroup","id":"92307","mitre":{"id":["T1543.003"],"tactic":["Persistence","Privilege Escalation"],"technique":["Windows Service"]},"firedtimes":21,"mail":false,"groups":["sysmon","sysmon_eid13_detections","windows"]},"agent":{"id":"002","name":"Windows","ip":"192.168.178.110"},"manager":{"name":"balanced-coonhound"},"id":"1764527760.127803","decoder":{"name":"windows_eventchannel"},"data":{"win":{"system":{"providerName":"Microsoft-Windows-Sysmon","providerGuid":"{5770385f-c22a-43e0-bf4c-06f5698ffbd9}","eventID":"13","version":"2","level":"4","task":"13","opcode":"0","keywords":"0x8000000000000000","systemTime":"2025-11-30T18:35:55.3390033Z","eventRecordID":"35978","processID":"3516","threadID":"4736","channel":"Microsoft-Windows-Sysmon/Operational","computer":"Windows","severityValue":"INFORMATION","message":"\"Registry value set:\r\nRuleName: T1031,T1050\r\nEventType: SetValue\r\nUtcTime: 2025-11-30 18:35:55.282\r\nProcessGuid: {de4d1a0f-8e76-692c-0b00-000000000d00}\r\nProcessId: 864\r\nImage: C:\\WINDOWS\\system32\\services.exe\r\nTargetObject: HKLM\\System\\CurrentControlSet\\Services\\UnistoreSvc_7aef0\\ImagePath\r\nDetails: C:\\WINDOWS\\System32\\svchost.exe -k UnistackSvcGroup\r\nUser: NT AUTHORITY\\SYSTEM\""},"eventdata":{"ruleName":"T1031,T1050","eventType":"SetValue","utcTime":"2025-11-30 18:35:55.282","processGuid":"{de4d1a0f-8e76-692c-0b00-000000000d00}","processId":"864","image":"C:\\\\WINDOWS\\\\system32\\\\services.exe","targetObject":"HKLM\\\\System\\\\CurrentControlSet\\\\Services\\\\UnistoreSvc_7aef0\\\\ImagePath","details":"C:\\\\WINDOWS\\\\System32\\\\svchost.exe -k UnistackSvcGroup","user":"NT AUTHORITY\\\\SYSTEM"}}},"location":"EventChannel"}
{"timestamp":"2025-11-30T18:36:00.666+0000","rule":{"level":3,"description":"Evidence of new service creation found in registry under HKLM\\\\System\\\\CurrentControlSet\\\\Services\\\\UserDataSvc_7aef0\\\\ImagePath binary is: C:\\\\WINDOWS\\\\system32\\\\svchost.exe -k UnistackSvcGroup","id":"92307","mitre":{"id":["T1543.003"],"tactic":["Persistence","Privilege Escalation"],"technique":["Windows Service"]},"firedtimes":22,"mail":false,"groups":["sysmon","sysmon_eid13_detections","windows"]},"agent":{"id":"002","name":"Windows","ip":"192.168.178.110"},"manager":{"name":"balanced-coonhound"},"id":"1764527760.130829","decoder":{"name":"windows_eventchannel"},"data":{"win":{"system":{"providerName":"Microsoft-Windows-Sysmon","providerGuid":"{5770385f-c22a-43e0-bf4c-06f5698ffbd9}","eventID":"13","version":"2","level":"4","task":"13","opcode":"0","keywords":"0x8000000000000000","systemTime":"2025-11-30T18:35:55.3392933Z","eventRecordID":"35980","processID":"3516","threadID":"4736","channel":"Microsoft-Windows-Sysmon/Operational","computer":"Windows","severityValue":"INFORMATION","message":"\"Registry value set:\r\nRuleName: T1031,T1050\r\nEventType: SetValue\r\nUtcTime: 2025-11-30 18:35:55.282\r\nProcessGuid: {de4d1a0f-8e76-692c-0b00-000000000d00}\r\nProcessId: 864\r\nImage: C:\\WINDOWS\\system32\\services.exe\r\nTargetObject: HKLM\\System\\CurrentControlSet\\Services\\UserDataSvc_7aef0\\ImagePath\r\nDetails: C:\\WINDOWS\\system32\\svchost.exe -k UnistackSvcGroup\r\nUser: NT AUTHORITY\\SYSTEM\""},"eventdata":{"ruleName":"T1031,T1050","eventType":"SetValue","utcTime":"2025-11-30 18:35:55.282","processGuid":"{de4d1a0f-8e76-692c-0b00-000000000d00}","processId":"864","image":"C:\\\\WINDOWS\\\\system32\\\\services.exe","targetObject":"HKLM\\\\System\\\\CurrentControlSet\\\\Services\\\\UserDataSvc_7aef0\\\\ImagePath","details":"C:\\\\WINDOWS\\\\system32\\\\svchost.exe -k UnistackSvcGroup","user":"NT AUTHORITY\\\\SYSTEM"}}},"location":"EventChannel"}
{"timestamp":"2025-11-30T18:36:00.877+0000","rule":{"level":3,"description":"Evidence of new service creation found in registry under HKLM\\\\System\\\\CurrentControlSet\\\\Services\\\\webthreatdefusersvc_7aef0\\\\ImagePath binary is: C:\\\\WINDOWS\\\\system32\\\\svchost.exe -k LocalSystemNetworkRestricted -p","id":"92307","mitre":{"id":["T1543.003"],"tactic":["Persistence","Privilege Escalation"],"technique":["Windows Service"]},"firedtimes":23,"mail":false,"groups":["sysmon","sysmon_eid13_detections","windows"]},"agent":{"id":"002","name":"Windows","ip":"192.168.178.110"},"manager":{"name":"balanced-coonhound"},"id":"1764527760.133855","decoder":{"name":"windows_eventchannel"},"data":{"win":{"system":{"providerName":"Microsoft-Windows-Sysmon","providerGuid":"{5770385f-c22a-43e0-bf4c-06f5698ffbd9}","eventID":"13","version":"2","level":"4","task":"13","opcode":"0","keywords":"0x8000000000000000","systemTime":"2025-11-30T18:35:55.3396473Z","eventRecordID":"35982","processID":"3516","threadID":"4736","channel":"Microsoft-Windows-Sysmon/Operational","computer":"Windows","severityValue":"INFORMATION","message":"\"Registry value set:\r\nRuleName: T1031,T1050\r\nEventType: SetValue\r\nUtcTime: 2025-11-30 18:35:55.282\r\nProcessGuid: {de4d1a0f-8e76-692c-0b00-000000000d00}\r\nProcessId: 864\r\nImage: C:\\WINDOWS\\system32\\services.exe\r\nTargetObject: HKLM\\System\\CurrentControlSet\\Services\\webthreatdefusersvc_7aef0\\ImagePath\r\nDetails: C:\\WINDOWS\\system32\\svchost.exe -k LocalSystemNetworkRestricted -p\r\nUser: NT AUTHORITY\\SYSTEM\""},"eventdata":{"ruleName":"T1031,T1050","eventType":"SetValue","utcTime":"2025-11-30 18:35:55.282","processGuid":"{de4d1a0f-8e76-692c-0b00-000000000d00}","processId":"864","image":"C:\\\\WINDOWS\\\\system32\\\\services.exe","targetObject":"HKLM\\\\System\\\\CurrentControlSet\\\\Services\\\\webthreatdefusersvc_7aef0\\\\ImagePath","details":"C:\\\\WINDOWS\\\\system32\\\\svchost.exe -k LocalSystemNetworkRestricted -p","user":"NT AUTHORITY\\\\SYSTEM"}}},"location":"EventChannel"}
{"timestamp":"2025-11-30T18:36:01.139+0000","rule":{"level":3,"description":"Evidence of new service creation found in registry under HKLM\\\\System\\\\CurrentControlSet\\\\Services\\\\WpnUserService_7aef0\\\\ImagePath binary is: C:\\\\WINDOWS\\\\system32\\\\svchost.exe -k UnistackSvcGroup","id":"92307","mitre":{"id":["T1543.003"],"tactic":["Persistence","Privilege Escalation"],"technique":["Windows Service"]},"firedtimes":24,"mail":false,"groups":["sysmon","sysmon_eid13_detections","windows"]},"agent":{"id":"002","name":"Windows","ip":"192.168.178.110"},"manager":{"name":"balanced-coonhound"},"id":"1764527761.136996","decoder":{"name":"windows_eventchannel"},"data":{"win":{"system":{"providerName":"Microsoft-Windows-Sysmon","providerGuid":"{5770385f-c22a-43e0-bf4c-06f5698ffbd9}","eventID":"13","version":"2","level":"4","task":"13","opcode":"0","keywords":"0x8000000000000000","systemTime":"2025-11-30T18:35:55.3402691Z","eventRecordID":"35984","processID":"3516","threadID":"4736","channel":"Microsoft-Windows-Sysmon/Operational","computer":"Windows","severityValue":"INFORMATION","message":"\"Registry value set:\r\nRuleName: T1031,T1050\r\nEventType: SetValue\r\nUtcTime: 2025-11-30 18:35:55.288\r\nProcessGuid: {de4d1a0f-8e76-692c-0b00-000000000d00}\r\nProcessId: 864\r\nImage: C:\\WINDOWS\\system32\\services.exe\r\nTargetObject: HKLM\\System\\CurrentControlSet\\Services\\WpnUserService_7aef0\\ImagePath\r\nDetails: C:\\WINDOWS\\system32\\svchost.exe -k UnistackSvcGroup\r\nUser: NT AUTHORITY\\SYSTEM\""},"eventdata":{"ruleName":"T1031,T1050","eventType":"SetValue","utcTime":"2025-11-30 18:35:55.288","processGuid":"{de4d1a0f-8e76-692c-0b00-000000000d00}","processId":"864","image":"C:\\\\WINDOWS\\\\system32\\\\services.exe","targetObject":"HKLM\\\\System\\\\CurrentControlSet\\\\Services\\\\WpnUserService_7aef0\\\\ImagePath","details":"C:\\\\WINDOWS\\\\system32\\\\svchost.exe -k UnistackSvcGroup","user":"NT AUTHORITY\\\\SYSTEM"}}},"location":"EventChannel"}
{"timestamp":"2025-11-30T18:36:03.407+0000","rule":{"level":3,"description":"Windows logon success.","id":"60106","mitre":{"id":["T1078"],"tactic":["Defense Evasion","Persistence","Privilege Escalation","Initial Access"],"technique":["Valid Accounts"]},"firedtimes":6,"mail":false,"groups":["windows","windows_security","authentication_success"],"gdpr":["IV_32.2"],"gpg13":["7.1","7.2"],"hipaa":["164.312.b"],"nist_800_53":["AC.7","AU.14"],"pci_dss":["10.2.5"],"tsc":["CC6.8","CC7.2","CC7.3"]},"agent":{"id":"002","name":"Windows","ip":"192.168.178.110"},"manager":{"name":"balanced-coonhound"},"id":"1764527763.140037","decoder":{"name":"windows_eventchannel"},"data":{"win":{"system":{"providerName":"Microsoft-Windows-Security-Auditing","providerGuid":"{54849625-5478-4994-a5ba-3e3b0328c30d}","eventID":"4624","version":"3","level":"0","task":"12544","opcode":"0","keywords":"0x8020000000000000","systemTime":"2025-11-30T18:36:03.3584406Z","eventRecordID":"20414","processID":"884","threadID":"972","channel":"Security","computer":"Windows","severityValue":"AUDIT_SUCCESS","message":"\"An account was successfully logged on.\r\n\r\nSubject:\r\n\tSecurity ID:\t\tS-1-5-18\r\n\tAccount Name:\t\tWINDOWS$\r\n\tAccount Domain:\t\tWORKGROUP\r\n\tLogon ID:\t\t0x3E7\r\n\r\nLogon Information:\r\n\tLogon Type:\t\t5\r\n\tRestricted Admin Mode:\t-\r\n\tRemote Credential Guard:\t-\r\n\tVirtual Account:\t\tNo\r\n\tElevated Token:\t\tYes\r\n\r\nImpersonation Level:\t\tImpersonation\r\n\r\nNew Logon:\r\n\tSecurity ID:\t\tS-1-5-18\r\n\tAccount Name:\t\tSYSTEM\r\n\tAccount Domain:\t\tNT AUTHORITY\r\n\tLogon ID:\t\t0x3E7\r\n\tLinked Logon ID:\t\t0x0\r\n\tNetwork Account Name:\t-\r\n\tNetwork Account Domain:\t-\r\n\tLogon GUID:\t\t{00000000-0000-0000-0000-000000000000}\r\n\r\nProcess Information:\r\n\tProcess ID:\t\t0x360\r\n\tProcess Name:\t\tC:\\Windows\\System32\\services.exe\r\n\r\nNetwork Information:\r\n\tWorkstation Name:\t-\r\n\tSource Network Address:\t-\r\n\tSource Port:\t\t-\r\n\r\nDetailed Authentication Information:\r\n\tLogon Process:\t\tAdvapi  \r\n\tAuthentication Package:\tNegotiate\r\n\tTransited Services:\t-\r\n\tPackage Name (NTLM only):\t-\r\n\tKey Length:\t\t0\r\n\r\nThis event is generated when a logon session is created. It is generated on the computer that was accessed.\r\n\r\nThe subject fields indicate the account on the local system which requested the logon. This is most commonly a service such as the Server service, or a local process such as Winlogon.exe or Services.exe.\r\n\r\nThe logon type field indicates the kind of logon that occurred. The most common types are 2 (interactive) and 3 (network).\r\n\r\nThe New Logon fields indicate the account for whom the new logon was created, i.e. the account that was logged on.\r\n\r\nThe network fields indicate where a remote logon request originated. Workstation name is not always available and may be left blank in some cases.\r\n\r\nThe impersonation level field indicates the extent to which a process in the logon session can impersonate.\r\n\r\nThe authentication information fields provide detailed information about this specific logon request.\r\n\t- Logon GUID is a unique identifier that can be used to correlate this event with a KDC event.\r\n\t- Transited services indicate which intermediate services have participated in this logon request.\r\n\t- Package name indicates which sub-protocol was used among the NTLM protocols.\r\n\t- Key length indicates the length of the generated session key. This will be 0 if no session key was requested.\""},"eventdata":{"subjectUserSid":"S-1-5-18","subjectUserName":"WINDOWS$","subjectDomainName":"WORKGROUP","subjectLogonId":"0x3e7","targetUserSid":"S-1-5-18","targetUserName":"SYSTEM","targetDomainName":"NT AUTHORITY","targetLogonId":"0x3e7","logonType":"5","logonProcessName":"Advapi","authenticationPackageName":"Negotiate","logonGuid":"{00000000-0000-0000-0000-000000000000}","keyLength":"0","processId":"0x360","processName":"C:\\\\Windows\\\\System32\\\\services.exe","impersonationLevel":"%%1833","virtualAccount":"%%1843","targetLinkedLogonId":"0x0","elevatedToken":"%%1842"}}},"location":"EventChannel"}
{"timestamp":"2025-11-30T18:36:06.095+0000","rule":{"level":3,"description":"The Windows search service started.","id":"60668","firedtimes":1,"mail":false,"groups":["windows","windows_application"]},"agent":{"id":"002","name":"Windows","ip":"192.168.178.110"},"manager":{"name":"balanced-coonhound"},"id":"1764527766.147364","decoder":{"name":"windows_eventchannel"},"data":{"win":{"system":{"providerName":"Microsoft-Windows-Search","providerGuid":"{CA4E628D-8567-4896-AB6B-835B221F373F}","eventSourceName":"Windows Search Service","eventID":"1003","version":"0","level":"4","task":"1","opcode":"0","keywords":"0x80000000000000","systemTime":"2025-11-30T18:36:07.5215107Z","eventRecordID":"787","processID":"6412","threadID":"0","channel":"Application","computer":"Windows","severityValue":"INFORMATION","message":"\"The Windows Search Service started.\n\""},"eventdata":{"extraInfo":" "}}},"location":"EventChannel"}
